2018-10-31 11:43:39,179 -> BFEandPFlockRunner.py has started...
2018-10-31 11:43:39,179 -> Iteration Epsilon=70, Mu=15 and Delta=6 has started...
python3 -u runBFEandPFlock.py -p Datasets/Berlin/ -i berlin0-9 -e 70 -m 15 -d 6
python3: can't open file 'runBFEandPFlock.py': [Errno 2] No such file or directory
2018-10-31 11:43:39,223 -> Iteration Epsilon=70, Mu=15 and Delta=6 has ended...
2018-10-31 11:43:39,223 -> Iteration Epsilon=80, Mu=15 and Delta=6 has started...
python3 -u runBFEandPFlock.py -p Datasets/Berlin/ -i berlin0-9 -e 80 -m 15 -d 6
python3: can't open file 'runBFEandPFlock.py': [Errno 2] No such file or directory
2018-10-31 11:43:39,259 -> Iteration Epsilon=80, Mu=15 and Delta=6 has ended...
2018-10-31 11:43:39,259 -> Iteration Epsilon=90, Mu=15 and Delta=6 has started...
python3 -u runBFEandPFlock.py -p Datasets/Berlin/ -i berlin0-9 -e 90 -m 15 -d 6
python3: can't open file 'runBFEandPFlock.py': [Errno 2] No such file or directory
2018-10-31 11:43:39,291 -> Iteration Epsilon=90, Mu=15 and Delta=6 has ended...
2018-10-31 11:43:39,291 -> Iteration Epsilon=100, Mu=15 and Delta=6 has started...
python3 -u runBFEandPFlock.py -p Datasets/Berlin/ -i berlin0-9 -e 100 -m 15 -d 6
python3: can't open file 'runBFEandPFlock.py': [Errno 2] No such file or directory
2018-10-31 11:43:39,321 -> Iteration Epsilon=100, Mu=15 and Delta=6 has ended...
2018-10-31 11:43:39,321 -> Iteration Epsilon=110, Mu=15 and Delta=6 has started...
python3 -u runBFEandPFlock.py -p Datasets/Berlin/ -i berlin0-9 -e 110 -m 15 -d 6
python3: can't open file 'runBFEandPFlock.py': [Errno 2] No such file or directory
2018-10-31 11:43:39,348 -> Iteration Epsilon=110, Mu=15 and Delta=6 has ended...
2018-10-31 11:43:39,348 -> BFEandPFlockRunner.py has finished.
2018-10-31 11:43:39,349 -> Run 'grep " vs " nohup.out' to see the results...
