2018-09-05 07:08:07,564 -> LOG Extracting datasets...
2018-09-05 07:08:07,810 -> LOG Done!!!
2018-09-05 07:08:07,811 -> LOG Running LCMuno...
0.00user 0.00system 0:00.00elapsed 80%CPU (0avgtext+0avgdata 1944maxresident)k
0inputs+8outputs (0major+214minor)pagefaults 0swaps
2018-09-05 07:08:07,818 -> LOG Done!!!
2018-09-05 07:08:07,818 -> LOG Sorting LCMuno output...
2018-09-05 07:08:07,819 -> LOG Done!!!
2018-09-05 07:08:07,819 -> LOG Running LCMand...
2.19user 0.06system 0:00.89elapsed 251%CPU (0avgtext+0avgdata 77404maxresident)k
0inputs+80outputs (0major+18771minor)pagefaults 0swaps
2018-09-05 07:08:08,716 -> LOG Done!!!
2018-09-05 07:08:08,717 -> LOG Sorting files...
2018-09-05 07:08:08,721 -> LOG Done!!!
2018-09-05 07:08:08,722 -> LOG Applying Diff...
Files /home/and/Documents/PhD/Research//Validation/LCM_max/output/LCM_uno_sort_0.txt and /home/and/Documents/PhD/Research//Validation/LCM_max/output/LCM_and_sort_0.txt are identical
2018-09-05 07:08:08,724 -> LOG Done!!!
2018-09-05 07:08:08,725 -> LOG Running LCMuno...
0.00user 0.00system 0:00.00elapsed 80%CPU (0avgtext+0avgdata 1972maxresident)k
0inputs+8outputs (0major+217minor)pagefaults 0swaps
2018-09-05 07:08:08,733 -> LOG Done!!!
2018-09-05 07:08:08,733 -> LOG Sorting LCMuno output...
2018-09-05 07:08:08,734 -> LOG Done!!!
2018-09-05 07:08:08,734 -> LOG Running LCMand...
2.26user 0.06system 0:00.92elapsed 252%CPU (0avgtext+0avgdata 76876maxresident)k
0inputs+80outputs (0major+18382minor)pagefaults 0swaps
2018-09-05 07:08:09,660 -> LOG Done!!!
2018-09-05 07:08:09,660 -> LOG Sorting files...
2018-09-05 07:08:09,664 -> LOG Done!!!
2018-09-05 07:08:09,665 -> LOG Applying Diff...
Files /home/and/Documents/PhD/Research//Validation/LCM_max/output/LCM_uno_sort_1.txt and /home/and/Documents/PhD/Research//Validation/LCM_max/output/LCM_and_sort_1.txt are identical
2018-09-05 07:08:09,667 -> LOG Done!!!
2018-09-05 07:08:09,667 -> LOG Running LCMuno...
0.00user 0.00system 0:00.00elapsed 80%CPU (0avgtext+0avgdata 1956maxresident)k
0inputs+8outputs (0major+186minor)pagefaults 0swaps
2018-09-05 07:08:09,676 -> LOG Done!!!
2018-09-05 07:08:09,676 -> LOG Sorting LCMuno output...
2018-09-05 07:08:09,677 -> LOG Done!!!
2018-09-05 07:08:09,677 -> LOG Running LCMand...
1.62user 0.05system 0:00.72elapsed 231%CPU (0avgtext+0avgdata 62672maxresident)k
0inputs+80outputs (0major+13923minor)pagefaults 0swaps
2018-09-05 07:08:10,407 -> LOG Done!!!
2018-09-05 07:08:10,407 -> LOG Sorting files...
2018-09-05 07:08:10,412 -> LOG Done!!!
2018-09-05 07:08:10,412 -> LOG Applying Diff...
Files /home/and/Documents/PhD/Research//Validation/LCM_max/output/LCM_uno_sort_2.txt and /home/and/Documents/PhD/Research//Validation/LCM_max/output/LCM_and_sort_2.txt are identical
2018-09-05 07:08:10,414 -> LOG Done!!!
2018-09-05 07:08:10,415 -> LOG Running LCMuno...
0.00user 0.00system 0:00.00elapsed 100%CPU (0avgtext+0avgdata 1960maxresident)k
0inputs+8outputs (0major+191minor)pagefaults 0swaps
2018-09-05 07:08:10,421 -> LOG Done!!!
2018-09-05 07:08:10,422 -> LOG Sorting LCMuno output...
2018-09-05 07:08:10,447 -> LOG Done!!!
2018-09-05 07:08:10,447 -> LOG Running LCMand...
1.37user 0.04system 0:00.62elapsed 228%CPU (0avgtext+0avgdata 56900maxresident)k
0inputs+80outputs (0major+11756minor)pagefaults 0swaps
2018-09-05 07:08:11,073 -> LOG Done!!!
2018-09-05 07:08:11,073 -> LOG Sorting files...
2018-09-05 07:08:11,078 -> LOG Done!!!
2018-09-05 07:08:11,078 -> LOG Applying Diff...
Files /home/and/Documents/PhD/Research//Validation/LCM_max/output/LCM_uno_sort_3.txt and /home/and/Documents/PhD/Research//Validation/LCM_max/output/LCM_and_sort_3.txt are identical
2018-09-05 07:08:11,080 -> LOG Done!!!
2018-09-05 07:08:11,081 -> LOG Running LCMuno...
0.00user 0.00system 0:00.00elapsed 80%CPU (0avgtext+0avgdata 1888maxresident)k
0inputs+8outputs (0major+207minor)pagefaults 0swaps
2018-09-05 07:08:11,088 -> LOG Done!!!
2018-09-05 07:08:11,089 -> LOG Sorting LCMuno output...
2018-09-05 07:08:11,090 -> LOG Done!!!
2018-09-05 07:08:11,090 -> LOG Running LCMand...
2.71user 0.10system 0:01.09elapsed 257%CPU (0avgtext+0avgdata 83916maxresident)k
0inputs+80outputs (0major+19659minor)pagefaults 0swaps
2018-09-05 07:08:12,189 -> LOG Done!!!
2018-09-05 07:08:12,189 -> LOG Sorting files...
2018-09-05 07:08:12,194 -> LOG Done!!!
2018-09-05 07:08:12,194 -> LOG Applying Diff...
Files /home/and/Documents/PhD/Research//Validation/LCM_max/output/LCM_uno_sort_4.txt and /home/and/Documents/PhD/Research//Validation/LCM_max/output/LCM_and_sort_4.txt are identical
2018-09-05 07:08:12,197 -> LOG Done!!!
2018-09-05 07:08:12,197 -> LOG Running LCMuno...
0.01user 0.00system 0:00.02elapsed 95%CPU (0avgtext+0avgdata 1956maxresident)k
0inputs+8outputs (0major+212minor)pagefaults 0swaps
2018-09-05 07:08:12,221 -> LOG Done!!!
2018-09-05 07:08:12,221 -> LOG Sorting LCMuno output...
2018-09-05 07:08:12,223 -> LOG Done!!!
2018-09-05 07:08:12,223 -> LOG Running LCMand...
20.10user 0.16system 0:16.34elapsed 124%CPU (0avgtext+0avgdata 155576maxresident)k
0inputs+80outputs (0major+40679minor)pagefaults 0swaps
2018-09-05 07:08:28,570 -> LOG Done!!!
2018-09-05 07:08:28,571 -> LOG Sorting files...
2018-09-05 07:08:28,575 -> LOG Done!!!
2018-09-05 07:08:28,575 -> LOG Applying Diff...
Files /home/and/Documents/PhD/Research//Validation/LCM_max/output/LCM_uno_sort_5.txt and /home/and/Documents/PhD/Research//Validation/LCM_max/output/LCM_and_sort_5.txt are identical
2018-09-05 07:08:28,577 -> LOG Done!!!
2018-09-05 07:08:28,577 -> LOG Running LCMuno...
0.01user 0.00system 0:00.01elapsed 100%CPU (0avgtext+0avgdata 2208maxresident)k
0inputs+8outputs (0major+235minor)pagefaults 0swaps
2018-09-05 07:08:28,596 -> LOG Done!!!
2018-09-05 07:08:28,596 -> LOG Sorting LCMuno output...
2018-09-05 07:08:28,597 -> LOG Done!!!
2018-09-05 07:08:28,597 -> LOG Running LCMand...
20.52user 0.19system 0:15.86elapsed 130%CPU (0avgtext+0avgdata 156336maxresident)k
0inputs+80outputs (0major+42257minor)pagefaults 0swaps
2018-09-05 07:08:44,463 -> LOG Done!!!
2018-09-05 07:08:44,463 -> LOG Sorting files...
2018-09-05 07:08:44,472 -> LOG Done!!!
2018-09-05 07:08:44,472 -> LOG Applying Diff...
Files /home/and/Documents/PhD/Research//Validation/LCM_max/output/LCM_uno_sort_6.txt and /home/and/Documents/PhD/Research//Validation/LCM_max/output/LCM_and_sort_6.txt are identical
2018-09-05 07:08:44,475 -> LOG Done!!!
2018-09-05 07:08:44,475 -> LOG Running LCMuno...
0.01user 0.00system 0:00.02elapsed 100%CPU (0avgtext+0avgdata 2108maxresident)k
0inputs+8outputs (0major+207minor)pagefaults 0swaps
2018-09-05 07:08:44,499 -> LOG Done!!!
2018-09-05 07:08:44,499 -> LOG Sorting LCMuno output...
2018-09-05 07:08:44,500 -> LOG Done!!!
2018-09-05 07:08:44,500 -> LOG Running LCMand...
12.83user 0.15system 0:08.58elapsed 151%CPU (0avgtext+0avgdata 154152maxresident)k
0inputs+80outputs (0major+41188minor)pagefaults 0swaps
2018-09-05 07:08:53,089 -> LOG Done!!!
2018-09-05 07:08:53,089 -> LOG Sorting files...
2018-09-05 07:08:53,094 -> LOG Done!!!
2018-09-05 07:08:53,094 -> LOG Applying Diff...
Files /home/and/Documents/PhD/Research//Validation/LCM_max/output/LCM_uno_sort_7.txt and /home/and/Documents/PhD/Research//Validation/LCM_max/output/LCM_and_sort_7.txt are identical
2018-09-05 07:08:53,097 -> LOG Done!!!
2018-09-05 07:08:53,097 -> LOG Running LCMuno...
0.01user 0.00system 0:00.01elapsed 100%CPU (0avgtext+0avgdata 1952maxresident)k
0inputs+8outputs (0major+196minor)pagefaults 0swaps
2018-09-05 07:08:53,119 -> LOG Done!!!
2018-09-05 07:08:53,120 -> LOG Sorting LCMuno output...
2018-09-05 07:08:53,122 -> LOG Done!!!
2018-09-05 07:08:53,122 -> LOG Running LCMand...
44.82user 0.27system 0:40.58elapsed 111%CPU (0avgtext+0avgdata 164420maxresident)k
0inputs+120outputs (0major+45731minor)pagefaults 0swaps
2018-09-05 07:09:33,712 -> LOG Done!!!
2018-09-05 07:09:33,712 -> LOG Sorting files...
2018-09-05 07:09:33,716 -> LOG Done!!!
2018-09-05 07:09:33,716 -> LOG Applying Diff...
Files /home/and/Documents/PhD/Research//Validation/LCM_max/output/LCM_uno_sort_8.txt and /home/and/Documents/PhD/Research//Validation/LCM_max/output/LCM_and_sort_8.txt are identical
2018-09-05 07:09:33,718 -> LOG Done!!!
2018-09-05 07:09:33,718 -> LOG Running LCMuno...
0.01user 0.00system 0:00.01elapsed 100%CPU (0avgtext+0avgdata 2000maxresident)k
0inputs+8outputs (0major+215minor)pagefaults 0swaps
2018-09-05 07:09:33,737 -> LOG Done!!!
2018-09-05 07:09:33,737 -> LOG Sorting LCMuno output...
2018-09-05 07:09:33,739 -> LOG Done!!!
2018-09-05 07:09:33,739 -> LOG Running LCMand...
46.62user 0.23system 0:41.94elapsed 111%CPU (0avgtext+0avgdata 158696maxresident)k
0inputs+112outputs (0major+44525minor)pagefaults 0swaps
2018-09-05 07:10:15,691 -> LOG Done!!!
2018-09-05 07:10:15,692 -> LOG Sorting files...
2018-09-05 07:10:15,697 -> LOG Done!!!
2018-09-05 07:10:15,698 -> LOG Applying Diff...
Files /home/and/Documents/PhD/Research//Validation/LCM_max/output/LCM_uno_sort_9.txt and /home/and/Documents/PhD/Research//Validation/LCM_max/output/LCM_and_sort_9.txt are identical
2018-09-05 07:10:15,700 -> LOG Done!!!
2018-09-05 07:10:15,700 -> LOG Running LCMuno...
0.01user 0.00system 0:00.01elapsed 94%CPU (0avgtext+0avgdata 2012maxresident)k
0inputs+8outputs (0major+196minor)pagefaults 0swaps
2018-09-05 07:10:15,721 -> LOG Done!!!
2018-09-05 07:10:15,722 -> LOG Sorting LCMuno output...
2018-09-05 07:10:15,724 -> LOG Done!!!
2018-09-05 07:10:15,724 -> LOG Running LCMand...
47.06user 0.25system 0:42.01elapsed 112%CPU (0avgtext+0avgdata 156344maxresident)k
8inputs+120outputs (0major+43381minor)pagefaults 0swaps
2018-09-05 07:10:57,740 -> LOG Done!!!
2018-09-05 07:10:57,741 -> LOG Sorting files...
2018-09-05 07:10:57,746 -> LOG Done!!!
2018-09-05 07:10:57,746 -> LOG Applying Diff...
Files /home/and/Documents/PhD/Research//Validation/LCM_max/output/LCM_uno_sort_10.txt and /home/and/Documents/PhD/Research//Validation/LCM_max/output/LCM_and_sort_10.txt are identical
2018-09-05 07:10:57,749 -> LOG Done!!!
2018-09-05 07:10:57,750 -> LOG Running LCMuno...
0.01user 0.00system 0:00.01elapsed 100%CPU (0avgtext+0avgdata 1968maxresident)k
0inputs+8outputs (0major+193minor)pagefaults 0swaps
2018-09-05 07:10:57,773 -> LOG Done!!!
2018-09-05 07:10:57,774 -> LOG Sorting LCMuno output...
2018-09-05 07:10:57,776 -> LOG Done!!!
2018-09-05 07:10:57,776 -> LOG Running LCMand...
46.18user 0.26system 0:41.83elapsed 111%CPU (0avgtext+0avgdata 152736maxresident)k
0inputs+120outputs (0major+42808minor)pagefaults 0swaps
2018-09-05 07:11:39,612 -> LOG Done!!!
2018-09-05 07:11:39,612 -> LOG Sorting files...
2018-09-05 07:11:39,617 -> LOG Done!!!
2018-09-05 07:11:39,617 -> LOG Applying Diff...
Files /home/and/Documents/PhD/Research//Validation/LCM_max/output/LCM_uno_sort_11.txt and /home/and/Documents/PhD/Research//Validation/LCM_max/output/LCM_and_sort_11.txt are identical
2018-09-05 07:11:39,620 -> LOG Done!!!
2018-09-05 07:11:39,620 -> LOG Running LCMuno...
0.02user 0.00system 0:00.02elapsed 96%CPU (0avgtext+0avgdata 2008maxresident)k
0inputs+16outputs (0major+187minor)pagefaults 0swaps
2018-09-05 07:11:39,650 -> LOG Done!!!
2018-09-05 07:11:39,651 -> LOG Sorting LCMuno output...
2018-09-05 07:11:39,653 -> LOG Done!!!
2018-09-05 07:11:39,653 -> LOG Running LCMand...
45.12user 0.19system 0:40.75elapsed 111%CPU (0avgtext+0avgdata 156752maxresident)k
0inputs+128outputs (0major+44269minor)pagefaults 0swaps
2018-09-05 07:12:20,415 -> LOG Done!!!
2018-09-05 07:12:20,415 -> LOG Sorting files...
2018-09-05 07:12:20,419 -> LOG Done!!!
2018-09-05 07:12:20,420 -> LOG Applying Diff...
Files /home/and/Documents/PhD/Research//Validation/LCM_max/output/LCM_uno_sort_12.txt and /home/and/Documents/PhD/Research//Validation/LCM_max/output/LCM_and_sort_12.txt are identical
2018-09-05 07:12:20,422 -> LOG Done!!!
2018-09-05 07:12:20,422 -> LOG Running LCMuno...
0.02user 0.00system 0:00.02elapsed 100%CPU (0avgtext+0avgdata 2000maxresident)k
0inputs+16outputs (0major+220minor)pagefaults 0swaps
2018-09-05 07:12:20,447 -> LOG Done!!!
2018-09-05 07:12:20,447 -> LOG Sorting LCMuno output...
2018-09-05 07:12:20,450 -> LOG Done!!!
2018-09-05 07:12:20,450 -> LOG Running LCMand...
43.48user 0.27system 0:39.90elapsed 109%CPU (0avgtext+0avgdata 145268maxresident)k
0inputs+120outputs (0major+39275minor)pagefaults 0swaps
2018-09-05 07:13:00,356 -> LOG Done!!!
2018-09-05 07:13:00,357 -> LOG Sorting files...
2018-09-05 07:13:00,367 -> LOG Done!!!
2018-09-05 07:13:00,367 -> LOG Applying Diff...
Files /home/and/Documents/PhD/Research//Validation/LCM_max/output/LCM_uno_sort_13.txt and /home/and/Documents/PhD/Research//Validation/LCM_max/output/LCM_and_sort_13.txt are identical
2018-09-05 07:13:00,370 -> LOG Done!!!
2018-09-05 07:13:00,370 -> LOG Running LCMuno...
0.00user 0.00system 0:00.00elapsed 100%CPU (0avgtext+0avgdata 2104maxresident)k
0inputs+8outputs (0major+215minor)pagefaults 0swaps
2018-09-05 07:13:00,381 -> LOG Done!!!
2018-09-05 07:13:00,381 -> LOG Sorting LCMuno output...
2018-09-05 07:13:00,382 -> LOG Done!!!
2018-09-05 07:13:00,382 -> LOG Running LCMand...
2.38user 0.10system 0:00.97elapsed 254%CPU (0avgtext+0avgdata 75120maxresident)k
0inputs+80outputs (0major+18479minor)pagefaults 0swaps
2018-09-05 07:13:01,364 -> LOG Done!!!
2018-09-05 07:13:01,365 -> LOG Sorting files...
2018-09-05 07:13:01,370 -> LOG Done!!!
2018-09-05 07:13:01,370 -> LOG Applying Diff...
Files /home/and/Documents/PhD/Research//Validation/LCM_max/output/LCM_uno_sort_14.txt and /home/and/Documents/PhD/Research//Validation/LCM_max/output/LCM_and_sort_14.txt are identical
2018-09-05 07:13:01,373 -> LOG Done!!!
2018-09-05 07:13:01,373 -> LOG Running LCMuno...
0.00user 0.00system 0:00.00elapsed 100%CPU (0avgtext+0avgdata 2028maxresident)k
0inputs+8outputs (0major+200minor)pagefaults 0swaps
2018-09-05 07:13:01,381 -> LOG Done!!!
2018-09-05 07:13:01,381 -> LOG Sorting LCMuno output...
2018-09-05 07:13:01,382 -> LOG Done!!!
2018-09-05 07:13:01,382 -> LOG Running LCMand...
2.01user 0.07system 0:00.85elapsed 246%CPU (0avgtext+0avgdata 75284maxresident)k
0inputs+80outputs (0major+17440minor)pagefaults 0swaps
2018-09-05 07:13:02,235 -> LOG Done!!!
2018-09-05 07:13:02,235 -> LOG Sorting files...
2018-09-05 07:13:02,239 -> LOG Done!!!
2018-09-05 07:13:02,240 -> LOG Applying Diff...
Files /home/and/Documents/PhD/Research//Validation/LCM_max/output/LCM_uno_sort_15.txt and /home/and/Documents/PhD/Research//Validation/LCM_max/output/LCM_and_sort_15.txt are identical
2018-09-05 07:13:02,242 -> LOG Done!!!
2018-09-05 07:13:02,242 -> LOG Running LCMuno...
0.00user 0.00system 0:00.00elapsed 100%CPU (0avgtext+0avgdata 1968maxresident)k
0inputs+8outputs (0major+184minor)pagefaults 0swaps
2018-09-05 07:13:02,249 -> LOG Done!!!
2018-09-05 07:13:02,249 -> LOG Sorting LCMuno output...
2018-09-05 07:13:02,250 -> LOG Done!!!
2018-09-05 07:13:02,250 -> LOG Running LCMand...
2.32user 0.05system 0:00.95elapsed 250%CPU (0avgtext+0avgdata 78084maxresident)k
0inputs+80outputs (0major+19053minor)pagefaults 0swaps
2018-09-05 07:13:03,205 -> LOG Done!!!
2018-09-05 07:13:03,205 -> LOG Sorting files...
2018-09-05 07:13:03,211 -> LOG Done!!!
2018-09-05 07:13:03,211 -> LOG Applying Diff...
Files /home/and/Documents/PhD/Research//Validation/LCM_max/output/LCM_uno_sort_16.txt and /home/and/Documents/PhD/Research//Validation/LCM_max/output/LCM_and_sort_16.txt are identical
2018-09-05 07:13:03,214 -> LOG Done!!!
2018-09-05 07:13:03,214 -> LOG Running LCMuno...
0.00user 0.00system 0:00.00elapsed 100%CPU (0avgtext+0avgdata 1964maxresident)k
0inputs+8outputs (0major+211minor)pagefaults 0swaps
2018-09-05 07:13:03,225 -> LOG Done!!!
2018-09-05 07:13:03,225 -> LOG Sorting LCMuno output...
2018-09-05 07:13:03,227 -> LOG Done!!!
2018-09-05 07:13:03,227 -> LOG Running LCMand...
2.62user 0.06system 0:01.04elapsed 257%CPU (0avgtext+0avgdata 77048maxresident)k
0inputs+80outputs (0major+18590minor)pagefaults 0swaps
2018-09-05 07:13:04,277 -> LOG Done!!!
2018-09-05 07:13:04,278 -> LOG Sorting files...
2018-09-05 07:13:04,282 -> LOG Done!!!
2018-09-05 07:13:04,283 -> LOG Applying Diff...
Files /home/and/Documents/PhD/Research//Validation/LCM_max/output/LCM_uno_sort_17.txt and /home/and/Documents/PhD/Research//Validation/LCM_max/output/LCM_and_sort_17.txt are identical
2018-09-05 07:13:04,285 -> LOG Done!!!
2018-09-05 07:13:04,285 -> LOG Running LCMuno...
0.00user 0.00system 0:00.00elapsed 100%CPU (0avgtext+0avgdata 2180maxresident)k
0inputs+8outputs (0major+223minor)pagefaults 0swaps
2018-09-05 07:13:04,295 -> LOG Done!!!
2018-09-05 07:13:04,296 -> LOG Sorting LCMuno output...
2018-09-05 07:13:04,297 -> LOG Done!!!
2018-09-05 07:13:04,297 -> LOG Running LCMand...
2.79user 0.08system 0:01.16elapsed 247%CPU (0avgtext+0avgdata 93372maxresident)k
0inputs+80outputs (0major+22384minor)pagefaults 0swaps
2018-09-05 07:13:05,464 -> LOG Done!!!
2018-09-05 07:13:05,464 -> LOG Sorting files...
2018-09-05 07:13:05,473 -> LOG Done!!!
2018-09-05 07:13:05,473 -> LOG Applying Diff...
Files /home/and/Documents/PhD/Research//Validation/LCM_max/output/LCM_uno_sort_18.txt and /home/and/Documents/PhD/Research//Validation/LCM_max/output/LCM_and_sort_18.txt are identical
2018-09-05 07:13:05,476 -> LOG Done!!!
2018-09-05 07:13:05,476 -> LOG Running LCMuno...
0.01user 0.00system 0:00.01elapsed 100%CPU (0avgtext+0avgdata 1956maxresident)k
0inputs+8outputs (0major+213minor)pagefaults 0swaps
2018-09-05 07:13:05,494 -> LOG Done!!!
2018-09-05 07:13:05,494 -> LOG Sorting LCMuno output...
2018-09-05 07:13:05,495 -> LOG Done!!!
2018-09-05 07:13:05,495 -> LOG Running LCMand...
19.10user 0.18system 0:15.79elapsed 122%CPU (0avgtext+0avgdata 140148maxresident)k
0inputs+80outputs (0major+36494minor)pagefaults 0swaps
2018-09-05 07:13:21,288 -> LOG Done!!!
2018-09-05 07:13:21,288 -> LOG Sorting files...
2018-09-05 07:13:21,293 -> LOG Done!!!
2018-09-05 07:13:21,293 -> LOG Applying Diff...
Files /home/and/Documents/PhD/Research//Validation/LCM_max/output/LCM_uno_sort_19.txt and /home/and/Documents/PhD/Research//Validation/LCM_max/output/LCM_and_sort_19.txt are identical
2018-09-05 07:13:21,296 -> LOG Done!!!
2018-09-05 07:13:21,296 -> LOG Running LCMuno...
0.01user 0.00system 0:00.02elapsed 95%CPU (0avgtext+0avgdata 2000maxresident)k
0inputs+8outputs (0major+211minor)pagefaults 0swaps
2018-09-05 07:13:21,320 -> LOG Done!!!
2018-09-05 07:13:21,320 -> LOG Sorting LCMuno output...
2018-09-05 07:13:21,322 -> LOG Done!!!
2018-09-05 07:13:21,322 -> LOG Running LCMand...
20.69user 0.18system 0:16.64elapsed 125%CPU (0avgtext+0avgdata 153420maxresident)k
0inputs+80outputs (0major+41232minor)pagefaults 0swaps
2018-09-05 07:13:37,974 -> LOG Done!!!
2018-09-05 07:13:37,974 -> LOG Sorting files...
2018-09-05 07:13:37,979 -> LOG Done!!!
2018-09-05 07:13:37,980 -> LOG Applying Diff...
Files /home/and/Documents/PhD/Research//Validation/LCM_max/output/LCM_uno_sort_20.txt and /home/and/Documents/PhD/Research//Validation/LCM_max/output/LCM_and_sort_20.txt are identical
2018-09-05 07:13:37,982 -> LOG Done!!!
2018-09-05 07:13:37,982 -> LOG Running LCMuno...
0.02user 0.00system 0:00.02elapsed 100%CPU (0avgtext+0avgdata 1976maxresident)k
0inputs+16outputs (0major+213minor)pagefaults 0swaps
2018-09-05 07:13:38,007 -> LOG Done!!!
2018-09-05 07:13:38,008 -> LOG Sorting LCMuno output...
2018-09-05 07:13:38,010 -> LOG Done!!!
2018-09-05 07:13:38,010 -> LOG Running LCMand...
18.68user 0.15system 0:15.03elapsed 125%CPU (0avgtext+0avgdata 152316maxresident)k
0inputs+88outputs (0major+40349minor)pagefaults 0swaps
2018-09-05 07:13:53,049 -> LOG Done!!!
2018-09-05 07:13:53,050 -> LOG Sorting files...
2018-09-05 07:13:53,056 -> LOG Done!!!
2018-09-05 07:13:53,057 -> LOG Applying Diff...
Files /home/and/Documents/PhD/Research//Validation/LCM_max/output/LCM_uno_sort_21.txt and /home/and/Documents/PhD/Research//Validation/LCM_max/output/LCM_and_sort_21.txt are identical
2018-09-05 07:13:53,060 -> LOG Done!!!
2018-09-05 07:13:53,060 -> LOG Running LCMuno...
0.01user 0.00system 0:00.02elapsed 95%CPU (0avgtext+0avgdata 1996maxresident)k
0inputs+8outputs (0major+195minor)pagefaults 0swaps
2018-09-05 07:13:53,085 -> LOG Done!!!
2018-09-05 07:13:53,085 -> LOG Sorting LCMuno output...
2018-09-05 07:13:53,087 -> LOG Done!!!
2018-09-05 07:13:53,087 -> LOG Running LCMand...
48.03user 0.28system 0:42.73elapsed 113%CPU (0avgtext+0avgdata 149472maxresident)k
0inputs+120outputs (0major+40041minor)pagefaults 0swaps
2018-09-05 07:14:35,826 -> LOG Done!!!
2018-09-05 07:14:35,826 -> LOG Sorting files...
2018-09-05 07:14:35,831 -> LOG Done!!!
2018-09-05 07:14:35,832 -> LOG Applying Diff...
Files /home/and/Documents/PhD/Research//Validation/LCM_max/output/LCM_uno_sort_22.txt and /home/and/Documents/PhD/Research//Validation/LCM_max/output/LCM_and_sort_22.txt are identical
2018-09-05 07:14:35,834 -> LOG Done!!!
2018-09-05 07:14:35,834 -> LOG Running LCMuno...
0.01user 0.00system 0:00.01elapsed 100%CPU (0avgtext+0avgdata 2004maxresident)k
0inputs+8outputs (0major+197minor)pagefaults 0swaps
2018-09-05 07:14:35,855 -> LOG Done!!!
2018-09-05 07:14:35,856 -> LOG Sorting LCMuno output...
2018-09-05 07:14:35,858 -> LOG Done!!!
2018-09-05 07:14:35,858 -> LOG Running LCMand...
46.48user 0.24system 0:41.06elapsed 113%CPU (0avgtext+0avgdata 156032maxresident)k
0inputs+160outputs (0major+43029minor)pagefaults 0swaps
2018-09-05 07:15:16,924 -> LOG Done!!!
2018-09-05 07:15:16,924 -> LOG Sorting files...
2018-09-05 07:15:16,929 -> LOG Done!!!
2018-09-05 07:15:16,929 -> LOG Applying Diff...
Files /home/and/Documents/PhD/Research//Validation/LCM_max/output/LCM_uno_sort_23.txt and /home/and/Documents/PhD/Research//Validation/LCM_max/output/LCM_and_sort_23.txt are identical
2018-09-05 07:15:16,931 -> LOG Done!!!
2018-09-05 07:15:16,931 -> LOG Running LCMuno...
0.00user 0.00system 0:00.00elapsed 80%CPU (0avgtext+0avgdata 1980maxresident)k
0inputs+8outputs (0major+200minor)pagefaults 0swaps
2018-09-05 07:15:16,940 -> LOG Done!!!
2018-09-05 07:15:16,940 -> LOG Sorting LCMuno output...
2018-09-05 07:15:16,941 -> LOG Done!!!
2018-09-05 07:15:16,941 -> LOG Running LCMand...
1.57user 0.05system 0:00.69elapsed 236%CPU (0avgtext+0avgdata 59624maxresident)k
0inputs+80outputs (0major+12868minor)pagefaults 0swaps
2018-09-05 07:15:17,634 -> LOG Done!!!
2018-09-05 07:15:17,635 -> LOG Sorting files...
2018-09-05 07:15:17,640 -> LOG Done!!!
2018-09-05 07:15:17,640 -> LOG Applying Diff...
Files /home/and/Documents/PhD/Research//Validation/LCM_max/output/LCM_uno_sort_24.txt and /home/and/Documents/PhD/Research//Validation/LCM_max/output/LCM_and_sort_24.txt are identical
2018-09-05 07:15:17,642 -> LOG Done!!!
2018-09-05 07:15:17,642 -> LOG Running LCMuno...
0.02user 0.00system 0:00.02elapsed 100%CPU (0avgtext+0avgdata 2000maxresident)k
0inputs+16outputs (0major+198minor)pagefaults 0swaps
2018-09-05 07:15:17,670 -> LOG Done!!!
2018-09-05 07:15:17,671 -> LOG Sorting LCMuno output...
2018-09-05 07:15:17,673 -> LOG Done!!!
2018-09-05 07:15:17,673 -> LOG Running LCMand...
48.59user 0.26system 0:44.57elapsed 109%CPU (0avgtext+0avgdata 153228maxresident)k
0inputs+128outputs (0major+42437minor)pagefaults 0swaps
2018-09-05 07:16:02,247 -> LOG Done!!!
2018-09-05 07:16:02,248 -> LOG Sorting files...
2018-09-05 07:16:02,252 -> LOG Done!!!
2018-09-05 07:16:02,252 -> LOG Applying Diff...
Files /home/and/Documents/PhD/Research//Validation/LCM_max/output/LCM_uno_sort_25.txt and /home/and/Documents/PhD/Research//Validation/LCM_max/output/LCM_and_sort_25.txt are identical
2018-09-05 07:16:02,255 -> LOG Done!!!
2018-09-05 07:16:02,256 -> LOG Running LCMuno...
0.02user 0.00system 0:00.02elapsed 100%CPU (0avgtext+0avgdata 1960maxresident)k
0inputs+16outputs (0major+176minor)pagefaults 0swaps
2018-09-05 07:16:02,286 -> LOG Done!!!
2018-09-05 07:16:02,286 -> LOG Sorting LCMuno output...
2018-09-05 07:16:02,289 -> LOG Done!!!
2018-09-05 07:16:02,289 -> LOG Running LCMand...
57.12user 0.30system 0:57.61elapsed 99%CPU (0avgtext+0avgdata 155024maxresident)k
4720inputs+168outputs (30major+44837minor)pagefaults 0swaps
2018-09-05 07:16:59,980 -> LOG Done!!!
2018-09-05 07:16:59,980 -> LOG Sorting files...
2018-09-05 07:17:00,166 -> LOG Done!!!
2018-09-05 07:17:00,166 -> LOG Applying Diff...
Files /home/and/Documents/PhD/Research//Validation/LCM_max/output/LCM_uno_sort_26.txt and /home/and/Documents/PhD/Research//Validation/LCM_max/output/LCM_and_sort_26.txt are identical
2018-09-05 07:17:00,215 -> LOG Done!!!
2018-09-05 07:17:00,215 -> LOG Running LCMuno...
0.03user 0.00system 0:00.09elapsed 31%CPU (0avgtext+0avgdata 1860maxresident)k
568inputs+16outputs (2major+180minor)pagefaults 0swaps
2018-09-05 07:17:00,350 -> LOG Done!!!
2018-09-05 07:17:00,350 -> LOG Sorting LCMuno output...
2018-09-05 07:17:00,352 -> LOG Done!!!
2018-09-05 07:17:00,353 -> LOG Running LCMand...
44.34user 0.37system 1:02.36elapsed 71%CPU (0avgtext+0avgdata 152680maxresident)k
40464inputs+280outputs (79major+43778minor)pagefaults 0swaps
2018-09-05 07:18:03,057 -> LOG Done!!!
2018-09-05 07:18:03,101 -> LOG Sorting files...
2018-09-05 07:18:04,558 -> LOG Done!!!
2018-09-05 07:18:04,559 -> LOG Applying Diff...
Files /home/and/Documents/PhD/Research//Validation/LCM_max/output/LCM_uno_sort_27.txt and /home/and/Documents/PhD/Research//Validation/LCM_max/output/LCM_and_sort_27.txt are identical
2018-09-05 07:18:04,611 -> LOG Done!!!
2018-09-05 07:18:04,612 -> LOG Running LCMuno...
0.02user 0.00system 0:00.30elapsed 8%CPU (0avgtext+0avgdata 1964maxresident)k
568inputs+16outputs (2major+222minor)pagefaults 0swaps
2018-09-05 07:18:04,923 -> LOG Done!!!
2018-09-05 07:18:04,923 -> LOG Sorting LCMuno output...
2018-09-05 07:18:05,078 -> LOG Done!!!
2018-09-05 07:18:05,078 -> LOG Running LCMand...
47.70user 0.37system 1:11.78elapsed 66%CPU (0avgtext+0avgdata 144004maxresident)k
26680inputs+240outputs (37major+40249minor)pagefaults 0swaps
2018-09-05 07:19:17,106 -> LOG Done!!!
2018-09-05 07:19:17,388 -> LOG Sorting files...
2018-09-05 07:19:18,446 -> LOG Done!!!
2018-09-05 07:19:18,447 -> LOG Applying Diff...
Files /home/and/Documents/PhD/Research//Validation/LCM_max/output/LCM_uno_sort_28.txt and /home/and/Documents/PhD/Research//Validation/LCM_max/output/LCM_and_sort_28.txt are identical
2018-09-05 07:19:18,507 -> LOG Done!!!
2018-09-05 07:19:18,507 -> LOG Running LCMuno...
0.03user 0.00system 0:00.23elapsed 13%CPU (0avgtext+0avgdata 1952maxresident)k
584inputs+16outputs (2major+221minor)pagefaults 0swaps
2018-09-05 07:19:18,899 -> LOG Done!!!
2018-09-05 07:19:18,899 -> LOG Sorting LCMuno output...
2018-09-05 07:19:19,026 -> LOG Done!!!
2018-09-05 07:19:19,027 -> LOG Running LCMand...
49.72user 0.43system 1:15.28elapsed 66%CPU (0avgtext+0avgdata 153380maxresident)k
31848inputs+408outputs (93major+43438minor)pagefaults 0swaps
2018-09-05 07:20:36,824 -> LOG Done!!!
2018-09-05 07:20:36,898 -> LOG Sorting files...
2018-09-05 07:20:38,245 -> LOG Done!!!
2018-09-05 07:20:38,246 -> LOG Applying Diff...
Files /home/and/Documents/PhD/Research//Validation/LCM_max/output/LCM_uno_sort_29.txt and /home/and/Documents/PhD/Research//Validation/LCM_max/output/LCM_and_sort_29.txt are identical
2018-09-05 07:20:39,013 -> LOG Done!!!
2018-09-05 07:20:39,013 -> LOG Running LCMuno...
0.00user 0.00system 0:02.71elapsed 0%CPU (0avgtext+0avgdata 1944maxresident)k
520inputs+8outputs (2major+218minor)pagefaults 0swaps
2018-09-05 07:20:41,738 -> LOG Done!!!
2018-09-05 07:20:41,739 -> LOG Sorting LCMuno output...
2018-09-05 07:20:41,741 -> LOG Done!!!
2018-09-05 07:20:41,741 -> LOG Running LCMand...
7.33user 0.21system 0:24.40elapsed 30%CPU (0avgtext+0avgdata 141016maxresident)k
23512inputs+80outputs (20major+36695minor)pagefaults 0swaps
2018-09-05 07:21:06,153 -> LOG Done!!!
2018-09-05 07:21:06,153 -> LOG Sorting files...
2018-09-05 07:21:06,157 -> LOG Done!!!
2018-09-05 07:21:06,157 -> LOG Applying Diff...
Files /home/and/Documents/PhD/Research//Validation/LCM_max/output/LCM_uno_sort_30.txt and /home/and/Documents/PhD/Research//Validation/LCM_max/output/LCM_and_sort_30.txt are identical
2018-09-05 07:21:06,160 -> LOG Done!!!
2018-09-05 07:21:06,160 -> LOG Running LCMuno...
0.01user 0.00system 0:00.03elapsed 48%CPU (0avgtext+0avgdata 2164maxresident)k
32inputs+8outputs (0major+220minor)pagefaults 0swaps
2018-09-05 07:21:06,197 -> LOG Done!!!
2018-09-05 07:21:06,197 -> LOG Sorting LCMuno output...
2018-09-05 07:21:06,200 -> LOG Done!!!
2018-09-05 07:21:06,200 -> LOG Running LCMand...
6.37user 0.12system 0:02.43elapsed 266%CPU (0avgtext+0avgdata 153268maxresident)k
8inputs+80outputs (0major+38289minor)pagefaults 0swaps
2018-09-05 07:21:08,640 -> LOG Done!!!
2018-09-05 07:21:08,640 -> LOG Sorting files...
2018-09-05 07:21:08,645 -> LOG Done!!!
2018-09-05 07:21:08,645 -> LOG Applying Diff...
Files /home/and/Documents/PhD/Research//Validation/LCM_max/output/LCM_uno_sort_31.txt and /home/and/Documents/PhD/Research//Validation/LCM_max/output/LCM_and_sort_31.txt are identical
2018-09-05 07:21:08,647 -> LOG Done!!!
2018-09-05 07:21:08,648 -> LOG Running LCMuno...
0.00user 0.00system 0:00.00elapsed 85%CPU (0avgtext+0avgdata 2008maxresident)k
24inputs+8outputs (0major+197minor)pagefaults 0swaps
2018-09-05 07:21:08,658 -> LOG Done!!!
2018-09-05 07:21:08,659 -> LOG Sorting LCMuno output...
2018-09-05 07:21:08,659 -> LOG Done!!!
2018-09-05 07:21:08,659 -> LOG Running LCMand...
5.59user 0.12system 0:02.10elapsed 271%CPU (0avgtext+0avgdata 152536maxresident)k
0inputs+80outputs (0major+39854minor)pagefaults 0swaps
2018-09-05 07:21:10,768 -> LOG Done!!!
2018-09-05 07:21:10,768 -> LOG Sorting files...
2018-09-05 07:21:10,772 -> LOG Done!!!
2018-09-05 07:21:10,772 -> LOG Applying Diff...
Files /home/and/Documents/PhD/Research//Validation/LCM_max/output/LCM_uno_sort_32.txt and /home/and/Documents/PhD/Research//Validation/LCM_max/output/LCM_and_sort_32.txt are identical
2018-09-05 07:21:10,774 -> LOG Done!!!
2018-09-05 07:21:10,775 -> LOG Running LCMuno...
0.00user 0.00system 0:00.02elapsed 20%CPU (0avgtext+0avgdata 1988maxresident)k
32inputs+8outputs (0major+202minor)pagefaults 0swaps
2018-09-05 07:21:10,803 -> LOG Done!!!
2018-09-05 07:21:10,804 -> LOG Sorting LCMuno output...
2018-09-05 07:21:10,806 -> LOG Done!!!
2018-09-05 07:21:10,806 -> LOG Running LCMand...
6.05user 0.11system 0:02.55elapsed 241%CPU (0avgtext+0avgdata 154796maxresident)k
0inputs+80outputs (0major+40900minor)pagefaults 0swaps
2018-09-05 07:21:13,369 -> LOG Done!!!
2018-09-05 07:21:13,369 -> LOG Sorting files...
2018-09-05 07:21:13,377 -> LOG Done!!!
2018-09-05 07:21:13,378 -> LOG Applying Diff...
Files /home/and/Documents/PhD/Research//Validation/LCM_max/output/LCM_uno_sort_33.txt and /home/and/Documents/PhD/Research//Validation/LCM_max/output/LCM_and_sort_33.txt are identical
2018-09-05 07:21:13,381 -> LOG Done!!!
2018-09-05 07:21:13,381 -> LOG Running LCMuno...
0.01user 0.00system 0:00.11elapsed 8%CPU (0avgtext+0avgdata 1976maxresident)k
24inputs+8outputs (0major+192minor)pagefaults 0swaps
2018-09-05 07:21:13,499 -> LOG Done!!!
2018-09-05 07:21:13,500 -> LOG Sorting LCMuno output...
2018-09-05 07:21:13,503 -> LOG Done!!!
2018-09-05 07:21:13,503 -> LOG Running LCMand...
2.64user 0.07system 0:01.07elapsed 253%CPU (0avgtext+0avgdata 78944maxresident)k
0inputs+80outputs (0major+20067minor)pagefaults 0swaps
2018-09-05 07:21:14,580 -> LOG Done!!!
2018-09-05 07:21:14,580 -> LOG Sorting files...
2018-09-05 07:21:14,588 -> LOG Done!!!
2018-09-05 07:21:14,588 -> LOG Applying Diff...
Files /home/and/Documents/PhD/Research//Validation/LCM_max/output/LCM_uno_sort_34.txt and /home/and/Documents/PhD/Research//Validation/LCM_max/output/LCM_and_sort_34.txt are identical
2018-09-05 07:21:14,591 -> LOG Done!!!
2018-09-05 07:21:14,592 -> LOG Running LCMuno...
0.00user 0.00system 0:00.04elapsed 16%CPU (0avgtext+0avgdata 1760maxresident)k
16inputs+8outputs (0major+173minor)pagefaults 0swaps
2018-09-05 07:21:14,637 -> LOG Done!!!
2018-09-05 07:21:14,637 -> LOG Sorting LCMuno output...
2018-09-05 07:21:14,638 -> LOG Done!!!
2018-09-05 07:21:14,638 -> LOG Running LCMand...
2.23user 0.09system 0:01.04elapsed 222%CPU (0avgtext+0avgdata 76836maxresident)k
8inputs+80outputs (0major+19589minor)pagefaults 0swaps
2018-09-05 07:21:15,688 -> LOG Done!!!
2018-09-05 07:21:15,689 -> LOG Sorting files...
2018-09-05 07:21:15,698 -> LOG Done!!!
2018-09-05 07:21:15,698 -> LOG Applying Diff...
Files /home/and/Documents/PhD/Research//Validation/LCM_max/output/LCM_uno_sort_35.txt and /home/and/Documents/PhD/Research//Validation/LCM_max/output/LCM_and_sort_35.txt are identical
2018-09-05 07:21:15,702 -> LOG Done!!!
2018-09-05 07:21:15,702 -> LOG Running LCMuno...
0.00user 0.00system 0:00.17elapsed 2%CPU (0avgtext+0avgdata 2136maxresident)k
24inputs+8outputs (0major+212minor)pagefaults 0swaps
2018-09-05 07:21:15,877 -> LOG Done!!!
2018-09-05 07:21:15,877 -> LOG Sorting LCMuno output...
2018-09-05 07:21:15,879 -> LOG Done!!!
2018-09-05 07:21:15,880 -> LOG Running LCMand...
2.88user 0.10system 0:01.17elapsed 254%CPU (0avgtext+0avgdata 78548maxresident)k
0inputs+80outputs (0major+20594minor)pagefaults 0swaps
2018-09-05 07:21:17,058 -> LOG Done!!!
2018-09-05 07:21:17,059 -> LOG Sorting files...
2018-09-05 07:21:17,066 -> LOG Done!!!
2018-09-05 07:21:17,066 -> LOG Applying Diff...
Files /home/and/Documents/PhD/Research//Validation/LCM_max/output/LCM_uno_sort_36.txt and /home/and/Documents/PhD/Research//Validation/LCM_max/output/LCM_and_sort_36.txt are identical
2018-09-05 07:21:17,069 -> LOG Done!!!
2018-09-05 07:21:17,070 -> LOG Running LCMuno...
0.00user 0.00system 0:00.19elapsed 4%CPU (0avgtext+0avgdata 1992maxresident)k
16inputs+8outputs (0major+180minor)pagefaults 0swaps
2018-09-05 07:21:17,265 -> LOG Done!!!
2018-09-05 07:21:17,266 -> LOG Sorting LCMuno output...
2018-09-05 07:21:17,267 -> LOG Done!!!
2018-09-05 07:21:17,267 -> LOG Running LCMand...
2.81user 0.12system 0:01.29elapsed 226%CPU (0avgtext+0avgdata 77464maxresident)k
0inputs+80outputs (0major+20731minor)pagefaults 0swaps
2018-09-05 07:21:18,570 -> LOG Done!!!
2018-09-05 07:21:18,571 -> LOG Sorting files...
2018-09-05 07:21:18,578 -> LOG Done!!!
2018-09-05 07:21:18,579 -> LOG Applying Diff...
Files /home/and/Documents/PhD/Research//Validation/LCM_max/output/LCM_uno_sort_37.txt and /home/and/Documents/PhD/Research//Validation/LCM_max/output/LCM_and_sort_37.txt are identical
2018-09-05 07:21:18,582 -> LOG Done!!!
2018-09-05 07:21:18,582 -> LOG Running LCMuno...
0.01user 0.00system 0:00.13elapsed 7%CPU (0avgtext+0avgdata 1764maxresident)k
32inputs+8outputs (0major+177minor)pagefaults 0swaps
2018-09-05 07:21:18,717 -> LOG Done!!!
2018-09-05 07:21:18,717 -> LOG Sorting LCMuno output...
2018-09-05 07:21:18,720 -> LOG Done!!!
2018-09-05 07:21:18,720 -> LOG Running LCMand...
6.40user 0.14system 0:02.36elapsed 277%CPU (0avgtext+0avgdata 156624maxresident)k
0inputs+80outputs (0major+40609minor)pagefaults 0swaps
2018-09-05 07:21:21,085 -> LOG Done!!!
2018-09-05 07:21:21,086 -> LOG Sorting files...
2018-09-05 07:21:21,092 -> LOG Done!!!
2018-09-05 07:21:21,092 -> LOG Applying Diff...
Files /home/and/Documents/PhD/Research//Validation/LCM_max/output/LCM_uno_sort_38.txt and /home/and/Documents/PhD/Research//Validation/LCM_max/output/LCM_and_sort_38.txt are identical
2018-09-05 07:21:21,094 -> LOG Done!!!
2018-09-05 07:21:21,094 -> LOG Running LCMuno...
0.01user 0.00system 0:00.02elapsed 37%CPU (0avgtext+0avgdata 1956maxresident)k
24inputs+8outputs (0major+220minor)pagefaults 0swaps
2018-09-05 07:21:21,125 -> LOG Done!!!
2018-09-05 07:21:21,125 -> LOG Sorting LCMuno output...
2018-09-05 07:21:21,126 -> LOG Done!!!
2018-09-05 07:21:21,127 -> LOG Running LCMand...
7.15user 0.15system 0:02.84elapsed 256%CPU (0avgtext+0avgdata 157728maxresident)k
1032inputs+80outputs (5major+40463minor)pagefaults 0swaps
2018-09-05 07:21:23,975 -> LOG Done!!!
2018-09-05 07:21:23,976 -> LOG Sorting files...
2018-09-05 07:21:23,982 -> LOG Done!!!
2018-09-05 07:21:23,982 -> LOG Applying Diff...
Files /home/and/Documents/PhD/Research//Validation/LCM_max/output/LCM_uno_sort_39.txt and /home/and/Documents/PhD/Research//Validation/LCM_max/output/LCM_and_sort_39.txt are identical
2018-09-05 07:21:23,986 -> LOG Done!!!
2018-09-05 07:21:23,986 -> LOG Running LCMuno...
0.00user 0.00system 0:00.02elapsed 27%CPU (0avgtext+0avgdata 2028maxresident)k
32inputs+8outputs (0major+194minor)pagefaults 0swaps
2018-09-05 07:21:24,011 -> LOG Done!!!
2018-09-05 07:21:24,012 -> LOG Sorting LCMuno output...
2018-09-05 07:21:24,013 -> LOG Done!!!
2018-09-05 07:21:24,013 -> LOG Running LCMand...
6.94user 0.10system 0:02.65elapsed 265%CPU (0avgtext+0avgdata 156088maxresident)k
1120inputs+80outputs (2major+40096minor)pagefaults 0swaps
2018-09-05 07:21:26,667 -> LOG Done!!!
2018-09-05 07:21:26,668 -> LOG Sorting files...
2018-09-05 07:21:26,673 -> LOG Done!!!
2018-09-05 07:21:26,673 -> LOG Applying Diff...
Files /home/and/Documents/PhD/Research//Validation/LCM_max/output/LCM_uno_sort_40.txt and /home/and/Documents/PhD/Research//Validation/LCM_max/output/LCM_and_sort_40.txt are identical
2018-09-05 07:21:26,676 -> LOG Done!!!
2018-09-05 07:21:26,676 -> LOG Running LCMuno...
0.25user 0.00system 0:00.27elapsed 91%CPU (0avgtext+0avgdata 2224maxresident)k
280inputs+24outputs (0major+305minor)pagefaults 0swaps
2018-09-05 07:21:26,976 -> LOG Done!!!
2018-09-05 07:21:26,977 -> LOG Sorting LCMuno output...
2018-09-05 07:21:26,980 -> LOG Done!!!
2018-09-05 07:21:26,980 -> LOG Running LCMand...
/opt/Scala/scala-2.11.8/bin/scala: line 21: 14182 Killed                  "$@"
Command exited with non-zero status 137
1975.04user 6.31system 32:33.38elapsed 101%CPU (0avgtext+0avgdata 179296maxresident)k
384inputs+2248outputs (2major+80139minor)pagefaults 0swaps
