2018-05-17 12:56:11,219 -> Setting 4 nodes...


acald013@dblab-rack12: no org.apache.spark.deploy.worker.Worker to stop
acald013@dblab-rack15: no org.apache.spark.deploy.worker.Worker to stop
acald013@dblab-rack14: no org.apache.spark.deploy.worker.Worker to stop
acald013@dblab-rack11: no org.apache.spark.deploy.worker.Worker to stop
no org.apache.spark.deploy.master.Master to stop
starting org.apache.spark.deploy.master.Master, logging to /home/acald013/Spark/spark-2.1.0-bin-hadoop2.7/logs/spark-acald013-org.apache.spark.deploy.master.Master-1-dblab-rack11.cs.ucr.edu.out
acald013@dblab-rack12: starting org.apache.spark.deploy.worker.Worker, logging to /home/acald013/Spark/spark-2.1.0-bin-hadoop2.7/logs/spark-acald013-org.apache.spark.deploy.worker.Worker-1-dblab-rack12.out
acald013@dblab-rack15: starting org.apache.spark.deploy.worker.Worker, logging to /home/acald013/Spark/spark-2.1.0-bin-hadoop2.7/logs/spark-acald013-org.apache.spark.deploy.worker.Worker-1-dblab-rack15.out
acald013@dblab-rack14: starting org.apache.spark.deploy.worker.Worker, logging to /home/acald013/Spark/spark-2.1.0-bin-hadoop2.7/logs/spark-acald013-org.apache.spark.deploy.worker.Worker-1-dblab-rack14.cs.ucr.edu.out
acald013@dblab-rack11: starting org.apache.spark.deploy.worker.Worker, logging to /home/acald013/Spark/spark-2.1.0-bin-hadoop2.7/logs/spark-acald013-org.apache.spark.deploy.worker.Worker-1-dblab-rack11.cs.ucr.edu.out
2018-05-17 12:56:18,566 -> 4 nodes has been set...


2018-05-17 12:56:18,566 -> Running FlockFinder Benchmark...


2018-05-17 12:56:18,567 -> Iteration 1 has started...
2018-05-17 12:56:18,664 -> spark-submit --class FlockFinderBenchmark /home/acald013/Research/PFlock/target/scala-2.11/pflock_2.11-2.0.jar --path Datasets/Berlin/ --dataset berlin0-10 --epsilon 30 --epsilon_max 30 --epsilon_step 5 --mu 4 --mu_max 4 --mu_step 1 --delta 5 --delta_max 5 --delta_step 2 --cores 28
2018-05-17 12:56:20,578 -> Starting app...
2018-05-17 12:56:23,795 -> Starting session                                   |   3.22s |      0 
2018-05-17 12:56:23,808 -> Setting paramaters                                 |   0.01s |      0 
2018-05-17 12:56:27,460 -> Reading data                                       |   3.65s | 203106 points
2018-05-17 12:56:30,764 -> Extracting timestamps                              |   3.30s |     11 timestamps
2018-05-17 12:56:30,774 -> === SpatialJoin Start ===
2018-05-17 12:56:36,767 -> Reporting locations...                             |   5.80s |  18093 points
2018-05-17 12:56:36,776 -> A.Setting mu=4,epsilon=30.0,cores=28,dataset=berlin0-10
2018-05-17 12:56:43,540 -> B.Indexing points... [6.730s] [0 results]
2018-05-17 12:56:51,541 -> C.Getting pairs... [8.001s] [5511 results]
2018-05-17 12:56:53,913 -> D.Computing centers... [2.371s] [11022 results]
2018-05-17 12:56:55,328 -> E.Indexing centers... [1.415s] [11022 results]
2018-05-17 12:57:01,294 -> F.Getting disks... [5.965s] [11022 results]
2018-05-17 12:57:01,710 -> G.Filtering less-than-mu disks... [0.415s] [1210 results]
2018-05-17 12:57:05,915 -> H.Prunning duplicate candidates... [4.205s] [599 results]
2018-05-17 12:57:06,406 -> I.Indexing candidates... [4.696s] [599 results]
2018-05-17 12:57:06,668 -> J.Getting expansions... [0.261s] [1657 results]
2018-05-17 12:57:07,408 -> K.Finding maximal disks... [0.740s] [206 results]
2018-05-17 12:57:09,633 -> L.Prunning duplicates and subsets... [2.225s] [205 results]
2018-05-17 12:57:09,633 ->      Dataset,   Eps, Cores, Mu,   Time, # Pairs,   # Disks, # Candidates, # Maximals
2018-05-17 12:57:09,633 ->   berlin0-10,  30.0,    28,  4,  32.82,    5511,     11022,          599,        205
2018-05-17 12:57:09,704 -> Dropping indices...[0.070s]
2018-05-17 12:57:10,110 -> 1.Set of disks for t_i...                          |  33.34s |    205 disks
2018-05-17 12:57:10,623 -> 4.Found flocks...                                  |   0.51s |      0 flocks
2018-05-17 12:57:11,451 -> 5.Updating times...                                |   0.54s |    205 flocks
2018-05-17 12:57:12,333 -> 6.Filter phase...                                  |   0.88s |    205 flocks
2018-05-17 12:57:17,761 -> Reporting locations...                             |   5.43s |  18245 points
2018-05-17 12:57:17,761 -> A.Setting mu=4,epsilon=30.0,cores=28,dataset=berlin0-10
2018-05-17 12:57:21,397 -> B.Indexing points... [3.614s] [0 results]
2018-05-17 12:57:27,056 -> C.Getting pairs... [5.659s] [5629 results]
2018-05-17 12:57:28,609 -> D.Computing centers... [1.553s] [11258 results]
2018-05-17 12:57:29,662 -> E.Indexing centers... [1.053s] [11258 results]
2018-05-17 12:57:34,871 -> F.Getting disks... [5.209s] [11258 results]
2018-05-17 12:57:35,130 -> G.Filtering less-than-mu disks... [0.259s] [1299 results]
2018-05-17 12:57:37,534 -> H.Prunning duplicate candidates... [2.404s] [640 results]
2018-05-17 12:57:38,213 -> I.Indexing candidates... [3.083s] [640 results]
2018-05-17 12:57:38,416 -> J.Getting expansions... [0.203s] [1703 results]
2018-05-17 12:57:38,634 -> K.Finding maximal disks... [0.217s] [220 results]
2018-05-17 12:57:39,967 -> L.Prunning duplicates and subsets... [1.333s] [216 results]
2018-05-17 12:57:39,967 ->      Dataset,   Eps, Cores, Mu,   Time, # Pairs,   # Disks, # Candidates, # Maximals
2018-05-17 12:57:39,967 ->   berlin0-10,  30.0,    28,  4,  22.18,    5629,     11258,          640,        216
2018-05-17 12:57:40,057 -> Dropping indices...[0.090s]
2018-05-17 12:57:40,322 -> 1.Set of disks for t_i...                          |  22.56s |    216 disks
2018-05-17 12:57:44,133 -> 2.Distance Join phase...                           |   3.81s |    806 combinations
2018-05-17 12:57:47,691 -> 3.Getting candidates...                            |   3.56s |    196 candidates
2018-05-17 12:57:48,570 -> 4.Found flocks...                                  |   0.88s |      0 flocks
2018-05-17 12:57:51,615 -> 5.Updating times...                                |   1.74s |    196 flocks
2018-05-17 12:57:54,808 -> 6.Filter phase...                                  |   3.19s |    236 flocks
2018-05-17 12:58:00,212 -> Reporting locations...                             |   5.40s |  18394 points
2018-05-17 12:58:00,213 -> A.Setting mu=4,epsilon=30.0,cores=28,dataset=berlin0-10
2018-05-17 12:58:03,738 -> B.Indexing points... [3.508s] [0 results]
2018-05-17 12:58:08,998 -> C.Getting pairs... [5.260s] [5701 results]
2018-05-17 12:58:10,457 -> D.Computing centers... [1.459s] [11402 results]
2018-05-17 12:58:11,485 -> E.Indexing centers... [1.028s] [11402 results]
2018-05-17 12:58:16,286 -> F.Getting disks... [4.801s] [11402 results]
2018-05-17 12:58:16,534 -> G.Filtering less-than-mu disks... [0.248s] [1336 results]
2018-05-17 12:58:19,435 -> H.Prunning duplicate candidates... [2.901s] [658 results]
2018-05-17 12:58:19,785 -> I.Indexing candidates... [3.251s] [658 results]
2018-05-17 12:58:19,955 -> J.Getting expansions... [0.170s] [1757 results]
2018-05-17 12:58:20,141 -> K.Finding maximal disks... [0.186s] [232 results]
2018-05-17 12:58:21,525 -> L.Prunning duplicates and subsets... [1.384s] [227 results]
2018-05-17 12:58:21,526 ->      Dataset,   Eps, Cores, Mu,   Time, # Pairs,   # Disks, # Candidates, # Maximals
2018-05-17 12:58:21,526 ->   berlin0-10,  30.0,    28,  4,  21.30,    5701,     11402,          658,        227
2018-05-17 12:58:21,700 -> Dropping indices...[0.174s]
2018-05-17 12:58:22,002 -> 1.Set of disks for t_i...                          |  21.79s |    227 disks
2018-05-17 12:58:30,276 -> 2.Distance Join phase...                           |   8.27s |   1184 combinations
2018-05-17 12:58:35,800 -> 3.Getting candidates...                            |   5.52s |    239 candidates
2018-05-17 12:58:36,704 -> 4.Found flocks...                                  |   0.90s |      0 flocks
2018-05-17 12:58:39,982 -> 5.Updating times...                                |   1.51s |    239 flocks
2018-05-17 12:58:42,408 -> 6.Filter phase...                                  |   2.43s |    268 flocks
2018-05-17 12:58:47,785 -> Reporting locations...                             |   5.38s |  18548 points
2018-05-17 12:58:47,785 -> A.Setting mu=4,epsilon=30.0,cores=28,dataset=berlin0-10
2018-05-17 12:58:53,569 -> B.Indexing points... [5.769s] [0 results]
2018-05-17 12:59:04,030 -> C.Getting pairs... [10.460s] [5768 results]
2018-05-17 12:59:05,477 -> D.Computing centers... [1.447s] [11536 results]
2018-05-17 12:59:06,477 -> E.Indexing centers... [0.999s] [11536 results]
2018-05-17 12:59:13,700 -> F.Getting disks... [7.222s] [11536 results]
2018-05-17 12:59:13,915 -> G.Filtering less-than-mu disks... [0.215s] [1349 results]
2018-05-17 12:59:17,747 -> H.Prunning duplicate candidates... [3.831s] [675 results]
2018-05-17 12:59:18,082 -> I.Indexing candidates... [4.166s] [675 results]
2018-05-17 12:59:18,349 -> J.Getting expansions... [0.267s] [1875 results]
2018-05-17 12:59:18,550 -> K.Finding maximal disks... [0.201s] [230 results]
2018-05-17 12:59:20,521 -> L.Prunning duplicates and subsets... [1.971s] [225 results]
2018-05-17 12:59:20,521 ->      Dataset,   Eps, Cores, Mu,   Time, # Pairs,   # Disks, # Candidates, # Maximals
2018-05-17 12:59:20,521 ->   berlin0-10,  30.0,    28,  4,  32.72,    5768,     11536,          675,        225
2018-05-17 12:59:20,787 -> Dropping indices...[0.266s]
2018-05-17 12:59:21,065 -> 1.Set of disks for t_i...                          |  33.28s |    225 disks
2018-05-17 12:59:28,866 -> 2.Distance Join phase...                           |   7.80s |   1389 combinations
2018-05-17 12:59:34,354 -> 3.Getting candidates...                            |   5.49s |    262 candidates
2018-05-17 12:59:35,319 -> 4.Found flocks...                                  |   0.97s |      0 flocks
2018-05-17 12:59:39,449 -> 5.Updating times...                                |   1.74s |    262 flocks
2018-05-17 12:59:41,985 -> 6.Filter phase...                                  |   2.54s |    286 flocks
2018-05-17 12:59:47,363 -> Reporting locations...                             |   5.38s |  18548 points
2018-05-17 12:59:47,363 -> A.Setting mu=4,epsilon=30.0,cores=28,dataset=berlin0-10
2018-05-17 12:59:53,037 -> B.Indexing points... [5.664s] [0 results]
2018-05-17 13:00:03,481 -> C.Getting pairs... [10.444s] [5775 results]
2018-05-17 13:00:04,976 -> D.Computing centers... [1.495s] [11550 results]
2018-05-17 13:00:06,060 -> E.Indexing centers... [1.084s] [11550 results]
2018-05-17 13:00:13,402 -> F.Getting disks... [7.342s] [11550 results]
2018-05-17 13:00:13,706 -> G.Filtering less-than-mu disks... [0.304s] [1369 results]
2018-05-17 13:00:17,600 -> H.Prunning duplicate candidates... [3.894s] [694 results]
2018-05-17 13:00:17,931 -> I.Indexing candidates... [4.225s] [694 results]
2018-05-17 13:00:18,125 -> J.Getting expansions... [0.194s] [1914 results]
2018-05-17 13:00:18,306 -> K.Finding maximal disks... [0.181s] [245 results]
2018-05-17 13:00:20,492 -> L.Prunning duplicates and subsets... [2.186s] [238 results]
2018-05-17 13:00:20,492 ->      Dataset,   Eps, Cores, Mu,   Time, # Pairs,   # Disks, # Candidates, # Maximals
2018-05-17 13:00:20,492 ->   berlin0-10,  30.0,    28,  4,  33.12,    5775,     11550,          694,        238
2018-05-17 13:00:20,839 -> Dropping indices...[0.347s]
2018-05-17 13:00:21,131 -> 1.Set of disks for t_i...                          |  33.77s |    238 disks
2018-05-17 13:00:29,508 -> 2.Distance Join phase...                           |   8.38s |   1635 combinations
2018-05-17 13:00:35,562 -> 3.Getting candidates...                            |   6.05s |    291 candidates
2018-05-17 13:00:36,750 -> 4.Found flocks...                                  |   1.19s |    191 flocks
2018-05-17 13:00:41,949 -> 5.Updating times...                                |   1.98s |    291 flocks
2018-05-17 13:00:44,906 -> 6.Filter phase...                                  |   2.96s |    312 flocks
2018-05-17 13:00:50,282 -> Reporting locations...                             |   5.38s |  18548 points
2018-05-17 13:00:50,283 -> A.Setting mu=4,epsilon=30.0,cores=28,dataset=berlin0-10
2018-05-17 13:00:56,117 -> B.Indexing points... [5.821s] [0 results]
2018-05-17 13:01:06,728 -> C.Getting pairs... [10.611s] [5765 results]
2018-05-17 13:01:08,126 -> D.Computing centers... [1.398s] [11530 results]
2018-05-17 13:01:09,120 -> E.Indexing centers... [0.994s] [11530 results]
2018-05-17 13:01:16,631 -> F.Getting disks... [7.511s] [11530 results]
2018-05-17 13:01:17,001 -> G.Filtering less-than-mu disks... [0.370s] [1362 results]
2018-05-17 13:01:20,866 -> H.Prunning duplicate candidates... [3.864s] [686 results]
2018-05-17 13:01:21,201 -> I.Indexing candidates... [4.199s] [686 results]
2018-05-17 13:01:21,413 -> J.Getting expansions... [0.212s] [1917 results]
2018-05-17 13:01:21,581 -> K.Finding maximal disks... [0.168s] [237 results]
2018-05-17 13:01:23,765 -> L.Prunning duplicates and subsets... [2.184s] [234 results]
2018-05-17 13:01:23,765 ->      Dataset,   Eps, Cores, Mu,   Time, # Pairs,   # Disks, # Candidates, # Maximals
2018-05-17 13:01:23,766 ->   berlin0-10,  30.0,    28,  4,  33.47,    5765,     11530,          686,        234
2018-05-17 13:01:24,233 -> Dropping indices...[0.467s]
2018-05-17 13:01:24,630 -> 1.Set of disks for t_i...                          |  34.35s |    234 disks
2018-05-17 13:01:34,474 -> 2.Distance Join phase...                           |   9.84s |   1766 combinations
2018-05-17 13:01:40,621 -> 3.Getting candidates...                            |   6.15s |    286 candidates
2018-05-17 13:01:42,958 -> 4.Found flocks...                                  |   2.34s |    198 flocks
2018-05-17 13:01:49,401 -> 5.Updating times...                                |   2.18s |    286 flocks
2018-05-17 13:01:52,548 -> 6.Filter phase...                                  |   3.15s |    311 flocks
2018-05-17 13:01:57,972 -> Reporting locations...                             |   5.42s |  18546 points
2018-05-17 13:01:57,972 -> A.Setting mu=4,epsilon=30.0,cores=28,dataset=berlin0-10
2018-05-17 13:02:03,726 -> B.Indexing points... [5.739s] [0 results]
2018-05-17 13:02:14,247 -> C.Getting pairs... [10.521s] [5758 results]
2018-05-17 13:02:15,629 -> D.Computing centers... [1.382s] [11516 results]
2018-05-17 13:02:16,598 -> E.Indexing centers... [0.969s] [11516 results]
2018-05-17 13:02:23,866 -> F.Getting disks... [7.268s] [11516 results]
2018-05-17 13:02:24,116 -> G.Filtering less-than-mu disks... [0.250s] [1346 results]
2018-05-17 13:02:28,331 -> H.Prunning duplicate candidates... [4.215s] [681 results]
2018-05-17 13:02:28,687 -> I.Indexing candidates... [4.571s] [681 results]
2018-05-17 13:02:28,935 -> J.Getting expansions... [0.248s] [1951 results]
2018-05-17 13:02:29,112 -> K.Finding maximal disks... [0.177s] [225 results]
2018-05-17 13:02:30,971 -> L.Prunning duplicates and subsets... [1.859s] [222 results]
2018-05-17 13:02:30,971 ->      Dataset,   Eps, Cores, Mu,   Time, # Pairs,   # Disks, # Candidates, # Maximals
2018-05-17 13:02:30,971 ->   berlin0-10,  30.0,    28,  4,  32.98,    5758,     11516,          681,        222
2018-05-17 13:02:31,453 -> Dropping indices...[0.481s]
2018-05-17 13:02:31,790 -> 1.Set of disks for t_i...                          |  33.82s |    222 disks
2018-05-17 13:02:42,473 -> 2.Distance Join phase...                           |  10.68s |   1514 combinations
2018-05-17 13:02:49,209 -> 3.Getting candidates...                            |   6.74s |    286 candidates
2018-05-17 13:02:50,733 -> 4.Found flocks...                                  |   1.52s |    201 flocks
2018-05-17 13:02:58,007 -> 5.Updating times...                                |   2.02s |    286 flocks
2018-05-17 13:03:01,159 -> 6.Filter phase...                                  |   3.15s |    306 flocks
2018-05-17 13:03:06,804 -> Reporting locations...                             |   5.65s |  18546 points
2018-05-17 13:03:06,804 -> A.Setting mu=4,epsilon=30.0,cores=28,dataset=berlin0-10
2018-05-17 13:03:12,455 -> B.Indexing points... [5.635s] [0 results]
2018-05-17 13:03:23,470 -> C.Getting pairs... [11.015s] [5788 results]
2018-05-17 13:03:24,996 -> D.Computing centers... [1.526s] [11576 results]
2018-05-17 13:03:26,109 -> E.Indexing centers... [1.112s] [11576 results]
2018-05-17 13:03:33,396 -> F.Getting disks... [7.287s] [11576 results]
2018-05-17 13:03:33,651 -> G.Filtering less-than-mu disks... [0.254s] [1361 results]
2018-05-17 13:03:37,834 -> H.Prunning duplicate candidates... [4.183s] [688 results]
2018-05-17 13:03:38,206 -> I.Indexing candidates... [4.555s] [688 results]
2018-05-17 13:03:38,398 -> J.Getting expansions... [0.191s] [1882 results]
2018-05-17 13:03:38,559 -> K.Finding maximal disks... [0.161s] [233 results]
2018-05-17 13:03:40,453 -> L.Prunning duplicates and subsets... [1.894s] [231 results]
2018-05-17 13:03:40,453 ->      Dataset,   Eps, Cores, Mu,   Time, # Pairs,   # Disks, # Candidates, # Maximals
2018-05-17 13:03:40,453 ->   berlin0-10,  30.0,    28,  4,  33.63,    5788,     11576,          688,        231
2018-05-17 13:03:41,177 -> Dropping indices...[0.724s]
2018-05-17 13:03:41,476 -> 1.Set of disks for t_i...                          |  34.67s |    231 disks
2018-05-17 13:03:52,356 -> 2.Distance Join phase...                           |  10.88s |   1484 combinations
2018-05-17 13:03:59,538 -> 3.Getting candidates...                            |   7.18s |    275 candidates
2018-05-17 13:04:01,102 -> 4.Found flocks...                                  |   1.56s |    194 flocks
2018-05-17 13:04:11,688 -> 5.Updating times...                                |   2.28s |    275 flocks
2018-05-17 13:04:15,218 -> 6.Filter phase...                                  |   3.53s |    303 flocks
2018-05-17 13:04:20,626 -> Reporting locations...                             |   5.41s |  18546 points
2018-05-17 13:04:20,627 -> A.Setting mu=4,epsilon=30.0,cores=28,dataset=berlin0-10
2018-05-17 13:04:25,835 -> B.Indexing points... [5.195s] [0 results]
2018-05-17 13:04:36,529 -> C.Getting pairs... [10.694s] [5791 results]
2018-05-17 13:04:37,923 -> D.Computing centers... [1.394s] [11582 results]
2018-05-17 13:04:39,069 -> E.Indexing centers... [1.145s] [11582 results]
2018-05-17 13:04:46,585 -> F.Getting disks... [7.516s] [11582 results]
2018-05-17 13:04:46,843 -> G.Filtering less-than-mu disks... [0.258s] [1316 results]
2018-05-17 13:04:51,162 -> H.Prunning duplicate candidates... [4.319s] [670 results]
2018-05-17 13:04:51,529 -> I.Indexing candidates... [4.686s] [670 results]
2018-05-17 13:04:51,738 -> J.Getting expansions... [0.209s] [1792 results]
2018-05-17 13:04:51,903 -> K.Finding maximal disks... [0.165s] [220 results]
2018-05-17 13:04:53,866 -> L.Prunning duplicates and subsets... [1.963s] [219 results]
2018-05-17 13:04:53,866 ->      Dataset,   Eps, Cores, Mu,   Time, # Pairs,   # Disks, # Candidates, # Maximals
2018-05-17 13:04:53,866 ->   berlin0-10,  30.0,    28,  4,  33.23,    5791,     11582,          670,        219
2018-05-17 13:04:54,513 -> Dropping indices...[0.646s]
2018-05-17 13:04:54,840 -> 1.Set of disks for t_i...                          |  34.21s |    219 disks
2018-05-17 13:05:06,980 -> 2.Distance Join phase...                           |  12.14s |   1268 combinations
2018-05-17 13:05:13,819 -> 3.Getting candidates...                            |   6.84s |    270 candidates
2018-05-17 13:05:15,600 -> 4.Found flocks...                                  |   1.78s |    187 flocks
2018-05-17 13:05:25,155 -> 5.Updating times...                                |   2.33s |    270 flocks
2018-05-17 13:05:29,632 -> 6.Filter phase...                                  |   4.48s |    291 flocks
2018-05-17 13:05:34,903 -> Reporting locations...                             |   5.27s |  18546 points
2018-05-17 13:05:34,903 -> A.Setting mu=4,epsilon=30.0,cores=28,dataset=berlin0-10
2018-05-17 13:05:40,554 -> B.Indexing points... [5.623s] [0 results]
2018-05-17 13:05:51,168 -> C.Getting pairs... [10.614s] [5802 results]
2018-05-17 13:05:52,634 -> D.Computing centers... [1.466s] [11604 results]
2018-05-17 13:05:53,669 -> E.Indexing centers... [1.035s] [11604 results]
2018-05-17 13:06:01,173 -> F.Getting disks... [7.504s] [11604 results]
2018-05-17 13:06:01,467 -> G.Filtering less-than-mu disks... [0.294s] [1306 results]
2018-05-17 13:06:05,545 -> H.Prunning duplicate candidates... [4.078s] [675 results]
2018-05-17 13:06:05,942 -> I.Indexing candidates... [4.475s] [675 results]
2018-05-17 13:06:06,207 -> J.Getting expansions... [0.265s] [1813 results]
2018-05-17 13:06:06,370 -> K.Finding maximal disks... [0.163s] [212 results]
2018-05-17 13:06:08,397 -> L.Prunning duplicates and subsets... [2.027s] [210 results]
2018-05-17 13:06:08,397 ->      Dataset,   Eps, Cores, Mu,   Time, # Pairs,   # Disks, # Candidates, # Maximals
2018-05-17 13:06:08,397 ->   berlin0-10,  30.0,    28,  4,  33.47,    5802,     11604,          675,        210
2018-05-17 13:06:09,253 -> Dropping indices...[0.856s]
2018-05-17 13:06:09,589 -> 1.Set of disks for t_i...                          |  34.69s |    210 disks
2018-05-17 13:06:21,515 -> 2.Distance Join phase...                           |  11.93s |   1088 combinations
2018-05-17 13:06:29,226 -> 3.Getting candidates...                            |   7.71s |    257 candidates
2018-05-17 13:06:31,272 -> 4.Found flocks...                                  |   2.05s |    185 flocks
2018-05-17 13:06:43,036 -> 5.Updating times...                                |   3.08s |    257 flocks
2018-05-17 13:06:47,703 -> 6.Filter phase...                                  |   4.67s |    276 flocks
2018-05-17 13:06:52,921 -> Reporting locations...                             |   5.22s |  18546 points
2018-05-17 13:06:52,922 -> A.Setting mu=4,epsilon=30.0,cores=28,dataset=berlin0-10
2018-05-17 13:06:58,968 -> B.Indexing points... [6.019s] [0 results]
2018-05-17 13:07:09,824 -> C.Getting pairs... [10.856s] [5797 results]
2018-05-17 13:07:11,215 -> D.Computing centers... [1.391s] [11594 results]
2018-05-17 13:07:12,247 -> E.Indexing centers... [1.032s] [11594 results]
2018-05-17 13:07:19,679 -> F.Getting disks... [7.431s] [11594 results]
2018-05-17 13:07:19,925 -> G.Filtering less-than-mu disks... [0.246s] [1312 results]
2018-05-17 13:07:23,939 -> H.Prunning duplicate candidates... [4.013s] [675 results]
2018-05-17 13:07:24,282 -> I.Indexing candidates... [4.356s] [675 results]
2018-05-17 13:07:24,451 -> J.Getting expansions... [0.169s] [1804 results]
2018-05-17 13:07:24,684 -> K.Finding maximal disks... [0.233s] [212 results]
2018-05-17 13:07:26,698 -> L.Prunning duplicates and subsets... [2.014s] [211 results]
2018-05-17 13:07:26,698 ->      Dataset,   Eps, Cores, Mu,   Time, # Pairs,   # Disks, # Candidates, # Maximals
2018-05-17 13:07:26,698 ->   berlin0-10,  30.0,    28,  4,  33.75,    5797,     11594,          675,        211
2018-05-17 13:07:27,627 -> Dropping indices...[0.929s]
2018-05-17 13:07:27,998 -> 1.Set of disks for t_i...                          |  35.08s |    211 disks
2018-05-17 13:07:41,567 -> 2.Distance Join phase...                           |  13.57s |    955 combinations
2018-05-17 13:07:49,382 -> 3.Getting candidates...                            |   7.82s |    240 candidates
2018-05-17 13:07:51,173 -> 4.Found flocks...                                  |   1.79s |    173 flocks
2018-05-17 13:08:03,377 -> 5.Updating times...                                |   2.50s |    240 flocks
2018-05-17 13:08:07,036 -> 6.Filter phase...                                  |   3.66s |    264 flocks
2018-05-17 13:08:07,037 -> 

PFLOCK_SJ	30.0	4	5	1329

2018-05-17 13:08:15,201 -> Running SpatialJoin...                             | 704.43s |   1329 flocks
2018-05-17 13:08:15,202 -> method=SpatialJoin,cores=28,epsilon=30.0,mu=4,delta=5,time=704.427,master=spark://169.235.27.134:7077
2018-05-17 13:08:15,202 -> Closing app...
2018-05-17 13:08:16,982 -> Iteration 1 has ended...


2018-05-17 13:08:16,982 -> FlockFinder Benchmark has been run...


acald013@dblab-rack14: stopping org.apache.spark.deploy.worker.Worker
acald013@dblab-rack15: stopping org.apache.spark.deploy.worker.Worker
acald013@dblab-rack11: stopping org.apache.spark.deploy.worker.Worker
acald013@dblab-rack12: stopping org.apache.spark.deploy.worker.Worker
stopping org.apache.spark.deploy.master.Master
2018-05-17 13:08:23,490 -> *** Everything is done!!! ***
