2018-05-17 09:35:26,686 -> Setting 4 nodes...


acald013@dblab-rack12: no org.apache.spark.deploy.worker.Worker to stop
acald013@dblab-rack15: no org.apache.spark.deploy.worker.Worker to stop
acald013@dblab-rack14: no org.apache.spark.deploy.worker.Worker to stop
acald013@dblab-rack11: no org.apache.spark.deploy.worker.Worker to stop
no org.apache.spark.deploy.master.Master to stop
starting org.apache.spark.deploy.master.Master, logging to /home/acald013/Spark/spark-2.1.0-bin-hadoop2.7/logs/spark-acald013-org.apache.spark.deploy.master.Master-1-dblab-rack11.cs.ucr.edu.out
acald013@dblab-rack12: starting org.apache.spark.deploy.worker.Worker, logging to /home/acald013/Spark/spark-2.1.0-bin-hadoop2.7/logs/spark-acald013-org.apache.spark.deploy.worker.Worker-1-dblab-rack12.out
acald013@dblab-rack14: starting org.apache.spark.deploy.worker.Worker, logging to /home/acald013/Spark/spark-2.1.0-bin-hadoop2.7/logs/spark-acald013-org.apache.spark.deploy.worker.Worker-1-dblab-rack14.cs.ucr.edu.out
acald013@dblab-rack11: starting org.apache.spark.deploy.worker.Worker, logging to /home/acald013/Spark/spark-2.1.0-bin-hadoop2.7/logs/spark-acald013-org.apache.spark.deploy.worker.Worker-1-dblab-rack11.cs.ucr.edu.out
acald013@dblab-rack15: starting org.apache.spark.deploy.worker.Worker, logging to /home/acald013/Spark/spark-2.1.0-bin-hadoop2.7/logs/spark-acald013-org.apache.spark.deploy.worker.Worker-1-dblab-rack15.out
2018-05-17 09:35:35,166 -> 4 nodes has been set...


2018-05-17 09:35:35,166 -> Running FlockFinder Benchmark...


2018-05-17 09:35:35,166 -> Iteration 1 has started...
2018-05-17 09:35:35,234 -> spark-submit --class FlockFinderBenchmark /home/acald013/Research/PFlock/target/scala-2.11/pflock_2.11-2.0.jar --path Datasets/Berlin/ --dataset berlin0-10 --epsilon 10 --epsilon_max 20 --epsilon_step 5 --mu 4 --mu_max 4 --mu_step 1 --delta 5 --delta_max 5 --delta_step 2 --cores 28
2018-05-17 09:35:37,158 -> Starting app...
2018-05-17 09:35:40,719 -> Starting session                                   |   3.56s |      0 
2018-05-17 09:35:40,734 -> Setting paramaters                                 |   0.02s |      0 
2018-05-17 09:35:44,281 -> Reading data                                       |   3.55s | 203106 points
2018-05-17 09:35:48,175 -> Extracting timestamps                              |   3.89s |     11 timestamps
2018-05-17 09:35:48,180 -> === SpatialJoin Start ===
2018-05-17 09:35:53,690 -> Reporting locations...                             |   5.31s |  18093 points
2018-05-17 09:35:53,705 -> A.Setting mu=4,epsilon=10.0,cores=28,dataset=berlin0-10
2018-05-17 09:36:00,173 -> B.Indexing points... [6.425s] [0 results]
2018-05-17 09:36:08,414 -> C.Getting pairs... [8.241s] [1241 results]
2018-05-17 09:36:10,320 -> D.Computing centers... [1.906s] [2482 results]
2018-05-17 09:36:11,270 -> E.Indexing centers... [0.949s] [2482 results]
2018-05-17 09:36:16,333 -> F.Getting disks... [5.063s] [2482 results]
2018-05-17 09:36:16,639 -> G.Filtering less-than-mu disks... [0.305s] [36 results]
2018-05-17 09:36:19,499 -> H.Prunning duplicate candidates... [2.860s] [17 results]
2018-05-17 09:36:20,009 -> I.Indexing candidates... [3.370s] [17 results]
2018-05-17 09:36:20,151 -> J.Getting expansions... [0.142s] [56 results]
2018-05-17 09:36:21,090 -> K.Finding maximal disks... [0.939s] [12 results]
2018-05-17 09:36:22,830 -> L.Prunning duplicates and subsets... [1.740s] [11 results]
2018-05-17 09:36:22,830 ->      Dataset,   Eps, Cores, Mu,   Time, # Pairs,   # Disks, # Candidates, # Maximals
2018-05-17 09:36:22,830 ->   berlin0-10,  10.0,    28,  4,  29.08,    1241,      2482,           17,         11
2018-05-17 09:36:22,907 -> Dropping indices...[0.076s]
2018-05-17 09:36:23,258 -> 1.Set of disks for t_i...                          |  29.57s |     11 disks
2018-05-17 09:36:23,867 -> 4.Found flocks...                                  |   0.61s |      0 flocks
2018-05-17 09:36:24,704 -> 5.Updating times...                                |   0.53s |     11 flocks
2018-05-17 09:36:25,582 -> 6.Filter phase...                                  |   0.88s |     11 flocks
2018-05-17 09:36:30,735 -> Reporting locations...                             |   5.15s |  18245 points
2018-05-17 09:36:30,736 -> A.Setting mu=4,epsilon=10.0,cores=28,dataset=berlin0-10
2018-05-17 09:36:34,665 -> B.Indexing points... [3.909s] [0 results]
2018-05-17 09:36:40,421 -> C.Getting pairs... [5.756s] [1273 results]
2018-05-17 09:36:41,769 -> D.Computing centers... [1.348s] [2546 results]
2018-05-17 09:36:42,574 -> E.Indexing centers... [0.805s] [2546 results]
2018-05-17 09:36:47,270 -> F.Getting disks... [4.695s] [2546 results]
2018-05-17 09:36:47,479 -> G.Filtering less-than-mu disks... [0.209s] [42 results]
2018-05-17 09:36:49,337 -> H.Prunning duplicate candidates... [1.858s] [18 results]
2018-05-17 09:36:49,694 -> I.Indexing candidates... [2.215s] [18 results]
2018-05-17 09:36:49,890 -> J.Getting expansions... [0.196s] [58 results]
2018-05-17 09:36:50,035 -> K.Finding maximal disks... [0.145s] [14 results]
2018-05-17 09:36:51,370 -> L.Prunning duplicates and subsets... [1.335s] [13 results]
2018-05-17 09:36:51,370 ->      Dataset,   Eps, Cores, Mu,   Time, # Pairs,   # Disks, # Candidates, # Maximals
2018-05-17 09:36:51,370 ->   berlin0-10,  10.0,    28,  4,  20.61,    1273,      2546,           18,         13
2018-05-17 09:36:51,444 -> Dropping indices...[0.074s]
2018-05-17 09:36:51,687 -> 1.Set of disks for t_i...                          |  20.95s |     13 disks
2018-05-17 09:36:54,741 -> 2.Distance Join phase...                           |   3.05s |     14 combinations
2018-05-17 09:36:56,385 -> 3.Getting candidates...                            |   1.64s |     10 candidates
2018-05-17 09:36:56,606 -> 4.Found flocks...                                  |   0.22s |      0 flocks
2018-05-17 09:36:57,210 -> 5.Updating times...                                |   0.26s |     10 flocks
2018-05-17 09:36:57,703 -> 6.Filter phase...                                  |   0.49s |     13 flocks
2018-05-17 09:37:03,141 -> Reporting locations...                             |   5.44s |  18394 points
2018-05-17 09:37:03,141 -> A.Setting mu=4,epsilon=10.0,cores=28,dataset=berlin0-10
2018-05-17 09:37:07,073 -> B.Indexing points... [3.913s] [0 results]
2018-05-17 09:37:12,321 -> C.Getting pairs... [5.248s] [1306 results]
2018-05-17 09:37:13,571 -> D.Computing centers... [1.250s] [2612 results]
2018-05-17 09:37:14,342 -> E.Indexing centers... [0.771s] [2612 results]
2018-05-17 09:37:18,648 -> F.Getting disks... [4.306s] [2612 results]
2018-05-17 09:37:18,831 -> G.Filtering less-than-mu disks... [0.183s] [40 results]
2018-05-17 09:37:20,719 -> H.Prunning duplicate candidates... [1.887s] [16 results]
2018-05-17 09:37:21,075 -> I.Indexing candidates... [2.243s] [16 results]
2018-05-17 09:37:21,208 -> J.Getting expansions... [0.133s] [41 results]
2018-05-17 09:37:21,395 -> K.Finding maximal disks... [0.187s] [15 results]
2018-05-17 09:37:22,593 -> L.Prunning duplicates and subsets... [1.198s] [14 results]
2018-05-17 09:37:22,593 ->      Dataset,   Eps, Cores, Mu,   Time, # Pairs,   # Disks, # Candidates, # Maximals
2018-05-17 09:37:22,593 ->   berlin0-10,  10.0,    28,  4,  19.43,    1306,      2612,           16,         14
2018-05-17 09:37:22,682 -> Dropping indices...[0.089s]
2018-05-17 09:37:22,932 -> 1.Set of disks for t_i...                          |  19.79s |     14 disks
2018-05-17 09:37:25,625 -> 2.Distance Join phase...                           |   2.69s |     16 combinations
2018-05-17 09:37:27,038 -> 3.Getting candidates...                            |   1.41s |     13 candidates
2018-05-17 09:37:27,344 -> 4.Found flocks...                                  |   0.31s |      0 flocks
2018-05-17 09:37:28,187 -> 5.Updating times...                                |   0.35s |     13 flocks
2018-05-17 09:37:28,774 -> 6.Filter phase...                                  |   0.59s |     14 flocks
2018-05-17 09:37:33,733 -> Reporting locations...                             |   4.96s |  18548 points
2018-05-17 09:37:33,734 -> A.Setting mu=4,epsilon=10.0,cores=28,dataset=berlin0-10
2018-05-17 09:37:39,339 -> B.Indexing points... [5.587s] [0 results]
2018-05-17 09:37:48,858 -> C.Getting pairs... [9.519s] [1318 results]
2018-05-17 09:37:50,165 -> D.Computing centers... [1.306s] [2636 results]
2018-05-17 09:37:50,984 -> E.Indexing centers... [0.819s] [2636 results]
2018-05-17 09:37:57,294 -> F.Getting disks... [6.310s] [2636 results]
2018-05-17 09:37:57,485 -> G.Filtering less-than-mu disks... [0.191s] [42 results]
2018-05-17 09:38:01,192 -> H.Prunning duplicate candidates... [3.707s] [16 results]
2018-05-17 09:38:01,497 -> I.Indexing candidates... [4.012s] [16 results]
2018-05-17 09:38:01,627 -> J.Getting expansions... [0.130s] [38 results]
2018-05-17 09:38:01,766 -> K.Finding maximal disks... [0.139s] [16 results]
2018-05-17 09:38:03,524 -> L.Prunning duplicates and subsets... [1.758s] [16 results]
2018-05-17 09:38:03,525 ->      Dataset,   Eps, Cores, Mu,   Time, # Pairs,   # Disks, # Candidates, # Maximals
2018-05-17 09:38:03,525 ->   berlin0-10,  10.0,    28,  4,  29.77,    1318,      2636,           16,         16
2018-05-17 09:38:03,642 -> Dropping indices...[0.117s]
2018-05-17 09:38:03,889 -> 1.Set of disks for t_i...                          |  30.16s |     16 disks
2018-05-17 09:38:06,819 -> 2.Distance Join phase...                           |   2.93s |     23 combinations
2018-05-17 09:38:08,386 -> 3.Getting candidates...                            |   1.57s |     15 candidates
2018-05-17 09:38:08,777 -> 4.Found flocks...                                  |   0.39s |      0 flocks
2018-05-17 09:38:09,830 -> 5.Updating times...                                |   0.45s |     15 flocks
2018-05-17 09:38:10,538 -> 6.Filter phase...                                  |   0.71s |     16 flocks
2018-05-17 09:38:15,478 -> Reporting locations...                             |   4.94s |  18548 points
2018-05-17 09:38:15,478 -> A.Setting mu=4,epsilon=10.0,cores=28,dataset=berlin0-10
2018-05-17 09:38:20,719 -> B.Indexing points... [5.224s] [0 results]
2018-05-17 09:38:30,302 -> C.Getting pairs... [9.583s] [1312 results]
2018-05-17 09:38:31,528 -> D.Computing centers... [1.226s] [2624 results]
2018-05-17 09:38:32,287 -> E.Indexing centers... [0.759s] [2624 results]
2018-05-17 09:38:39,255 -> F.Getting disks... [6.968s] [2624 results]
2018-05-17 09:38:39,433 -> G.Filtering less-than-mu disks... [0.178s] [48 results]
2018-05-17 09:38:43,029 -> H.Prunning duplicate candidates... [3.596s] [19 results]
2018-05-17 09:38:43,347 -> I.Indexing candidates... [3.914s] [19 results]
2018-05-17 09:38:43,475 -> J.Getting expansions... [0.128s] [59 results]
2018-05-17 09:38:43,607 -> K.Finding maximal disks... [0.132s] [19 results]
2018-05-17 09:38:45,321 -> L.Prunning duplicates and subsets... [1.714s] [19 results]
2018-05-17 09:38:45,321 ->      Dataset,   Eps, Cores, Mu,   Time, # Pairs,   # Disks, # Candidates, # Maximals
2018-05-17 09:38:45,321 ->   berlin0-10,  10.0,    28,  4,  29.83,    1312,      2624,           19,         19
2018-05-17 09:38:45,473 -> Dropping indices...[0.152s]
2018-05-17 09:38:45,775 -> 1.Set of disks for t_i...                          |  30.30s |     19 disks
2018-05-17 09:38:49,170 -> 2.Distance Join phase...                           |   3.40s |     32 combinations
2018-05-17 09:38:50,957 -> 3.Getting candidates...                            |   1.79s |     14 candidates
2018-05-17 09:38:51,460 -> 4.Found flocks...                                  |   0.50s |     10 flocks
2018-05-17 09:38:52,736 -> 5.Updating times...                                |   0.54s |     14 flocks
2018-05-17 09:38:53,543 -> 6.Filter phase...                                  |   0.81s |     19 flocks
2018-05-17 09:38:58,575 -> Reporting locations...                             |   5.03s |  18548 points
2018-05-17 09:38:58,575 -> A.Setting mu=4,epsilon=10.0,cores=28,dataset=berlin0-10
2018-05-17 09:39:03,842 -> B.Indexing points... [5.249s] [0 results]
2018-05-17 09:39:13,227 -> C.Getting pairs... [9.385s] [1306 results]
2018-05-17 09:39:14,399 -> D.Computing centers... [1.172s] [2612 results]
2018-05-17 09:39:15,200 -> E.Indexing centers... [0.801s] [2612 results]
2018-05-17 09:39:21,673 -> F.Getting disks... [6.473s] [2612 results]
2018-05-17 09:39:21,859 -> G.Filtering less-than-mu disks... [0.186s] [42 results]
2018-05-17 09:39:25,589 -> H.Prunning duplicate candidates... [3.730s] [17 results]
2018-05-17 09:39:25,958 -> I.Indexing candidates... [4.099s] [17 results]
2018-05-17 09:39:26,085 -> J.Getting expansions... [0.126s] [59 results]
2018-05-17 09:39:26,209 -> K.Finding maximal disks... [0.124s] [14 results]
2018-05-17 09:39:27,887 -> L.Prunning duplicates and subsets... [1.678s] [14 results]
2018-05-17 09:39:27,887 ->      Dataset,   Eps, Cores, Mu,   Time, # Pairs,   # Disks, # Candidates, # Maximals
2018-05-17 09:39:27,887 ->   berlin0-10,  10.0,    28,  4,  29.29,    1306,      2612,           17,         14
2018-05-17 09:39:28,088 -> Dropping indices...[0.201s]
2018-05-17 09:39:28,357 -> 1.Set of disks for t_i...                          |  29.78s |     14 disks
2018-05-17 09:39:32,743 -> 2.Distance Join phase...                           |   4.39s |     34 combinations
2018-05-17 09:39:34,675 -> 3.Getting candidates...                            |   1.93s |     15 candidates
2018-05-17 09:39:35,285 -> 4.Found flocks...                                  |   0.61s |     10 flocks
2018-05-17 09:39:36,791 -> 5.Updating times...                                |   0.65s |     15 flocks
2018-05-17 09:39:37,664 -> 6.Filter phase...                                  |   0.87s |     16 flocks
2018-05-17 09:39:42,601 -> Reporting locations...                             |   4.94s |  18546 points
2018-05-17 09:39:42,601 -> A.Setting mu=4,epsilon=10.0,cores=28,dataset=berlin0-10
2018-05-17 09:39:47,905 -> B.Indexing points... [5.286s] [0 results]
2018-05-17 09:39:57,331 -> C.Getting pairs... [9.426s] [1298 results]
2018-05-17 09:39:58,507 -> D.Computing centers... [1.176s] [2596 results]
2018-05-17 09:39:59,217 -> E.Indexing centers... [0.710s] [2596 results]
2018-05-17 09:40:05,440 -> F.Getting disks... [6.223s] [2596 results]
2018-05-17 09:40:05,633 -> G.Filtering less-than-mu disks... [0.193s] [43 results]
2018-05-17 09:40:09,342 -> H.Prunning duplicate candidates... [3.709s] [16 results]
2018-05-17 09:40:09,653 -> I.Indexing candidates... [4.020s] [16 results]
2018-05-17 09:40:09,778 -> J.Getting expansions... [0.124s] [53 results]
2018-05-17 09:40:09,899 -> K.Finding maximal disks... [0.121s] [14 results]
2018-05-17 09:40:11,585 -> L.Prunning duplicates and subsets... [1.686s] [14 results]
2018-05-17 09:40:11,585 ->      Dataset,   Eps, Cores, Mu,   Time, # Pairs,   # Disks, # Candidates, # Maximals
2018-05-17 09:40:11,585 ->   berlin0-10,  10.0,    28,  4,  28.97,    1298,      2596,           16,         14
2018-05-17 09:40:11,838 -> Dropping indices...[0.253s]
2018-05-17 09:40:12,117 -> 1.Set of disks for t_i...                          |  29.52s |     14 disks
2018-05-17 09:40:16,359 -> 2.Distance Join phase...                           |   4.24s |     28 combinations
2018-05-17 09:40:18,331 -> 3.Getting candidates...                            |   1.97s |     13 candidates
2018-05-17 09:40:18,961 -> 4.Found flocks...                                  |   0.63s |      8 flocks
2018-05-17 09:40:20,629 -> 5.Updating times...                                |   0.69s |     13 flocks
2018-05-17 09:40:21,765 -> 6.Filter phase...                                  |   1.14s |     16 flocks
2018-05-17 09:40:26,766 -> Reporting locations...                             |   5.00s |  18546 points
2018-05-17 09:40:26,767 -> A.Setting mu=4,epsilon=10.0,cores=28,dataset=berlin0-10
2018-05-17 09:40:31,929 -> B.Indexing points... [5.146s] [0 results]
2018-05-17 09:40:41,472 -> C.Getting pairs... [9.543s] [1290 results]
2018-05-17 09:40:42,752 -> D.Computing centers... [1.280s] [2580 results]
2018-05-17 09:40:43,473 -> E.Indexing centers... [0.721s] [2580 results]
2018-05-17 09:40:49,707 -> F.Getting disks... [6.234s] [2580 results]
2018-05-17 09:40:49,884 -> G.Filtering less-than-mu disks... [0.177s] [40 results]
2018-05-17 09:40:53,634 -> H.Prunning duplicate candidates... [3.749s] [16 results]
2018-05-17 09:40:53,968 -> I.Indexing candidates... [4.083s] [16 results]
2018-05-17 09:40:54,100 -> J.Getting expansions... [0.132s] [48 results]
2018-05-17 09:40:54,232 -> K.Finding maximal disks... [0.131s] [14 results]
2018-05-17 09:40:55,865 -> L.Prunning duplicates and subsets... [1.633s] [14 results]
2018-05-17 09:40:55,865 ->      Dataset,   Eps, Cores, Mu,   Time, # Pairs,   # Disks, # Candidates, # Maximals
2018-05-17 09:40:55,865 ->   berlin0-10,  10.0,    28,  4,  29.08,    1290,      2580,           16,         14
2018-05-17 09:40:56,161 -> Dropping indices...[0.296s]
2018-05-17 09:40:56,404 -> 1.Set of disks for t_i...                          |  29.64s |     14 disks
2018-05-17 09:41:01,133 -> 2.Distance Join phase...                           |   4.73s |     30 combinations
2018-05-17 09:41:03,484 -> 3.Getting candidates...                            |   2.35s |     15 candidates
2018-05-17 09:41:04,186 -> 4.Found flocks...                                  |   0.70s |      9 flocks
2018-05-17 09:41:06,202 -> 5.Updating times...                                |   0.78s |     15 flocks
2018-05-17 09:41:07,362 -> 6.Filter phase...                                  |   1.16s |     16 flocks
2018-05-17 09:41:12,436 -> Reporting locations...                             |   5.07s |  18546 points
2018-05-17 09:41:12,436 -> A.Setting mu=4,epsilon=10.0,cores=28,dataset=berlin0-10
2018-05-17 09:41:16,111 -> B.Indexing points... [3.658s] [0 results]
2018-05-17 09:41:22,461 -> C.Getting pairs... [6.350s] [1283 results]
2018-05-17 09:41:23,780 -> D.Computing centers... [1.319s] [2566 results]
2018-05-17 09:41:24,498 -> E.Indexing centers... [0.718s] [2566 results]
2018-05-17 09:41:29,100 -> F.Getting disks... [4.602s] [2566 results]
2018-05-17 09:41:29,346 -> G.Filtering less-than-mu disks... [0.245s] [44 results]
2018-05-17 09:41:31,609 -> H.Prunning duplicate candidates... [2.263s] [18 results]
2018-05-17 09:41:31,904 -> I.Indexing candidates... [2.558s] [18 results]
2018-05-17 09:41:32,030 -> J.Getting expansions... [0.126s] [70 results]
2018-05-17 09:41:32,148 -> K.Finding maximal disks... [0.118s] [15 results]
2018-05-17 09:41:33,386 -> L.Prunning duplicates and subsets... [1.237s] [15 results]
2018-05-17 09:41:33,386 ->      Dataset,   Eps, Cores, Mu,   Time, # Pairs,   # Disks, # Candidates, # Maximals
2018-05-17 09:41:33,386 ->   berlin0-10,  10.0,    28,  4,  20.93,    1283,      2566,           18,         15
2018-05-17 09:41:33,702 -> Dropping indices...[0.316s]
2018-05-17 09:41:33,960 -> 1.Set of disks for t_i...                          |  21.52s |     15 disks
2018-05-17 09:41:39,020 -> 2.Distance Join phase...                           |   5.06s |     32 combinations
2018-05-17 09:41:41,360 -> 3.Getting candidates...                            |   2.34s |     14 candidates
2018-05-17 09:41:42,146 -> 4.Found flocks...                                  |   0.79s |     10 flocks
2018-05-17 09:41:44,258 -> 5.Updating times...                                |   0.85s |     14 flocks
2018-05-17 09:41:45,445 -> 6.Filter phase...                                  |   1.19s |     17 flocks
2018-05-17 09:41:50,258 -> Reporting locations...                             |   4.81s |  18546 points
2018-05-17 09:41:50,259 -> A.Setting mu=4,epsilon=10.0,cores=28,dataset=berlin0-10
2018-05-17 09:41:55,941 -> B.Indexing points... [5.647s] [0 results]
2018-05-17 09:42:06,535 -> C.Getting pairs... [10.594s] [1289 results]
2018-05-17 09:42:07,848 -> D.Computing centers... [1.312s] [2578 results]
2018-05-17 09:42:08,579 -> E.Indexing centers... [0.731s] [2578 results]
2018-05-17 09:42:15,162 -> F.Getting disks... [6.583s] [2578 results]
2018-05-17 09:42:15,328 -> G.Filtering less-than-mu disks... [0.166s] [56 results]
2018-05-17 09:42:18,686 -> H.Prunning duplicate candidates... [3.358s] [23 results]
2018-05-17 09:42:18,997 -> I.Indexing candidates... [3.669s] [23 results]
2018-05-17 09:42:19,129 -> J.Getting expansions... [0.132s] [89 results]
2018-05-17 09:42:19,256 -> K.Finding maximal disks... [0.127s] [18 results]
2018-05-17 09:42:21,649 -> L.Prunning duplicates and subsets... [2.393s] [18 results]
2018-05-17 09:42:21,649 ->      Dataset,   Eps, Cores, Mu,   Time, # Pairs,   # Disks, # Candidates, # Maximals
2018-05-17 09:42:21,650 ->   berlin0-10,  10.0,    28,  4,  31.36,    1289,      2578,           23,         18
2018-05-17 09:42:22,040 -> Dropping indices...[0.390s]
2018-05-17 09:42:22,304 -> 1.Set of disks for t_i...                          |  32.05s |     18 disks
2018-05-17 09:42:27,640 -> 2.Distance Join phase...                           |   5.34s |     36 combinations
2018-05-17 09:42:30,037 -> 3.Getting candidates...                            |   2.40s |     14 candidates
2018-05-17 09:42:31,015 -> 4.Found flocks...                                  |   0.98s |      8 flocks
2018-05-17 09:42:34,279 -> 5.Updating times...                                |   0.99s |     14 flocks
2018-05-17 09:42:35,537 -> 6.Filter phase...                                  |   1.26s |     19 flocks
2018-05-17 09:42:40,348 -> Reporting locations...                             |   4.81s |  18546 points
2018-05-17 09:42:40,348 -> A.Setting mu=4,epsilon=10.0,cores=28,dataset=berlin0-10
2018-05-17 09:42:45,970 -> B.Indexing points... [5.587s] [0 results]
2018-05-17 09:42:56,597 -> C.Getting pairs... [10.627s] [1301 results]
2018-05-17 09:42:57,776 -> D.Computing centers... [1.179s] [2602 results]
2018-05-17 09:42:58,625 -> E.Indexing centers... [0.849s] [2602 results]
2018-05-17 09:43:05,230 -> F.Getting disks... [6.605s] [2602 results]
2018-05-17 09:43:05,405 -> G.Filtering less-than-mu disks... [0.175s] [54 results]
2018-05-17 09:43:08,667 -> H.Prunning duplicate candidates... [3.262s] [23 results]
2018-05-17 09:43:08,964 -> I.Indexing candidates... [3.559s] [23 results]
2018-05-17 09:43:09,172 -> J.Getting expansions... [0.208s] [106 results]
2018-05-17 09:43:09,309 -> K.Finding maximal disks... [0.137s] [14 results]
2018-05-17 09:43:11,225 -> L.Prunning duplicates and subsets... [1.916s] [14 results]
2018-05-17 09:43:11,225 ->      Dataset,   Eps, Cores, Mu,   Time, # Pairs,   # Disks, # Candidates, # Maximals
2018-05-17 09:43:11,226 ->   berlin0-10,  10.0,    28,  4,  30.84,    1301,      2602,           23,         14
2018-05-17 09:43:11,655 -> Dropping indices...[0.429s]
2018-05-17 09:43:11,915 -> 1.Set of disks for t_i...                          |  31.57s |     14 disks
2018-05-17 09:43:17,666 -> 2.Distance Join phase...                           |   5.75s |     34 combinations
2018-05-17 09:43:20,356 -> 3.Getting candidates...                            |   2.69s |     14 candidates
2018-05-17 09:43:21,303 -> 4.Found flocks...                                  |   0.95s |      7 flocks
2018-05-17 09:43:23,965 -> 5.Updating times...                                |   1.05s |     14 flocks
2018-05-17 09:43:25,289 -> 6.Filter phase...                                  |   1.32s |     16 flocks
2018-05-17 09:43:25,290 -> 

PFLOCK_SJ	10.0	4	5	62

2018-05-17 09:43:26,765 -> Running SpatialJoin...                             | 458.59s |     62 flocks
2018-05-17 09:43:26,766 -> method=SpatialJoin,cores=28,epsilon=10.0,mu=4,delta=5,time=458.585,master=spark://169.235.27.134:7077
2018-05-17 09:43:26,766 -> === SpatialJoin Start ===
2018-05-17 09:43:31,821 -> Reporting locations...                             |   4.98s |  18093 points
2018-05-17 09:43:31,822 -> A.Setting mu=4,epsilon=15.0,cores=28,dataset=berlin0-10
2018-05-17 09:43:35,332 -> B.Indexing points... [3.493s] [0 results]
2018-05-17 09:43:40,188 -> C.Getting pairs... [4.855s] [2179 results]
2018-05-17 09:43:41,469 -> D.Computing centers... [1.281s] [4358 results]
2018-05-17 09:43:42,239 -> E.Indexing centers... [0.770s] [4358 results]
2018-05-17 09:43:46,610 -> F.Getting disks... [4.371s] [4358 results]
2018-05-17 09:43:46,789 -> G.Filtering less-than-mu disks... [0.179s] [146 results]
2018-05-17 09:43:48,753 -> H.Prunning duplicate candidates... [1.964s] [62 results]
2018-05-17 09:43:49,060 -> I.Indexing candidates... [2.271s] [62 results]
2018-05-17 09:43:49,190 -> J.Getting expansions... [0.130s] [178 results]
2018-05-17 09:43:49,318 -> K.Finding maximal disks... [0.127s] [38 results]
2018-05-17 09:43:50,386 -> L.Prunning duplicates and subsets... [1.068s] [38 results]
2018-05-17 09:43:50,386 ->      Dataset,   Eps, Cores, Mu,   Time, # Pairs,   # Disks, # Candidates, # Maximals
2018-05-17 09:43:50,386 ->   berlin0-10,  15.0,    28,  4,  18.55,    2179,      4358,           62,         38
2018-05-17 09:43:50,786 -> Dropping indices...[0.400s]
2018-05-17 09:43:51,040 -> 1.Set of disks for t_i...                          |  19.22s |     38 disks
2018-05-17 09:43:51,284 -> 4.Found flocks...                                  |   0.24s |      0 flocks
2018-05-17 09:43:51,832 -> 5.Updating times...                                |   0.32s |     38 flocks
2018-05-17 09:43:52,631 -> 6.Filter phase...                                  |   0.80s |     38 flocks
2018-05-17 09:43:57,585 -> Reporting locations...                             |   4.95s |  18245 points
2018-05-17 09:43:57,585 -> A.Setting mu=4,epsilon=15.0,cores=28,dataset=berlin0-10
2018-05-17 09:44:01,175 -> B.Indexing points... [3.572s] [0 results]
2018-05-17 09:44:06,831 -> C.Getting pairs... [5.656s] [2207 results]
2018-05-17 09:44:08,080 -> D.Computing centers... [1.249s] [4414 results]
2018-05-17 09:44:08,867 -> E.Indexing centers... [0.787s] [4414 results]
2018-05-17 09:44:12,954 -> F.Getting disks... [4.087s] [4414 results]
2018-05-17 09:44:13,141 -> G.Filtering less-than-mu disks... [0.187s] [153 results]
2018-05-17 09:44:15,117 -> H.Prunning duplicate candidates... [1.976s] [61 results]
2018-05-17 09:44:15,438 -> I.Indexing candidates... [2.297s] [61 results]
2018-05-17 09:44:15,595 -> J.Getting expansions... [0.157s] [159 results]
2018-05-17 09:44:15,723 -> K.Finding maximal disks... [0.128s] [45 results]
2018-05-17 09:44:16,784 -> L.Prunning duplicates and subsets... [1.061s] [45 results]
2018-05-17 09:44:16,784 ->      Dataset,   Eps, Cores, Mu,   Time, # Pairs,   # Disks, # Candidates, # Maximals
2018-05-17 09:44:16,785 ->   berlin0-10,  15.0,    28,  4,  19.18,    2207,      4414,           61,         45
2018-05-17 09:44:17,279 -> Dropping indices...[0.494s]
2018-05-17 09:44:17,529 -> 1.Set of disks for t_i...                          |  19.94s |     45 disks
2018-05-17 09:44:20,519 -> 2.Distance Join phase...                           |   2.99s |    102 combinations
2018-05-17 09:44:22,347 -> 3.Getting candidates...                            |   1.83s |     40 candidates
2018-05-17 09:44:22,689 -> 4.Found flocks...                                  |   0.34s |      0 flocks
2018-05-17 09:44:23,825 -> 5.Updating times...                                |   0.55s |     40 flocks
2018-05-17 09:44:24,958 -> 6.Filter phase...                                  |   1.13s |     47 flocks
2018-05-17 09:44:30,166 -> Reporting locations...                             |   5.21s |  18394 points
2018-05-17 09:44:30,166 -> A.Setting mu=4,epsilon=15.0,cores=28,dataset=berlin0-10
2018-05-17 09:44:33,518 -> B.Indexing points... [3.335s] [0 results]
2018-05-17 09:44:38,364 -> C.Getting pairs... [4.846s] [2239 results]
2018-05-17 09:44:39,639 -> D.Computing centers... [1.275s] [4478 results]
2018-05-17 09:44:40,431 -> E.Indexing centers... [0.792s] [4478 results]
2018-05-17 09:44:44,427 -> F.Getting disks... [3.996s] [4478 results]
2018-05-17 09:44:44,719 -> G.Filtering less-than-mu disks... [0.292s] [163 results]
2018-05-17 09:44:46,869 -> H.Prunning duplicate candidates... [2.150s] [68 results]
2018-05-17 09:44:47,264 -> I.Indexing candidates... [2.545s] [68 results]
2018-05-17 09:44:47,409 -> J.Getting expansions... [0.144s] [193 results]
2018-05-17 09:44:47,538 -> K.Finding maximal disks... [0.128s] [44 results]
2018-05-17 09:44:48,625 -> L.Prunning duplicates and subsets... [1.086s] [44 results]
2018-05-17 09:44:48,625 ->      Dataset,   Eps, Cores, Mu,   Time, # Pairs,   # Disks, # Candidates, # Maximals
2018-05-17 09:44:48,625 ->   berlin0-10,  15.0,    28,  4,  18.44,    2239,      4478,           68,         44
2018-05-17 09:44:49,122 -> Dropping indices...[0.497s]
2018-05-17 09:44:49,415 -> 1.Set of disks for t_i...                          |  19.25s |     44 disks
2018-05-17 09:44:53,159 -> 2.Distance Join phase...                           |   3.74s |    110 combinations
2018-05-17 09:44:55,349 -> 3.Getting candidates...                            |   2.19s |     41 candidates
2018-05-17 09:44:55,807 -> 4.Found flocks...                                  |   0.46s |      0 flocks
2018-05-17 09:44:57,195 -> 5.Updating times...                                |   0.63s |     41 flocks
2018-05-17 09:44:58,372 -> 6.Filter phase...                                  |   1.18s |     49 flocks
2018-05-17 09:45:03,319 -> Reporting locations...                             |   4.95s |  18548 points
2018-05-17 09:45:03,319 -> A.Setting mu=4,epsilon=15.0,cores=28,dataset=berlin0-10
2018-05-17 09:45:08,752 -> B.Indexing points... [5.415s] [0 results]
2018-05-17 09:45:17,423 -> C.Getting pairs... [8.671s] [2273 results]
2018-05-17 09:45:18,643 -> D.Computing centers... [1.220s] [4546 results]
2018-05-17 09:45:19,410 -> E.Indexing centers... [0.767s] [4546 results]
2018-05-17 09:45:25,769 -> F.Getting disks... [6.359s] [4546 results]
2018-05-17 09:45:25,961 -> G.Filtering less-than-mu disks... [0.192s] [174 results]
2018-05-17 09:45:29,756 -> H.Prunning duplicate candidates... [3.795s] [73 results]
2018-05-17 09:45:30,069 -> I.Indexing candidates... [4.108s] [73 results]
2018-05-17 09:45:30,209 -> J.Getting expansions... [0.140s] [299 results]
2018-05-17 09:45:30,346 -> K.Finding maximal disks... [0.137s] [45 results]
2018-05-17 09:45:32,053 -> L.Prunning duplicates and subsets... [1.707s] [45 results]
2018-05-17 09:45:32,053 ->      Dataset,   Eps, Cores, Mu,   Time, # Pairs,   # Disks, # Candidates, # Maximals
2018-05-17 09:45:32,053 ->   berlin0-10,  15.0,    28,  4,  28.72,    2273,      4546,           73,         45
2018-05-17 09:45:32,678 -> Dropping indices...[0.625s]
2018-05-17 09:45:32,924 -> 1.Set of disks for t_i...                          |  29.61s |     45 disks
2018-05-17 09:45:37,339 -> 2.Distance Join phase...                           |   4.42s |    122 combinations
2018-05-17 09:45:39,983 -> 3.Getting candidates...                            |   2.64s |     44 candidates
2018-05-17 09:45:40,611 -> 4.Found flocks...                                  |   0.63s |      0 flocks
2018-05-17 09:45:42,782 -> 5.Updating times...                                |   1.05s |     44 flocks
2018-05-17 09:45:44,033 -> 6.Filter phase...                                  |   1.25s |     53 flocks
2018-05-17 09:45:48,975 -> Reporting locations...                             |   4.94s |  18548 points
2018-05-17 09:45:48,975 -> A.Setting mu=4,epsilon=15.0,cores=28,dataset=berlin0-10
2018-05-17 09:45:54,372 -> B.Indexing points... [5.380s] [0 results]
2018-05-17 09:46:03,870 -> C.Getting pairs... [9.497s] [2268 results]
2018-05-17 09:46:05,194 -> D.Computing centers... [1.323s] [4536 results]
2018-05-17 09:46:05,997 -> E.Indexing centers... [0.803s] [4536 results]
2018-05-17 09:46:12,404 -> F.Getting disks... [6.407s] [4536 results]
2018-05-17 09:46:12,696 -> G.Filtering less-than-mu disks... [0.292s] [176 results]
2018-05-17 09:46:16,432 -> H.Prunning duplicate candidates... [3.735s] [75 results]
2018-05-17 09:46:16,772 -> I.Indexing candidates... [4.075s] [75 results]
2018-05-17 09:46:16,912 -> J.Getting expansions... [0.140s] [289 results]
2018-05-17 09:46:17,052 -> K.Finding maximal disks... [0.139s] [45 results]
2018-05-17 09:46:18,671 -> L.Prunning duplicates and subsets... [1.619s] [45 results]
2018-05-17 09:46:18,671 ->      Dataset,   Eps, Cores, Mu,   Time, # Pairs,   # Disks, # Candidates, # Maximals
2018-05-17 09:46:18,671 ->   berlin0-10,  15.0,    28,  4,  29.68,    2268,      4536,           75,         45
2018-05-17 09:46:19,255 -> Dropping indices...[0.584s]
2018-05-17 09:46:19,550 -> 1.Set of disks for t_i...                          |  30.58s |     45 disks
2018-05-17 09:46:24,785 -> 2.Distance Join phase...                           |   5.23s |    135 combinations
2018-05-17 09:46:27,485 -> 3.Getting candidates...                            |   2.70s |     50 candidates
2018-05-17 09:46:28,270 -> 4.Found flocks...                                  |   0.78s |     26 flocks
2018-05-17 09:46:30,716 -> 5.Updating times...                                |   0.97s |     50 flocks
2018-05-17 09:46:32,165 -> 6.Filter phase...                                  |   1.45s |     59 flocks
2018-05-17 09:46:37,133 -> Reporting locations...                             |   4.97s |  18548 points
2018-05-17 09:46:37,134 -> A.Setting mu=4,epsilon=15.0,cores=28,dataset=berlin0-10
2018-05-17 09:46:42,424 -> B.Indexing points... [5.273s] [0 results]
2018-05-17 09:46:52,012 -> C.Getting pairs... [9.588s] [2265 results]
2018-05-17 09:46:53,692 -> D.Computing centers... [1.680s] [4530 results]
2018-05-17 09:46:54,511 -> E.Indexing centers... [0.819s] [4530 results]
2018-05-17 09:47:00,666 -> F.Getting disks... [6.155s] [4530 results]
2018-05-17 09:47:00,860 -> G.Filtering less-than-mu disks... [0.194s] [178 results]
2018-05-17 09:47:04,756 -> H.Prunning duplicate candidates... [3.896s] [75 results]
2018-05-17 09:47:05,081 -> I.Indexing candidates... [4.221s] [75 results]
2018-05-17 09:47:05,215 -> J.Getting expansions... [0.133s] [270 results]
2018-05-17 09:47:05,355 -> K.Finding maximal disks... [0.140s] [47 results]
2018-05-17 09:47:07,092 -> L.Prunning duplicates and subsets... [1.737s] [47 results]
2018-05-17 09:47:07,093 ->      Dataset,   Eps, Cores, Mu,   Time, # Pairs,   # Disks, # Candidates, # Maximals
2018-05-17 09:47:07,093 ->   berlin0-10,  15.0,    28,  4,  29.94,    2265,      4530,           75,         47
2018-05-17 09:47:07,762 -> Dropping indices...[0.669s]
2018-05-17 09:47:08,051 -> 1.Set of disks for t_i...                          |  30.92s |     47 disks
2018-05-17 09:47:13,818 -> 2.Distance Join phase...                           |   5.77s |    164 combinations
2018-05-17 09:47:16,817 -> 3.Getting candidates...                            |   3.00s |     55 candidates
2018-05-17 09:47:17,619 -> 4.Found flocks...                                  |   0.80s |     29 flocks
2018-05-17 09:47:20,527 -> 5.Updating times...                                |   1.09s |     55 flocks
2018-05-17 09:47:22,175 -> 6.Filter phase...                                  |   1.65s |     58 flocks
2018-05-17 09:47:27,122 -> Reporting locations...                             |   4.95s |  18546 points
2018-05-17 09:47:27,123 -> A.Setting mu=4,epsilon=15.0,cores=28,dataset=berlin0-10
2018-05-17 09:47:32,351 -> B.Indexing points... [5.212s] [0 results]
2018-05-17 09:47:41,952 -> C.Getting pairs... [9.601s] [2287 results]
2018-05-17 09:47:43,181 -> D.Computing centers... [1.228s] [4574 results]
2018-05-17 09:47:43,973 -> E.Indexing centers... [0.792s] [4574 results]
2018-05-17 09:47:50,353 -> F.Getting disks... [6.379s] [4574 results]
2018-05-17 09:47:50,548 -> G.Filtering less-than-mu disks... [0.195s] [173 results]
2018-05-17 09:47:54,390 -> H.Prunning duplicate candidates... [3.842s] [73 results]
2018-05-17 09:47:54,722 -> I.Indexing candidates... [4.174s] [73 results]
2018-05-17 09:47:54,862 -> J.Getting expansions... [0.140s] [251 results]
2018-05-17 09:47:54,997 -> K.Finding maximal disks... [0.135s] [49 results]
2018-05-17 09:47:56,663 -> L.Prunning duplicates and subsets... [1.666s] [49 results]
2018-05-17 09:47:56,663 ->      Dataset,   Eps, Cores, Mu,   Time, # Pairs,   # Disks, # Candidates, # Maximals
2018-05-17 09:47:56,663 ->   berlin0-10,  15.0,    28,  4,  29.52,    2287,      4574,           73,         49
2018-05-17 09:47:57,348 -> Dropping indices...[0.685s]
2018-05-17 09:47:57,572 -> 1.Set of disks for t_i...                          |  30.45s |     49 disks
2018-05-17 09:48:05,095 -> 2.Distance Join phase...                           |   7.52s |    165 combinations
2018-05-17 09:48:08,602 -> 3.Getting candidates...                            |   3.51s |     52 candidates
2018-05-17 09:48:09,466 -> 4.Found flocks...                                  |   0.86s |     31 flocks
2018-05-17 09:48:12,888 -> 5.Updating times...                                |   1.19s |     52 flocks
2018-05-17 09:48:14,693 -> 6.Filter phase...                                  |   1.81s |     59 flocks
2018-05-17 09:48:19,718 -> Reporting locations...                             |   5.03s |  18546 points
2018-05-17 09:48:19,719 -> A.Setting mu=4,epsilon=15.0,cores=28,dataset=berlin0-10
2018-05-17 09:48:24,901 -> B.Indexing points... [5.165s] [0 results]
2018-05-17 09:48:34,563 -> C.Getting pairs... [9.662s] [2290 results]
2018-05-17 09:48:35,779 -> D.Computing centers... [1.216s] [4580 results]
2018-05-17 09:48:36,575 -> E.Indexing centers... [0.796s] [4580 results]
2018-05-17 09:48:43,193 -> F.Getting disks... [6.617s] [4580 results]
2018-05-17 09:48:43,367 -> G.Filtering less-than-mu disks... [0.174s] [180 results]
2018-05-17 09:48:47,465 -> H.Prunning duplicate candidates... [4.098s] [76 results]
2018-05-17 09:48:47,777 -> I.Indexing candidates... [4.410s] [76 results]
2018-05-17 09:48:47,916 -> J.Getting expansions... [0.139s] [301 results]
2018-05-17 09:48:48,052 -> K.Finding maximal disks... [0.136s] [46 results]
2018-05-17 09:48:50,125 -> L.Prunning duplicates and subsets... [2.073s] [46 results]
2018-05-17 09:48:50,125 ->      Dataset,   Eps, Cores, Mu,   Time, # Pairs,   # Disks, # Candidates, # Maximals
2018-05-17 09:48:50,125 ->   berlin0-10,  15.0,    28,  4,  30.39,    2290,      4580,           76,         46
2018-05-17 09:48:50,943 -> Dropping indices...[0.818s]
2018-05-17 09:48:51,226 -> 1.Set of disks for t_i...                          |  31.51s |     46 disks
2018-05-17 09:48:57,923 -> 2.Distance Join phase...                           |   6.70s |    160 combinations
2018-05-17 09:49:01,194 -> 3.Getting candidates...                            |   3.27s |     48 candidates
2018-05-17 09:49:02,179 -> 4.Found flocks...                                  |   0.99s |     28 flocks
2018-05-17 09:49:06,229 -> 5.Updating times...                                |   1.32s |     48 flocks
2018-05-17 09:49:07,990 -> 6.Filter phase...                                  |   1.76s |     55 flocks
2018-05-17 09:49:12,877 -> Reporting locations...                             |   4.89s |  18546 points
2018-05-17 09:49:12,877 -> A.Setting mu=4,epsilon=15.0,cores=28,dataset=berlin0-10
2018-05-17 09:49:16,706 -> B.Indexing points... [3.812s] [0 results]
2018-05-17 09:49:23,144 -> C.Getting pairs... [6.438s] [2287 results]
2018-05-17 09:49:24,401 -> D.Computing centers... [1.257s] [4574 results]
2018-05-17 09:49:25,164 -> E.Indexing centers... [0.763s] [4574 results]
2018-05-17 09:49:30,244 -> F.Getting disks... [5.079s] [4574 results]
2018-05-17 09:49:30,424 -> G.Filtering less-than-mu disks... [0.180s] [189 results]
2018-05-17 09:49:33,065 -> H.Prunning duplicate candidates... [2.641s] [87 results]
2018-05-17 09:49:33,412 -> I.Indexing candidates... [2.988s] [87 results]
2018-05-17 09:49:33,549 -> J.Getting expansions... [0.137s] [394 results]
2018-05-17 09:49:33,688 -> K.Finding maximal disks... [0.139s] [42 results]
2018-05-17 09:49:34,970 -> L.Prunning duplicates and subsets... [1.282s] [42 results]
2018-05-17 09:49:34,970 ->      Dataset,   Eps, Cores, Mu,   Time, # Pairs,   # Disks, # Candidates, # Maximals
2018-05-17 09:49:34,970 ->   berlin0-10,  15.0,    28,  4,  22.08,    2287,      4574,           87,         42
2018-05-17 09:49:35,717 -> Dropping indices...[0.747s]
2018-05-17 09:49:35,991 -> 1.Set of disks for t_i...                          |  23.11s |     42 disks
2018-05-17 09:49:43,515 -> 2.Distance Join phase...                           |   7.52s |    149 combinations
2018-05-17 09:49:47,395 -> 3.Getting candidates...                            |   3.88s |     49 candidates
2018-05-17 09:49:48,481 -> 4.Found flocks...                                  |   1.09s |     29 flocks
2018-05-17 09:49:54,759 -> 5.Updating times...                                |   1.91s |     49 flocks
2018-05-17 09:49:56,577 -> 6.Filter phase...                                  |   1.82s |     56 flocks
2018-05-17 09:50:01,388 -> Reporting locations...                             |   4.81s |  18546 points
2018-05-17 09:50:01,389 -> A.Setting mu=4,epsilon=15.0,cores=28,dataset=berlin0-10
2018-05-17 09:50:07,183 -> B.Indexing points... [5.760s] [0 results]
2018-05-17 09:50:17,969 -> C.Getting pairs... [10.786s] [2274 results]
2018-05-17 09:50:19,274 -> D.Computing centers... [1.305s] [4548 results]
2018-05-17 09:50:20,049 -> E.Indexing centers... [0.775s] [4548 results]
2018-05-17 09:50:27,857 -> F.Getting disks... [7.808s] [4548 results]
2018-05-17 09:50:28,088 -> G.Filtering less-than-mu disks... [0.231s] [182 results]
2018-05-17 09:50:31,464 -> H.Prunning duplicate candidates... [3.375s] [82 results]
2018-05-17 09:50:31,771 -> I.Indexing candidates... [3.682s] [82 results]
2018-05-17 09:50:31,912 -> J.Getting expansions... [0.141s] [373 results]
2018-05-17 09:50:32,045 -> K.Finding maximal disks... [0.132s] [40 results]
2018-05-17 09:50:33,849 -> L.Prunning duplicates and subsets... [1.804s] [40 results]
2018-05-17 09:50:33,849 ->      Dataset,   Eps, Cores, Mu,   Time, # Pairs,   # Disks, # Candidates, # Maximals
2018-05-17 09:50:33,849 ->   berlin0-10,  15.0,    28,  4,  32.43,    2274,      4548,           82,         40
2018-05-17 09:50:34,684 -> Dropping indices...[0.835s]
2018-05-17 09:50:34,952 -> 1.Set of disks for t_i...                          |  33.56s |     40 disks
2018-05-17 09:50:41,986 -> 2.Distance Join phase...                           |   7.03s |    149 combinations
2018-05-17 09:50:45,526 -> 3.Getting candidates...                            |   3.54s |     49 candidates
2018-05-17 09:50:46,680 -> 4.Found flocks...                                  |   1.15s |     28 flocks
2018-05-17 09:50:51,602 -> 5.Updating times...                                |   1.47s |     49 flocks
2018-05-17 09:50:53,574 -> 6.Filter phase...                                  |   1.97s |     51 flocks
2018-05-17 09:50:58,370 -> Reporting locations...                             |   4.80s |  18546 points
2018-05-17 09:50:58,370 -> A.Setting mu=4,epsilon=15.0,cores=28,dataset=berlin0-10
2018-05-17 09:51:04,025 -> B.Indexing points... [5.622s] [0 results]
2018-05-17 09:51:14,875 -> C.Getting pairs... [10.850s] [2280 results]
2018-05-17 09:51:16,102 -> D.Computing centers... [1.227s] [4560 results]
2018-05-17 09:51:16,964 -> E.Indexing centers... [0.862s] [4560 results]
2018-05-17 09:51:23,853 -> F.Getting disks... [6.889s] [4560 results]
2018-05-17 09:51:24,042 -> G.Filtering less-than-mu disks... [0.189s] [192 results]
2018-05-17 09:51:28,019 -> H.Prunning duplicate candidates... [3.977s] [87 results]
2018-05-17 09:51:28,322 -> I.Indexing candidates... [4.280s] [87 results]
2018-05-17 09:51:28,492 -> J.Getting expansions... [0.170s] [402 results]
2018-05-17 09:51:28,630 -> K.Finding maximal disks... [0.137s] [43 results]
2018-05-17 09:51:30,422 -> L.Prunning duplicates and subsets... [1.792s] [43 results]
2018-05-17 09:51:30,422 ->      Dataset,   Eps, Cores, Mu,   Time, # Pairs,   # Disks, # Candidates, # Maximals
2018-05-17 09:51:30,422 ->   berlin0-10,  15.0,    28,  4,  32.02,    2280,      4560,           87,         43
2018-05-17 09:51:31,329 -> Dropping indices...[0.907s]
2018-05-17 09:51:31,621 -> 1.Set of disks for t_i...                          |  33.25s |     43 disks
2018-05-17 09:51:39,583 -> 2.Distance Join phase...                           |   7.96s |    158 combinations
2018-05-17 09:51:43,383 -> 3.Getting candidates...                            |   3.80s |     47 candidates
2018-05-17 09:51:44,670 -> 4.Found flocks...                                  |   1.29s |     30 flocks
2018-05-17 09:51:50,071 -> 5.Updating times...                                |   1.55s |     47 flocks
2018-05-17 09:51:52,074 -> 6.Filter phase...                                  |   2.00s |     55 flocks
2018-05-17 09:51:52,074 -> 

PFLOCK_SJ	15.0	4	5	201

2018-05-17 09:51:55,651 -> Running SpatialJoin...                             | 508.89s |    201 flocks
2018-05-17 09:51:55,651 -> method=SpatialJoin,cores=28,epsilon=15.0,mu=4,delta=5,time=508.885,master=spark://169.235.27.134:7077
2018-05-17 09:51:55,651 -> === SpatialJoin Start ===
2018-05-17 09:52:00,716 -> Reporting locations...                             |   4.98s |  18093 points
2018-05-17 09:52:00,716 -> A.Setting mu=4,epsilon=20.0,cores=28,dataset=berlin0-10
2018-05-17 09:52:04,291 -> B.Indexing points... [3.558s] [0 results]
2018-05-17 09:52:09,739 -> C.Getting pairs... [5.448s] [3199 results]
2018-05-17 09:52:11,010 -> D.Computing centers... [1.271s] [6398 results]
2018-05-17 09:52:11,848 -> E.Indexing centers... [0.838s] [6398 results]
2018-05-17 09:52:16,533 -> F.Getting disks... [4.684s] [6398 results]
2018-05-17 09:52:16,781 -> G.Filtering less-than-mu disks... [0.248s] [379 results]
2018-05-17 09:52:18,717 -> H.Prunning duplicate candidates... [1.936s] [183 results]
2018-05-17 09:52:19,132 -> I.Indexing candidates... [2.351s] [183 results]
2018-05-17 09:52:19,299 -> J.Getting expansions... [0.167s] [572 results]
2018-05-17 09:52:19,453 -> K.Finding maximal disks... [0.154s] [76 results]
2018-05-17 09:52:20,455 -> L.Prunning duplicates and subsets... [1.002s] [75 results]
2018-05-17 09:52:20,455 ->      Dataset,   Eps, Cores, Mu,   Time, # Pairs,   # Disks, # Candidates, # Maximals
2018-05-17 09:52:20,455 ->   berlin0-10,  20.0,    28,  4,  19.72,    3199,      6398,          183,         75
2018-05-17 09:52:21,459 -> Dropping indices...[1.004s]
2018-05-17 09:52:21,736 -> 1.Set of disks for t_i...                          |  21.02s |     75 disks
2018-05-17 09:52:21,995 -> 4.Found flocks...                                  |   0.26s |      0 flocks
2018-05-17 09:52:22,576 -> 5.Updating times...                                |   0.35s |     75 flocks
2018-05-17 09:52:23,305 -> 6.Filter phase...                                  |   0.73s |     75 flocks
2018-05-17 09:52:28,259 -> Reporting locations...                             |   4.95s |  18245 points
2018-05-17 09:52:28,259 -> A.Setting mu=4,epsilon=20.0,cores=28,dataset=berlin0-10
2018-05-17 09:52:31,789 -> B.Indexing points... [3.513s] [0 results]
2018-05-17 09:52:36,723 -> C.Getting pairs... [4.934s] [3248 results]
2018-05-17 09:52:38,176 -> D.Computing centers... [1.453s] [6496 results]
2018-05-17 09:52:38,964 -> E.Indexing centers... [0.788s] [6496 results]
2018-05-17 09:52:43,525 -> F.Getting disks... [4.561s] [6496 results]
2018-05-17 09:52:43,716 -> G.Filtering less-than-mu disks... [0.190s] [392 results]
2018-05-17 09:52:46,114 -> H.Prunning duplicate candidates... [2.398s] [183 results]
2018-05-17 09:52:46,456 -> I.Indexing candidates... [2.740s] [183 results]
2018-05-17 09:52:46,598 -> J.Getting expansions... [0.142s] [596 results]
2018-05-17 09:52:46,735 -> K.Finding maximal disks... [0.136s] [81 results]
2018-05-17 09:52:47,823 -> L.Prunning duplicates and subsets... [1.088s] [81 results]
2018-05-17 09:52:47,823 ->      Dataset,   Eps, Cores, Mu,   Time, # Pairs,   # Disks, # Candidates, # Maximals
2018-05-17 09:52:47,823 ->   berlin0-10,  20.0,    28,  4,  19.55,    3248,      6496,          183,         81
2018-05-17 09:52:48,799 -> Dropping indices...[0.976s]
2018-05-17 09:52:49,290 -> 1.Set of disks for t_i...                          |  21.03s |     81 disks
2018-05-17 09:52:52,490 -> 2.Distance Join phase...                           |   3.20s |    244 combinations
2018-05-17 09:52:54,706 -> 3.Getting candidates...                            |   2.22s |     73 candidates
2018-05-17 09:52:55,410 -> 4.Found flocks...                                  |   0.70s |      0 flocks
2018-05-17 09:52:57,073 -> 5.Updating times...                                |   0.94s |     73 flocks
2018-05-17 09:52:58,691 -> 6.Filter phase...                                  |   1.62s |     84 flocks
2018-05-17 09:53:03,679 -> Reporting locations...                             |   4.99s |  18394 points
2018-05-17 09:53:03,679 -> A.Setting mu=4,epsilon=20.0,cores=28,dataset=berlin0-10
2018-05-17 09:53:07,232 -> B.Indexing points... [3.535s] [0 results]
2018-05-17 09:53:12,104 -> C.Getting pairs... [4.872s] [3268 results]
2018-05-17 09:53:13,387 -> D.Computing centers... [1.283s] [6536 results]
2018-05-17 09:53:14,252 -> E.Indexing centers... [0.865s] [6536 results]
2018-05-17 09:53:18,712 -> F.Getting disks... [4.460s] [6536 results]
2018-05-17 09:53:18,898 -> G.Filtering less-than-mu disks... [0.186s] [398 results]
2018-05-17 09:53:21,312 -> H.Prunning duplicate candidates... [2.414s] [191 results]
2018-05-17 09:53:21,680 -> I.Indexing candidates... [2.782s] [191 results]
2018-05-17 09:53:21,832 -> J.Getting expansions... [0.152s] [583 results]
2018-05-17 09:53:21,969 -> K.Finding maximal disks... [0.137s] [79 results]
2018-05-17 09:53:23,025 -> L.Prunning duplicates and subsets... [1.056s] [77 results]
2018-05-17 09:53:23,025 ->      Dataset,   Eps, Cores, Mu,   Time, # Pairs,   # Disks, # Candidates, # Maximals
2018-05-17 09:53:23,025 ->   berlin0-10,  20.0,    28,  4,  19.33,    3268,      6536,          191,         77
2018-05-17 09:53:24,144 -> Dropping indices...[1.118s]
2018-05-17 09:53:24,442 -> 1.Set of disks for t_i...                          |  20.76s |     77 disks
2018-05-17 09:53:30,162 -> 2.Distance Join phase...                           |   5.72s |    232 combinations
2018-05-17 09:53:33,372 -> 3.Getting candidates...                            |   3.21s |     77 candidates
2018-05-17 09:53:33,998 -> 4.Found flocks...                                  |   0.63s |      0 flocks
2018-05-17 09:53:36,508 -> 5.Updating times...                                |   1.03s |     77 flocks
2018-05-17 09:53:38,244 -> 6.Filter phase...                                  |   1.74s |     89 flocks
2018-05-17 09:53:43,238 -> Reporting locations...                             |   4.99s |  18548 points
2018-05-17 09:53:43,238 -> A.Setting mu=4,epsilon=20.0,cores=28,dataset=berlin0-10
2018-05-17 09:53:48,679 -> B.Indexing points... [5.424s] [0 results]
2018-05-17 09:53:58,582 -> C.Getting pairs... [9.903s] [3317 results]
2018-05-17 09:53:59,871 -> D.Computing centers... [1.288s] [6634 results]
2018-05-17 09:54:01,445 -> E.Indexing centers... [1.574s] [6634 results]
2018-05-17 09:54:07,966 -> F.Getting disks... [6.521s] [6634 results]
2018-05-17 09:54:08,149 -> G.Filtering less-than-mu disks... [0.183s] [435 results]
2018-05-17 09:54:12,082 -> H.Prunning duplicate candidates... [3.933s] [211 results]
2018-05-17 09:54:12,407 -> I.Indexing candidates... [4.258s] [211 results]
2018-05-17 09:54:12,566 -> J.Getting expansions... [0.159s] [622 results]
2018-05-17 09:54:12,699 -> K.Finding maximal disks... [0.133s] [76 results]
2018-05-17 09:54:14,444 -> L.Prunning duplicates and subsets... [1.745s] [75 results]
2018-05-17 09:54:14,444 ->      Dataset,   Eps, Cores, Mu,   Time, # Pairs,   # Disks, # Candidates, # Maximals
2018-05-17 09:54:14,444 ->   berlin0-10,  20.0,    28,  4,  31.19,    3317,      6634,          211,         75
2018-05-17 09:54:15,578 -> Dropping indices...[1.134s]
2018-05-17 09:54:15,946 -> 1.Set of disks for t_i...                          |  32.71s |     75 disks
2018-05-17 09:54:21,848 -> 2.Distance Join phase...                           |   5.90s |    247 combinations
2018-05-17 09:54:25,107 -> 3.Getting candidates...                            |   3.26s |     82 candidates
2018-05-17 09:54:25,944 -> 4.Found flocks...                                  |   0.84s |      0 flocks
2018-05-17 09:54:28,948 -> 5.Updating times...                                |   1.15s |     82 flocks
2018-05-17 09:54:30,864 -> 6.Filter phase...                                  |   1.92s |    100 flocks
2018-05-17 09:54:35,826 -> Reporting locations...                             |   4.96s |  18548 points
2018-05-17 09:54:35,854 -> A.Setting mu=4,epsilon=20.0,cores=28,dataset=berlin0-10
2018-05-17 09:54:41,346 -> B.Indexing points... [5.475s] [0 results]
2018-05-17 09:54:51,033 -> C.Getting pairs... [9.687s] [3332 results]
2018-05-17 09:54:52,320 -> D.Computing centers... [1.287s] [6664 results]
2018-05-17 09:54:53,179 -> E.Indexing centers... [0.859s] [6664 results]
2018-05-17 09:54:59,851 -> F.Getting disks... [6.671s] [6664 results]
2018-05-17 09:55:00,102 -> G.Filtering less-than-mu disks... [0.251s] [437 results]
2018-05-17 09:55:04,147 -> H.Prunning duplicate candidates... [4.045s] [209 results]
2018-05-17 09:55:04,457 -> I.Indexing candidates... [4.355s] [209 results]
2018-05-17 09:55:04,603 -> J.Getting expansions... [0.146s] [631 results]
2018-05-17 09:55:04,746 -> K.Finding maximal disks... [0.143s] [77 results]
2018-05-17 09:55:06,389 -> L.Prunning duplicates and subsets... [1.643s] [77 results]
2018-05-17 09:55:06,389 ->      Dataset,   Eps, Cores, Mu,   Time, # Pairs,   # Disks, # Candidates, # Maximals
2018-05-17 09:55:06,389 ->   berlin0-10,  20.0,    28,  4,  30.52,    3332,      6664,          209,         77
2018-05-17 09:55:07,501 -> Dropping indices...[1.112s]
2018-05-17 09:55:07,925 -> 1.Set of disks for t_i...                          |  32.07s |     77 disks
2018-05-17 09:55:14,627 -> 2.Distance Join phase...                           |   6.70s |    277 combinations
2018-05-17 09:55:18,355 -> 3.Getting candidates...                            |   3.73s |    100 candidates
2018-05-17 09:55:19,462 -> 4.Found flocks...                                  |   1.11s |     59 flocks
2018-05-17 09:55:23,012 -> 5.Updating times...                                |   1.34s |    100 flocks
2018-05-17 09:55:25,344 -> 6.Filter phase...                                  |   2.33s |    109 flocks
2018-05-17 09:55:30,329 -> Reporting locations...                             |   4.99s |  18548 points
2018-05-17 09:55:30,329 -> A.Setting mu=4,epsilon=20.0,cores=28,dataset=berlin0-10
2018-05-17 09:55:35,505 -> B.Indexing points... [5.159s] [0 results]
2018-05-17 09:55:45,784 -> C.Getting pairs... [10.279s] [3344 results]
2018-05-17 09:55:47,065 -> D.Computing centers... [1.281s] [6688 results]
2018-05-17 09:55:47,922 -> E.Indexing centers... [0.856s] [6688 results]
2018-05-17 09:55:54,644 -> F.Getting disks... [6.722s] [6688 results]
2018-05-17 09:55:54,836 -> G.Filtering less-than-mu disks... [0.192s] [449 results]
2018-05-17 09:55:58,821 -> H.Prunning duplicate candidates... [3.985s] [215 results]
2018-05-17 09:55:59,135 -> I.Indexing candidates... [4.299s] [215 results]
2018-05-17 09:55:59,285 -> J.Getting expansions... [0.150s] [751 results]
2018-05-17 09:55:59,419 -> K.Finding maximal disks... [0.134s] [79 results]
2018-05-17 09:56:01,273 -> L.Prunning duplicates and subsets... [1.854s] [78 results]
2018-05-17 09:56:01,273 ->      Dataset,   Eps, Cores, Mu,   Time, # Pairs,   # Disks, # Candidates, # Maximals
2018-05-17 09:56:01,273 ->   berlin0-10,  20.0,    28,  4,  30.93,    3344,      6688,          215,         78
2018-05-17 09:56:02,536 -> Dropping indices...[1.263s]
2018-05-17 09:56:02,822 -> 1.Set of disks for t_i...                          |  32.49s |     78 disks
2018-05-17 09:56:10,114 -> 2.Distance Join phase...                           |   7.29s |    324 combinations
2018-05-17 09:56:16,066 -> 3.Getting candidates...                            |   5.95s |    102 candidates
2018-05-17 09:56:17,348 -> 4.Found flocks...                                  |   1.28s |     63 flocks
2018-05-17 09:56:21,868 -> 5.Updating times...                                |   1.55s |    102 flocks
2018-05-17 09:56:24,418 -> 6.Filter phase...                                  |   2.55s |    109 flocks
2018-05-17 09:56:29,374 -> Reporting locations...                             |   4.96s |  18546 points
2018-05-17 09:56:29,587 -> A.Setting mu=4,epsilon=20.0,cores=28,dataset=berlin0-10
2018-05-17 09:56:35,113 -> B.Indexing points... [5.508s] [0 results]
2018-05-17 09:56:44,766 -> C.Getting pairs... [9.653s] [3337 results]
2018-05-17 09:56:46,097 -> D.Computing centers... [1.331s] [6674 results]
2018-05-17 09:56:46,935 -> E.Indexing centers... [0.838s] [6674 results]
2018-05-17 09:56:53,564 -> F.Getting disks... [6.629s] [6674 results]
2018-05-17 09:56:53,786 -> G.Filtering less-than-mu disks... [0.222s] [435 results]
2018-05-17 09:56:58,285 -> H.Prunning duplicate candidates... [4.499s] [212 results]
2018-05-17 09:56:58,639 -> I.Indexing candidates... [4.853s] [212 results]
2018-05-17 09:56:58,798 -> J.Getting expansions... [0.159s] [782 results]
2018-05-17 09:56:58,938 -> K.Finding maximal disks... [0.140s] [78 results]
2018-05-17 09:57:00,596 -> L.Prunning duplicates and subsets... [1.658s] [78 results]
2018-05-17 09:57:00,596 ->      Dataset,   Eps, Cores, Mu,   Time, # Pairs,   # Disks, # Candidates, # Maximals
2018-05-17 09:57:00,596 ->   berlin0-10,  20.0,    28,  4,  30.99,    3337,      6674,          212,         78
2018-05-17 09:57:01,927 -> Dropping indices...[1.331s]
2018-05-17 09:57:02,233 -> 1.Set of disks for t_i...                          |  32.65s |     78 disks
2018-05-17 09:57:10,592 -> 2.Distance Join phase...                           |   8.36s |    320 combinations
2018-05-17 09:57:15,374 -> 3.Getting candidates...                            |   4.78s |    102 candidates
2018-05-17 09:57:16,582 -> 4.Found flocks...                                  |   1.21s |     64 flocks
2018-05-17 09:57:22,022 -> 5.Updating times...                                |   1.70s |    102 flocks
2018-05-17 09:57:24,548 -> 6.Filter phase...                                  |   2.53s |    106 flocks
2018-05-17 09:57:29,537 -> Reporting locations...                             |   4.99s |  18546 points
2018-05-17 09:57:29,537 -> A.Setting mu=4,epsilon=20.0,cores=28,dataset=berlin0-10
2018-05-17 09:57:35,145 -> B.Indexing points... [5.592s] [0 results]
2018-05-17 09:57:44,898 -> C.Getting pairs... [9.753s] [3345 results]
2018-05-17 09:57:46,147 -> D.Computing centers... [1.249s] [6690 results]
2018-05-17 09:57:46,969 -> E.Indexing centers... [0.821s] [6690 results]
2018-05-17 09:57:53,674 -> F.Getting disks... [6.705s] [6690 results]
2018-05-17 09:57:53,877 -> G.Filtering less-than-mu disks... [0.202s] [434 results]
2018-05-17 09:57:57,946 -> H.Prunning duplicate candidates... [4.069s] [203 results]
2018-05-17 09:57:58,275 -> I.Indexing candidates... [4.398s] [203 results]
2018-05-17 09:57:58,413 -> J.Getting expansions... [0.138s] [698 results]
2018-05-17 09:57:58,547 -> K.Finding maximal disks... [0.134s] [81 results]
2018-05-17 09:58:00,400 -> L.Prunning duplicates and subsets... [1.853s] [80 results]
2018-05-17 09:58:00,400 ->      Dataset,   Eps, Cores, Mu,   Time, # Pairs,   # Disks, # Candidates, # Maximals
2018-05-17 09:58:00,401 ->   berlin0-10,  20.0,    28,  4,  30.85,    3345,      6690,          203,         80
2018-05-17 09:58:01,836 -> Dropping indices...[1.435s]
2018-05-17 09:58:02,145 -> 1.Set of disks for t_i...                          |  32.61s |     80 disks
2018-05-17 09:58:11,736 -> 2.Distance Join phase...                           |   9.59s |    327 combinations
2018-05-17 09:58:16,575 -> 3.Getting candidates...                            |   4.84s |     99 candidates
2018-05-17 09:58:17,914 -> 4.Found flocks...                                  |   1.34s |     71 flocks
2018-05-17 09:58:24,194 -> 5.Updating times...                                |   1.87s |     99 flocks
2018-05-17 09:58:27,047 -> 6.Filter phase...                                  |   2.85s |    105 flocks
2018-05-17 09:58:31,950 -> Reporting locations...                             |   4.90s |  18546 points
2018-05-17 09:58:31,950 -> A.Setting mu=4,epsilon=20.0,cores=28,dataset=berlin0-10
2018-05-17 09:58:35,678 -> B.Indexing points... [3.711s] [0 results]
2018-05-17 09:58:42,672 -> C.Getting pairs... [6.994s] [3343 results]
2018-05-17 09:58:44,027 -> D.Computing centers... [1.355s] [6686 results]
2018-05-17 09:58:44,866 -> E.Indexing centers... [0.839s] [6686 results]
2018-05-17 09:58:50,352 -> F.Getting disks... [5.486s] [6686 results]
2018-05-17 09:58:50,554 -> G.Filtering less-than-mu disks... [0.201s] [423 results]
2018-05-17 09:58:53,594 -> H.Prunning duplicate candidates... [3.040s] [202 results]
2018-05-17 09:58:54,042 -> I.Indexing candidates... [3.488s] [202 results]
2018-05-17 09:58:54,232 -> J.Getting expansions... [0.190s] [719 results]
2018-05-17 09:58:54,371 -> K.Finding maximal disks... [0.139s] [81 results]
2018-05-17 09:58:55,628 -> L.Prunning duplicates and subsets... [1.256s] [81 results]
2018-05-17 09:58:55,628 ->      Dataset,   Eps, Cores, Mu,   Time, # Pairs,   # Disks, # Candidates, # Maximals
2018-05-17 09:58:55,628 ->   berlin0-10,  20.0,    28,  4,  23.66,    3343,      6686,          202,         81
2018-05-17 09:58:56,708 -> Dropping indices...[1.080s]
2018-05-17 09:58:56,945 -> 1.Set of disks for t_i...                          |  25.00s |     81 disks
2018-05-17 09:59:06,514 -> 2.Distance Join phase...                           |   9.57s |    356 combinations
2018-05-17 09:59:11,863 -> 3.Getting candidates...                            |   5.35s |     99 candidates
2018-05-17 09:59:13,367 -> 4.Found flocks...                                  |   1.50s |     71 flocks
2018-05-17 09:59:20,978 -> 5.Updating times...                                |   2.09s |     99 flocks
2018-05-17 09:59:24,050 -> 6.Filter phase...                                  |   3.07s |    103 flocks
2018-05-17 09:59:28,915 -> Reporting locations...                             |   4.87s |  18546 points
2018-05-17 09:59:28,915 -> A.Setting mu=4,epsilon=20.0,cores=28,dataset=berlin0-10
2018-05-17 09:59:34,770 -> B.Indexing points... [5.822s] [0 results]
2018-05-17 09:59:46,228 -> C.Getting pairs... [11.458s] [3349 results]
2018-05-17 09:59:47,508 -> D.Computing centers... [1.280s] [6698 results]
2018-05-17 09:59:48,341 -> E.Indexing centers... [0.833s] [6698 results]
2018-05-17 09:59:55,600 -> F.Getting disks... [7.259s] [6698 results]
2018-05-17 09:59:55,794 -> G.Filtering less-than-mu disks... [0.193s] [415 results]
2018-05-17 09:59:59,590 -> H.Prunning duplicate candidates... [3.796s] [206 results]
2018-05-17 10:00:00,064 -> I.Indexing candidates... [4.270s] [206 results]
2018-05-17 10:00:00,248 -> J.Getting expansions... [0.184s] [838 results]
2018-05-17 10:00:00,410 -> K.Finding maximal disks... [0.162s] [72 results]
2018-05-17 10:00:02,212 -> L.Prunning duplicates and subsets... [1.802s] [72 results]
2018-05-17 10:00:02,212 ->      Dataset,   Eps, Cores, Mu,   Time, # Pairs,   # Disks, # Candidates, # Maximals
2018-05-17 10:00:02,212 ->   berlin0-10,  20.0,    28,  4,  33.26,    3349,      6698,          206,         72
2018-05-17 10:00:03,692 -> Dropping indices...[1.480s]
2018-05-17 10:00:03,962 -> 1.Set of disks for t_i...                          |  35.05s |     72 disks
2018-05-17 10:00:14,176 -> 2.Distance Join phase...                           |  10.21s |    333 combinations
2018-05-17 10:00:19,529 -> 3.Getting candidates...                            |   5.35s |     88 candidates
2018-05-17 10:00:21,248 -> 4.Found flocks...                                  |   1.72s |     66 flocks
2018-05-17 10:00:29,264 -> 5.Updating times...                                |   2.19s |     88 flocks
2018-05-17 10:00:32,283 -> 6.Filter phase...                                  |   3.02s |     95 flocks
2018-05-17 10:00:37,129 -> Reporting locations...                             |   4.85s |  18546 points
2018-05-17 10:00:37,130 -> A.Setting mu=4,epsilon=20.0,cores=28,dataset=berlin0-10
2018-05-17 10:00:43,049 -> B.Indexing points... [5.887s] [0 results]
2018-05-17 10:00:54,356 -> C.Getting pairs... [11.307s] [3340 results]
2018-05-17 10:00:55,636 -> D.Computing centers... [1.279s] [6680 results]
2018-05-17 10:00:56,688 -> E.Indexing centers... [1.051s] [6680 results]
2018-05-17 10:01:03,830 -> F.Getting disks... [7.142s] [6680 results]
2018-05-17 10:01:04,029 -> G.Filtering less-than-mu disks... [0.198s] [405 results]
2018-05-17 10:01:08,119 -> H.Prunning duplicate candidates... [4.090s] [202 results]
2018-05-17 10:01:08,435 -> I.Indexing candidates... [4.406s] [202 results]
2018-05-17 10:01:08,581 -> J.Getting expansions... [0.146s] [825 results]
2018-05-17 10:01:08,716 -> K.Finding maximal disks... [0.135s] [71 results]
2018-05-17 10:01:10,509 -> L.Prunning duplicates and subsets... [1.793s] [70 results]
2018-05-17 10:01:10,509 ->      Dataset,   Eps, Cores, Mu,   Time, # Pairs,   # Disks, # Candidates, # Maximals
2018-05-17 10:01:10,509 ->   berlin0-10,  20.0,    28,  4,  33.35,    3340,      6680,          202,         70
2018-05-17 10:01:12,125 -> Dropping indices...[1.616s]
2018-05-17 10:01:12,476 -> 1.Set of disks for t_i...                          |  35.35s |     70 disks
2018-05-17 10:01:23,324 -> 2.Distance Join phase...                           |  10.85s |    301 combinations
2018-05-17 10:01:28,794 -> 3.Getting candidates...                            |   5.47s |     84 candidates
2018-05-17 10:01:30,520 -> 4.Found flocks...                                  |   1.73s |     64 flocks
2018-05-17 10:01:39,424 -> 5.Updating times...                                |   2.29s |     84 flocks
2018-05-17 10:01:43,023 -> 6.Filter phase...                                  |   3.60s |     91 flocks
2018-05-17 10:01:43,023 -> 

PFLOCK_SJ	20.0	4	5	458

2018-05-17 10:01:48,687 -> Running SpatialJoin...                             | 593.04s |    458 flocks
2018-05-17 10:01:48,687 -> method=SpatialJoin,cores=28,epsilon=20.0,mu=4,delta=5,time=593.035,master=spark://169.235.27.134:7077
2018-05-17 10:01:48,687 -> Closing app...
2018-05-17 10:01:52,672 -> Iteration 1 has ended...


2018-05-17 10:01:52,673 -> FlockFinder Benchmark has been run...


acald013@dblab-rack15: stopping org.apache.spark.deploy.worker.Worker
acald013@dblab-rack14: stopping org.apache.spark.deploy.worker.Worker
acald013@dblab-rack11: stopping org.apache.spark.deploy.worker.Worker
acald013@dblab-rack12: stopping org.apache.spark.deploy.worker.Worker
stopping org.apache.spark.deploy.master.Master
2018-05-17 10:02:00,515 -> *** Everything is done!!! ***
