2018-04-27 13:57:37,918 -> Setting 3 nodes...


acald013@dblab-rack11: no org.apache.spark.deploy.worker.Worker to stop
acald013@dblab-rack12: no org.apache.spark.deploy.worker.Worker to stop
acald013@dblab-rack14: no org.apache.spark.deploy.worker.Worker to stop
no org.apache.spark.deploy.master.Master to stop
starting org.apache.spark.deploy.master.Master, logging to /home/acald013/Spark/spark-2.1.0-bin-hadoop2.7/logs/spark-acald013-org.apache.spark.deploy.master.Master-1-dblab-rack11.cs.ucr.edu.out
acald013@dblab-rack14: starting org.apache.spark.deploy.worker.Worker, logging to /home/acald013/Spark/spark-2.1.0-bin-hadoop2.7/logs/spark-acald013-org.apache.spark.deploy.worker.Worker-1-dblab-rack14.cs.ucr.edu.out
acald013@dblab-rack11: starting org.apache.spark.deploy.worker.Worker, logging to /home/acald013/Spark/spark-2.1.0-bin-hadoop2.7/logs/spark-acald013-org.apache.spark.deploy.worker.Worker-1-dblab-rack11.cs.ucr.edu.out
acald013@dblab-rack12: starting org.apache.spark.deploy.worker.Worker, logging to /home/acald013/Spark/spark-2.1.0-bin-hadoop2.7/logs/spark-acald013-org.apache.spark.deploy.worker.Worker-1-dblab-rack12.out
2018-04-27 13:57:48,547 -> 3 nodes has been set...


2018-04-27 13:57:48,548 -> Running FlockFinder Benchmark...


2018-04-27 13:57:48,548 -> Iteration 1 has started...
2018-04-27 13:57:48,548 -> python3 FlockFinderBenchmarker.py -e1 50 -e2 50 -se 5 -m1 5 -m2 5 -sm 1 -d1 5 -d2 5 -sd 1 -p Datasets/Berlin/ -i berlin0-10 -s 10 -n 1024 -c 21
2018-04-27 13:57:48,675 -> spark-submit --class FlockFinderBenchmark /home/acald013/Research/PFlock/target/scala-2.11/pflock_2.11-2.0.jar --path Datasets/Berlin/ --dataset berlin0-10 --speed 10 --epsilon 50 --mu 5 --delta 5 --cores 21 --partitions 1024
2018-04-27 13:57:50,296 -> Starting app...
2018-04-27 13:57:53,053 -> Starting session                                   |   2.76s |      0 
2018-04-27 13:57:53,068 -> Setting paramaters                                 |   0.02s |      0 
2018-04-27 13:57:56,302 -> Reading data                                       |   3.23s | 203106 points
2018-04-27 13:57:58,882 -> Extracting timestamps                              |   2.58s |     11 timestamps
2018-04-27 13:57:58,882 -> =SpatialJoin Start=
2018-04-27 13:58:04,724 -> Reporting locations...                             |   5.56s |  18093 points
2018-04-27 13:58:04,738 -> A.Setting mu=5,epsilon=50.0,cores=21,dataset=berlin0-10
2018-04-27 13:58:11,651 -> B.Indexing points... [6.871s] [0 results]
2018-04-27 13:58:20,219 -> C.Getting pairs... [8.567s] [11723 results]
2018-04-27 13:58:22,657 -> D.Computing centers... [2.438s] [23446 results]
2018-04-27 13:58:24,383 -> E.Indexing centers... [1.726s] [23446 results]
2018-04-27 13:58:31,584 -> F.Getting disks... [7.201s] [23446 results]
2018-04-27 13:58:32,188 -> G.Filtering less-than-mu disks... [0.604s] [3117 results]
2018-04-27 13:58:36,666 -> H.Prunning duplicate candidates... [4.478s] [1771 results]
2018-04-27 13:58:37,288 -> I.Indexing candidates... [5.100s] [1771 results]
2018-04-27 13:58:37,620 -> J.Getting expansions... [0.332s] [6900 results]
2018-04-27 13:58:38,149 -> K.Finding maximal disks... [0.529s] [360 results]
2018-04-27 13:58:40,228 -> L.Prunning duplicates and subsets... [2.079s] [357 results]
2018-04-27 13:58:40,228 ->      Dataset,   Eps, Cores, Mu,   Time, # Pairs,   # Disks, # Candidates, # Maximals
2018-04-27 13:58:40,228 ->   berlin0-10,  50.0,    21,  5,  35.45,   11723,     23446,         1771,        357
2018-04-27 13:58:40,314 -> Dropping indices...[0.086s]
2018-04-27 13:58:40,726 -> Set of disks for t_i...                            |  36.00s |    357 disks
2018-04-27 13:58:41,202 -> Found flocks...                                    |   0.48s |      0 flocks
2018-04-27 13:58:42,145 -> Updating times...                                  |   0.59s |    357 flocks
2018-04-27 13:58:43,181 -> Filter phase...                                    |   1.04s |    357 flocks
2018-04-27 13:58:47,921 -> Reporting locations...                             |   4.74s |  18245 points
2018-04-27 13:58:47,921 -> A.Setting mu=5,epsilon=50.0,cores=21,dataset=berlin0-10
2018-04-27 13:58:51,852 -> B.Indexing points... [3.911s] [0 results]
2018-04-27 13:58:57,602 -> C.Getting pairs... [5.750s] [11915 results]
2018-04-27 13:58:59,224 -> D.Computing centers... [1.622s] [23830 results]
2018-04-27 13:59:00,386 -> E.Indexing centers... [1.162s] [23830 results]
2018-04-27 13:59:05,631 -> F.Getting disks... [5.245s] [23830 results]
2018-04-27 13:59:05,951 -> G.Filtering less-than-mu disks... [0.320s] [3197 results]
2018-04-27 13:59:09,368 -> H.Prunning duplicate candidates... [3.417s] [1813 results]
2018-04-27 13:59:09,781 -> I.Indexing candidates... [3.830s] [1813 results]
2018-04-27 13:59:10,045 -> J.Getting expansions... [0.264s] [6879 results]
2018-04-27 13:59:10,269 -> K.Finding maximal disks... [0.224s] [354 results]
2018-04-27 13:59:11,948 -> L.Prunning duplicates and subsets... [1.679s] [348 results]
2018-04-27 13:59:11,948 ->      Dataset,   Eps, Cores, Mu,   Time, # Pairs,   # Disks, # Candidates, # Maximals
2018-04-27 13:59:11,948 ->   berlin0-10,  50.0,    21,  5,  24.01,   11915,     23830,         1813,        348
2018-04-27 13:59:12,030 -> Dropping indices...[0.082s]
2018-04-27 13:59:12,325 -> Set of disks for t_i...                            |  24.40s |    348 disks
2018-04-27 13:59:16,913 -> Distance Join phase...                             |   4.59s |   3621 combinations
2018-04-27 13:59:26,009 -> Getting candidates...                              |   9.10s |    334 candidates
2018-04-27 13:59:27,602 -> Found flocks...                                    |   1.59s |      0 flocks
2018-04-27 13:59:31,676 -> Updating times...                                  |   2.48s |    334 flocks
2018-04-27 13:59:36,224 -> Filter phase...                                    |   4.55s |    393 flocks
2018-04-27 13:59:41,072 -> Reporting locations...                             |   4.85s |  18394 points
2018-04-27 13:59:41,072 -> A.Setting mu=5,epsilon=50.0,cores=21,dataset=berlin0-10
2018-04-27 13:59:44,642 -> B.Indexing points... [3.552s] [0 results]
2018-04-27 13:59:49,892 -> C.Getting pairs... [5.249s] [12052 results]
2018-04-27 13:59:51,298 -> D.Computing centers... [1.406s] [24104 results]
2018-04-27 13:59:52,474 -> E.Indexing centers... [1.176s] [24104 results]
2018-04-27 13:59:57,597 -> F.Getting disks... [5.123s] [24104 results]
2018-04-27 13:59:57,889 -> G.Filtering less-than-mu disks... [0.292s] [3254 results]
2018-04-27 14:00:00,590 -> H.Prunning duplicate candidates... [2.701s] [1839 results]
2018-04-27 14:00:00,962 -> I.Indexing candidates... [3.073s] [1839 results]
2018-04-27 14:00:01,174 -> J.Getting expansions... [0.212s] [7071 results]
2018-04-27 14:00:01,542 -> K.Finding maximal disks... [0.368s] [371 results]
2018-04-27 14:00:03,096 -> L.Prunning duplicates and subsets... [1.554s] [364 results]
2018-04-27 14:00:03,096 ->      Dataset,   Eps, Cores, Mu,   Time, # Pairs,   # Disks, # Candidates, # Maximals
2018-04-27 14:00:03,096 ->   berlin0-10,  50.0,    21,  5,  22.01,   12052,     24104,         1839,        364
2018-04-27 14:00:03,254 -> Dropping indices...[0.158s]
2018-04-27 14:00:03,544 -> Set of disks for t_i...                            |  22.47s |    364 disks
2018-04-27 14:00:16,421 -> Distance Join phase...                             |  12.88s |   4091 combinations
2018-04-27 14:00:31,147 -> Getting candidates...                              |  14.73s |    399 candidates
2018-04-27 14:00:32,861 -> Found flocks...                                    |   1.71s |      0 flocks
2018-04-27 14:00:38,825 -> Updating times...                                  |   2.97s |    399 flocks
2018-04-27 14:00:44,040 -> Filter phase...                                    |   5.21s |    459 flocks
2018-04-27 14:00:48,967 -> Reporting locations...                             |   4.93s |  18548 points
2018-04-27 14:00:48,967 -> A.Setting mu=5,epsilon=50.0,cores=21,dataset=berlin0-10
2018-04-27 14:00:54,566 -> B.Indexing points... [5.582s] [0 results]
2018-04-27 14:01:04,680 -> C.Getting pairs... [10.114s] [12212 results]
2018-04-27 14:01:06,054 -> D.Computing centers... [1.374s] [24424 results]
2018-04-27 14:01:07,158 -> E.Indexing centers... [1.103s] [24424 results]
2018-04-27 14:01:14,653 -> F.Getting disks... [7.494s] [24424 results]
2018-04-27 14:01:15,024 -> G.Filtering less-than-mu disks... [0.371s] [3306 results]
2018-04-27 14:01:19,506 -> H.Prunning duplicate candidates... [4.482s] [1851 results]
2018-04-27 14:01:19,915 -> I.Indexing candidates... [4.891s] [1851 results]
2018-04-27 14:01:20,220 -> J.Getting expansions... [0.305s] [7124 results]
2018-04-27 14:01:20,435 -> K.Finding maximal disks... [0.215s] [376 results]
2018-04-27 14:01:22,420 -> L.Prunning duplicates and subsets... [1.985s] [369 results]
2018-04-27 14:01:22,420 ->      Dataset,   Eps, Cores, Mu,   Time, # Pairs,   # Disks, # Candidates, # Maximals
2018-04-27 14:01:22,420 ->   berlin0-10,  50.0,    21,  5,  33.44,   12212,     24424,         1851,        369
2018-04-27 14:01:22,749 -> Dropping indices...[0.329s]
2018-04-27 14:01:23,049 -> Set of disks for t_i...                            |  34.08s |    369 disks
2018-04-27 14:01:37,539 -> Distance Join phase...                             |  14.49s |   5126 combinations
2018-04-27 14:01:58,679 -> Getting candidates...                              |  21.14s |    455 candidates
2018-04-27 14:02:00,462 -> Found flocks...                                    |   1.78s |      0 flocks
2018-04-27 14:02:07,821 -> Updating times...                                  |   2.75s |    455 flocks
2018-04-27 14:02:12,692 -> Filter phase...                                    |   4.87s |    512 flocks
2018-04-27 14:02:17,627 -> Reporting locations...                             |   4.94s |  18548 points
2018-04-27 14:02:17,627 -> A.Setting mu=5,epsilon=50.0,cores=21,dataset=berlin0-10
2018-04-27 14:02:22,853 -> B.Indexing points... [5.208s] [0 results]
2018-04-27 14:02:33,180 -> C.Getting pairs... [10.327s] [12180 results]
2018-04-27 14:02:34,698 -> D.Computing centers... [1.518s] [24360 results]
2018-04-27 14:02:35,842 -> E.Indexing centers... [1.144s] [24360 results]
2018-04-27 14:02:43,318 -> F.Getting disks... [7.475s] [24360 results]
2018-04-27 14:02:43,828 -> G.Filtering less-than-mu disks... [0.510s] [3275 results]
2018-04-27 14:02:48,372 -> H.Prunning duplicate candidates... [4.544s] [1851 results]
2018-04-27 14:02:48,755 -> I.Indexing candidates... [4.927s] [1851 results]
2018-04-27 14:02:48,999 -> J.Getting expansions... [0.244s] [7109 results]
2018-04-27 14:02:49,194 -> K.Finding maximal disks... [0.194s] [369 results]
2018-04-27 14:02:51,224 -> L.Prunning duplicates and subsets... [2.030s] [360 results]
2018-04-27 14:02:51,225 ->      Dataset,   Eps, Cores, Mu,   Time, # Pairs,   # Disks, # Candidates, # Maximals
2018-04-27 14:02:51,225 ->   berlin0-10,  50.0,    21,  5,  33.58,   12180,     24360,         1851,        360
2018-04-27 14:02:51,665 -> Dropping indices...[0.440s]
2018-04-27 14:02:52,010 -> Set of disks for t_i...                            |  34.38s |    360 disks
2018-04-27 14:03:07,580 -> Distance Join phase...                             |  15.57s |   5808 combinations
2018-04-27 14:03:36,086 -> Getting candidates...                              |  28.51s |    502 candidates
2018-04-27 14:03:37,873 -> Found flocks...                                    |   1.79s |    320 flocks
2018-04-27 14:03:47,122 -> Updating times...                                  |   3.00s |    502 flocks
2018-04-27 14:03:52,432 -> Filter phase...                                    |   5.31s |    543 flocks
2018-04-27 14:03:57,359 -> Reporting locations...                             |   4.93s |  18548 points
2018-04-27 14:03:57,360 -> A.Setting mu=5,epsilon=50.0,cores=21,dataset=berlin0-10
2018-04-27 14:04:02,808 -> B.Indexing points... [5.431s] [0 results]
2018-04-27 14:04:13,232 -> C.Getting pairs... [10.424s] [12157 results]
2018-04-27 14:04:14,660 -> D.Computing centers... [1.428s] [24314 results]
2018-04-27 14:04:15,837 -> E.Indexing centers... [1.177s] [24314 results]
2018-04-27 14:04:23,525 -> F.Getting disks... [7.688s] [24314 results]
2018-04-27 14:04:23,867 -> G.Filtering less-than-mu disks... [0.342s] [3211 results]
2018-04-27 14:04:28,713 -> H.Prunning duplicate candidates... [4.846s] [1825 results]
2018-04-27 14:04:29,106 -> I.Indexing candidates... [5.239s] [1825 results]
2018-04-27 14:04:29,347 -> J.Getting expansions... [0.241s] [6731 results]
2018-04-27 14:04:29,624 -> K.Finding maximal disks... [0.277s] [364 results]
2018-04-27 14:04:31,531 -> L.Prunning duplicates and subsets... [1.907s] [358 results]
2018-04-27 14:04:31,531 ->      Dataset,   Eps, Cores, Mu,   Time, # Pairs,   # Disks, # Candidates, # Maximals
2018-04-27 14:04:31,531 ->   berlin0-10,  50.0,    21,  5,  34.15,   12157,     24314,         1825,        358
2018-04-27 14:04:32,184 -> Dropping indices...[0.653s]
2018-04-27 14:04:32,541 -> Set of disks for t_i...                            |  35.18s |    358 disks
2018-04-27 14:04:48,663 -> Distance Join phase...                             |  16.12s |   6214 combinations
2018-04-27 14:05:14,651 -> Getting candidates...                              |  25.99s |    513 candidates
2018-04-27 14:05:16,717 -> Found flocks...                                    |   2.07s |    333 flocks
2018-04-27 14:05:30,537 -> Updating times...                                  |   3.57s |    513 flocks
2018-04-27 14:05:36,207 -> Filter phase...                                    |   5.67s |    545 flocks
2018-04-27 14:05:41,103 -> Reporting locations...                             |   4.90s |  18546 points
2018-04-27 14:05:41,104 -> A.Setting mu=5,epsilon=50.0,cores=21,dataset=berlin0-10
2018-04-27 14:05:46,412 -> B.Indexing points... [5.292s] [0 results]
2018-04-27 14:05:56,932 -> C.Getting pairs... [10.520s] [12115 results]
2018-04-27 14:05:58,299 -> D.Computing centers... [1.367s] [24230 results]
2018-04-27 14:05:59,526 -> E.Indexing centers... [1.227s] [24230 results]
2018-04-27 14:06:06,978 -> F.Getting disks... [7.452s] [24230 results]
2018-04-27 14:06:07,418 -> G.Filtering less-than-mu disks... [0.440s] [3166 results]
2018-04-27 14:06:12,686 -> H.Prunning duplicate candidates... [5.268s] [1797 results]
2018-04-27 14:06:13,035 -> I.Indexing candidates... [5.617s] [1797 results]
2018-04-27 14:06:13,233 -> J.Getting expansions... [0.198s] [6440 results]
2018-04-27 14:06:13,410 -> K.Finding maximal disks... [0.177s] [349 results]
2018-04-27 14:06:15,455 -> L.Prunning duplicates and subsets... [2.045s] [342 results]
2018-04-27 14:06:15,456 ->      Dataset,   Eps, Cores, Mu,   Time, # Pairs,   # Disks, # Candidates, # Maximals
2018-04-27 14:06:15,456 ->   berlin0-10,  50.0,    21,  5,  34.34,   12115,     24230,         1797,        342
2018-04-27 14:06:16,135 -> Dropping indices...[0.679s]
2018-04-27 14:06:16,441 -> Set of disks for t_i...                            |  35.34s |    342 disks
2018-04-27 14:06:33,094 -> Distance Join phase...                             |  16.65s |   6129 combinations
2018-04-27 14:06:59,057 -> Getting candidates...                              |  25.96s |    475 candidates
2018-04-27 14:07:01,287 -> Found flocks...                                    |   2.23s |    324 flocks
2018-04-27 14:07:14,992 -> Updating times...                                  |   3.55s |    475 flocks
2018-04-27 14:07:20,820 -> Filter phase...                                    |   5.83s |    509 flocks
2018-04-27 14:07:25,894 -> Reporting locations...                             |   5.07s |  18546 points
2018-04-27 14:07:25,894 -> A.Setting mu=5,epsilon=50.0,cores=21,dataset=berlin0-10
2018-04-27 14:07:31,296 -> B.Indexing points... [5.384s] [0 results]
2018-04-27 14:07:41,868 -> C.Getting pairs... [10.572s] [12086 results]
2018-04-27 14:07:43,466 -> D.Computing centers... [1.598s] [24172 results]
2018-04-27 14:07:44,540 -> E.Indexing centers... [1.074s] [24172 results]
2018-04-27 14:07:52,179 -> F.Getting disks... [7.639s] [24172 results]
2018-04-27 14:07:52,563 -> G.Filtering less-than-mu disks... [0.384s] [3114 results]
2018-04-27 14:07:57,002 -> H.Prunning duplicate candidates... [4.439s] [1781 results]
2018-04-27 14:07:57,378 -> I.Indexing candidates... [4.815s] [1781 results]
2018-04-27 14:07:57,691 -> J.Getting expansions... [0.313s] [6431 results]
2018-04-27 14:07:57,866 -> K.Finding maximal disks... [0.175s] [351 results]
2018-04-27 14:08:00,147 -> L.Prunning duplicates and subsets... [2.281s] [347 results]
2018-04-27 14:08:00,147 ->      Dataset,   Eps, Cores, Mu,   Time, # Pairs,   # Disks, # Candidates, # Maximals
2018-04-27 14:08:00,147 ->   berlin0-10,  50.0,    21,  5,  34.24,   12086,     24172,         1781,        347
2018-04-27 14:08:01,011 -> Dropping indices...[0.864s]
2018-04-27 14:08:01,433 -> Set of disks for t_i...                            |  35.54s |    347 disks
2018-04-27 14:08:19,031 -> Distance Join phase...                             |  17.60s |   5673 combinations
2018-04-27 14:08:42,613 -> Getting candidates...                              |  23.58s |    449 candidates
2018-04-27 14:08:44,905 -> Found flocks...                                    |   2.29s |    322 flocks
2018-04-27 14:09:04,168 -> Updating times...                                  |   3.42s |    449 flocks
2018-04-27 14:09:09,860 -> Filter phase...                                    |   5.69s |    477 flocks
2018-04-27 14:09:14,656 -> Reporting locations...                             |   4.80s |  18546 points
2018-04-27 14:09:14,656 -> A.Setting mu=5,epsilon=50.0,cores=21,dataset=berlin0-10
2018-04-27 14:09:18,083 -> B.Indexing points... [3.410s] [0 results]
2018-04-27 14:09:23,862 -> C.Getting pairs... [5.778s] [12044 results]
2018-04-27 14:09:25,237 -> D.Computing centers... [1.375s] [24088 results]
2018-04-27 14:09:26,552 -> E.Indexing centers... [1.315s] [24088 results]
2018-04-27 14:09:31,809 -> F.Getting disks... [5.257s] [24088 results]
2018-04-27 14:09:32,258 -> G.Filtering less-than-mu disks... [0.449s] [3099 results]
2018-04-27 14:09:35,100 -> H.Prunning duplicate candidates... [2.842s] [1764 results]
2018-04-27 14:09:35,445 -> I.Indexing candidates... [3.187s] [1764 results]
2018-04-27 14:09:35,675 -> J.Getting expansions... [0.229s] [6073 results]
2018-04-27 14:09:35,858 -> K.Finding maximal disks... [0.183s] [357 results]
2018-04-27 14:09:37,502 -> L.Prunning duplicates and subsets... [1.643s] [355 results]
2018-04-27 14:09:37,503 ->      Dataset,   Eps, Cores, Mu,   Time, # Pairs,   # Disks, # Candidates, # Maximals
2018-04-27 14:09:37,503 ->   berlin0-10,  50.0,    21,  5,  22.83,   12044,     24088,         1764,        355
2018-04-27 14:09:38,480 -> Dropping indices...[0.977s]
2018-04-27 14:09:38,826 -> Set of disks for t_i...                            |  24.17s |    355 disks
2018-04-27 14:09:55,987 -> Distance Join phase...                             |  17.16s |   5389 combinations
2018-04-27 14:10:18,038 -> Getting candidates...                              |  22.05s |    442 candidates
2018-04-27 14:10:20,491 -> Found flocks...                                    |   2.45s |    326 flocks
2018-04-27 14:10:41,584 -> Updating times...                                  |   3.45s |    442 flocks
2018-04-27 14:10:46,912 -> Filter phase...                                    |   5.33s |    482 flocks
2018-04-27 14:10:51,653 -> Reporting locations...                             |   4.74s |  18546 points
2018-04-27 14:10:51,654 -> A.Setting mu=5,epsilon=50.0,cores=21,dataset=berlin0-10
2018-04-27 14:10:57,171 -> B.Indexing points... [5.480s] [0 results]
2018-04-27 14:11:06,931 -> C.Getting pairs... [9.760s] [12034 results]
2018-04-27 14:11:08,306 -> D.Computing centers... [1.375s] [24068 results]
2018-04-27 14:11:09,368 -> E.Indexing centers... [1.062s] [24068 results]
2018-04-27 14:11:16,923 -> F.Getting disks... [7.555s] [24068 results]
2018-04-27 14:11:17,262 -> G.Filtering less-than-mu disks... [0.339s] [3141 results]
2018-04-27 14:11:21,144 -> H.Prunning duplicate candidates... [3.861s] [1792 results]
2018-04-27 14:11:21,547 -> I.Indexing candidates... [4.264s] [1792 results]
2018-04-27 14:11:21,861 -> J.Getting expansions... [0.314s] [6056 results]
2018-04-27 14:11:22,058 -> K.Finding maximal disks... [0.197s] [357 results]
2018-04-27 14:11:24,155 -> L.Prunning duplicates and subsets... [2.097s] [354 results]
2018-04-27 14:11:24,155 ->      Dataset,   Eps, Cores, Mu,   Time, # Pairs,   # Disks, # Candidates, # Maximals
2018-04-27 14:11:24,155 ->   berlin0-10,  50.0,    21,  5,  32.46,   12034,     24068,         1792,        354
2018-04-27 14:11:25,337 -> Dropping indices...[1.182s]
2018-04-27 14:11:25,668 -> Set of disks for t_i...                            |  34.02s |    354 disks
2018-04-27 14:11:43,100 -> Distance Join phase...                             |  17.43s |   5448 combinations
2018-04-27 14:12:03,314 -> Getting candidates...                              |  20.21s |    429 candidates
2018-04-27 14:12:06,007 -> Found flocks...                                    |   2.69s |    310 flocks
2018-04-27 14:12:33,208 -> Updating times...                                  |   3.82s |    429 flocks
2018-04-27 14:12:38,883 -> Filter phase...                                    |   5.68s |    486 flocks
2018-04-27 14:12:43,668 -> Reporting locations...                             |   4.78s |  18546 points
2018-04-27 14:12:43,669 -> A.Setting mu=5,epsilon=50.0,cores=21,dataset=berlin0-10
2018-04-27 14:12:49,308 -> B.Indexing points... [5.602s] [0 results]
2018-04-27 14:12:58,845 -> C.Getting pairs... [9.537s] [12039 results]
2018-04-27 14:13:00,257 -> D.Computing centers... [1.412s] [24078 results]
2018-04-27 14:13:01,503 -> E.Indexing centers... [1.246s] [24078 results]
2018-04-27 14:13:09,050 -> F.Getting disks... [7.547s] [24078 results]
2018-04-27 14:13:09,406 -> G.Filtering less-than-mu disks... [0.356s] [3160 results]
2018-04-27 14:13:13,310 -> H.Prunning duplicate candidates... [3.904s] [1801 results]
2018-04-27 14:13:13,678 -> I.Indexing candidates... [4.272s] [1801 results]
2018-04-27 14:13:13,981 -> J.Getting expansions... [0.303s] [6083 results]
2018-04-27 14:13:14,171 -> K.Finding maximal disks... [0.190s] [349 results]
2018-04-27 14:13:16,402 -> L.Prunning duplicates and subsets... [2.231s] [347 results]
2018-04-27 14:13:16,402 ->      Dataset,   Eps, Cores, Mu,   Time, # Pairs,   # Disks, # Candidates, # Maximals
2018-04-27 14:13:16,402 ->   berlin0-10,  50.0,    21,  5,  32.70,   12039,     24078,         1801,        347
2018-04-27 14:13:17,805 -> Dropping indices...[1.403s]
2018-04-27 14:13:18,166 -> Set of disks for t_i...                            |  34.50s |    347 disks
2018-04-27 14:13:36,836 -> Distance Join phase...                             |  18.67s |   5142 combinations
2018-04-27 14:13:57,248 -> Getting candidates...                              |  20.41s |    457 candidates
2018-04-27 14:13:59,860 -> Found flocks...                                    |   2.61s |    310 flocks
2018-04-27 14:14:21,893 -> Updating times...                                  |   4.22s |    457 flocks
2018-04-27 14:14:27,982 -> Filter phase...                                    |   6.09s |    497 flocks
2018-04-27 14:14:27,982 -> 

PFLOCK_SJ	50.0	5	5	2245

2018-04-27 14:14:44,584 -> Running SpatialJoin...                             | 1005.70s |   2245 flocks
2018-04-27 14:14:44,584 -> =SpatialJoin End=
2018-04-27 14:14:44,584 -> Closing app...
2018-04-27 14:14:47,732 -> Iteration 1 has ended...


2018-04-27 14:14:47,752 -> FlockFinder Benchmark has been run...


acald013@dblab-rack11: stopping org.apache.spark.deploy.worker.Worker
acald013@dblab-rack14: stopping org.apache.spark.deploy.worker.Worker
acald013@dblab-rack12: stopping org.apache.spark.deploy.worker.Worker
stopping org.apache.spark.deploy.master.Master
2018-04-27 14:14:55,198 -> *** Everything is done!!! ***
