FLOCKFINDER=bfe;TIME=Sun Jun  3 18:06:34 PDT 2018;RUN=1528074394;EPSILON=40;MU=4;DELTA=5;SCRIPT=BfeBenchmark;EVENT=Start

real	0m45.795s
user	0m45.618s
sys	0m0.177s
Closing stream: /home/acald013/Research/Datasets/Berlin/berlin0-10.tsv Total answers: 2837
totalTime(ms):	45590	timeSearch:	80	timeSetTest:	2430	timeJoin:	3430	timeBuildIdx:	39480	totalAnswers:	2837
FLOCKFINDER=bfe;TIME=Sun Jun  3 18:07:20 PDT 2018;RUN=1528074440;EPSILON=40;MU=4;DELTA=5;SCRIPT=BfeBenchmark;EVENT=End
FLOCKFINDER=bfe;TIME=Sun Jun  3 18:07:20 PDT 2018;RUN=1528074440;EPSILON=50;MU=4;DELTA=5;SCRIPT=BfeBenchmark;EVENT=Start

real	1m0.542s
user	1m0.421s
sys	0m0.121s
Closing stream: /home/acald013/Research/Datasets/Berlin/berlin0-10.tsv Total answers: 4913
totalTime(ms):	60340	timeSearch:	160	timeSetTest:	8330	timeJoin:	12090	timeBuildIdx:	39590	totalAnswers:	4913
FLOCKFINDER=bfe;TIME=Sun Jun  3 18:08:20 PDT 2018;RUN=1528074500;EPSILON=50;MU=4;DELTA=5;SCRIPT=BfeBenchmark;EVENT=End
FLOCKFINDER=bfe;TIME=Sun Jun  3 18:08:20 PDT 2018;RUN=1528074500;EPSILON=60;MU=4;DELTA=5;SCRIPT=BfeBenchmark;EVENT=Start

real	1m36.768s
user	1m36.524s
sys	0m0.244s
Closing stream: /home/acald013/Research/Datasets/Berlin/berlin0-10.tsv Total answers: 7411
totalTime(ms):	96550	timeSearch:	170	timeSetTest:	21990	timeJoin:	34380	timeBuildIdx:	39750	totalAnswers:	7411
FLOCKFINDER=bfe;TIME=Sun Jun  3 18:09:57 PDT 2018;RUN=1528074597;EPSILON=60;MU=4;DELTA=5;SCRIPT=BfeBenchmark;EVENT=End
FLOCKFINDER=bfe;TIME=Sun Jun  3 18:09:57 PDT 2018;RUN=1528074597;EPSILON=70;MU=4;DELTA=5;SCRIPT=BfeBenchmark;EVENT=Start

real	2m40.407s
user	2m40.104s
sys	0m0.320s
Closing stream: /home/acald013/Research/Datasets/Berlin/berlin0-10.tsv Total answers: 10878
totalTime(ms):	160210	timeSearch:	270	timeSetTest:	46900	timeJoin:	72970	timeBuildIdx:	39930	totalAnswers:	10878
FLOCKFINDER=bfe;TIME=Sun Jun  3 18:12:38 PDT 2018;RUN=1528074758;EPSILON=70;MU=4;DELTA=5;SCRIPT=BfeBenchmark;EVENT=End
FLOCKFINDER=bfe;TIME=Sun Jun  3 18:12:38 PDT 2018;RUN=1528074758;EPSILON=80;MU=4;DELTA=5;SCRIPT=BfeBenchmark;EVENT=Start

real	4m34.950s
user	4m34.559s
sys	0m0.406s
Closing stream: /home/acald013/Research/Datasets/Berlin/berlin0-10.tsv Total answers: 14489
totalTime(ms):	274740	timeSearch:	330	timeSetTest:	90570	timeJoin:	142810	timeBuildIdx:	40650	totalAnswers:	14489
FLOCKFINDER=bfe;TIME=Sun Jun  3 18:17:13 PDT 2018;RUN=1528075033;EPSILON=80;MU=4;DELTA=5;SCRIPT=BfeBenchmark;EVENT=End
FLOCKFINDER=bfe;TIME=Sun Jun  3 18:17:13 PDT 2018;RUN=1528075033;EPSILON=90;MU=4;DELTA=5;SCRIPT=BfeBenchmark;EVENT=Start

real	8m51.556s
user	8m50.982s
sys	0m0.594s
Closing stream: /home/acald013/Research/Datasets/Berlin/berlin0-10.tsv Total answers: 19204
totalTime(ms):	531350	timeSearch:	530	timeSetTest:	165640	timeJoin:	323430	timeBuildIdx:	41290	totalAnswers:	19204
FLOCKFINDER=bfe;TIME=Sun Jun  3 18:26:04 PDT 2018;RUN=1528075564;EPSILON=90;MU=4;DELTA=5;SCRIPT=BfeBenchmark;EVENT=End
FLOCKFINDER=bfe;TIME=Sun Jun  3 18:26:04 PDT 2018;RUN=1528075564;EPSILON=100;MU=4;DELTA=5;SCRIPT=BfeBenchmark;EVENT=Start

real	18m12.609s
user	18m11.929s
sys	0m0.746s
Closing stream: /home/acald013/Research/Datasets/Berlin/berlin0-10.tsv Total answers: 23819
totalTime(ms):	1.09247e+06	timeSearch:	640	timeSetTest:	290250	timeJoin:	759560	timeBuildIdx:	41310	totalAnswers:	23819
FLOCKFINDER=bfe;TIME=Sun Jun  3 18:44:17 PDT 2018;RUN=1528076657;EPSILON=100;MU=4;DELTA=5;SCRIPT=BfeBenchmark;EVENT=End
FLOCKFINDER=bfe;TIME=Sun Jun  3 18:44:17 PDT 2018;RUN=1528076657;EPSILON=150;MU=4;DELTA=5;SCRIPT=BfeBenchmark;EVENT=Start

real	94m44.970s
user	94m42.935s
sys	0m1.901s
Closing stream: /home/acald013/Research/Datasets/Berlin/berlin0-10.tsv Total answers: 52459
totalTime(ms):	5.68461e+06	timeSearch:	1800	timeSetTest:	1.81513e+06	timeJoin:	3.8201e+06	timeBuildIdx:	45790	totalAnswers:	52459
FLOCKFINDER=bfe;TIME=Sun Jun  3 20:19:02 PDT 2018;RUN=1528082342;EPSILON=150;MU=4;DELTA=5;SCRIPT=BfeBenchmark;EVENT=End
FLOCKFINDER=bfe;TIME=Sun Jun  3 20:19:02 PDT 2018;RUN=1528082342;EPSILON=200;MU=4;DELTA=5;SCRIPT=BfeBenchmark;EVENT=Start

real	369m11.631s
user	369m6.667s
sys	0m3.649s
Closing stream: /home/acald013/Research/Datasets/Berlin/berlin0-10.tsv Total answers: 86938
totalTime(ms):	2.21501e+07	timeSearch:	3650	timeSetTest:	6.71629e+06	timeJoin:	1.53775e+07	timeBuildIdx:	49670	totalAnswers:	86938
FLOCKFINDER=bfe;TIME=Mon Jun  4 02:28:14 PDT 2018;RUN=1528104494;EPSILON=200;MU=4;DELTA=5;SCRIPT=BfeBenchmark;EVENT=End
