2018-11-19 20:01:39,574 -> Logs started
2018-11-19 20:01:41,350 -> Session started                                   |  1.77
2018-11-19 20:01:45,130 -> Points read                                       |  3.78| 18093|points
2018-11-19 20:01:46,398 -> Grid indexed                                      |  1.27| 18093|
2018-11-19 20:01:46,696 -> Grid9's extracted                                 |  0.30| 11966|
2018-11-19 20:01:48,522 -> Pairs found                                       |  1.83| 19555|pairs
2018-11-19 20:01:48,640 -> Centers found                                     |  0.12| 19555|centers

2018-11-19 20:01:48,683 -> Session closed
2018-11-19 20:01:52,469 -> Starting session... [1.609s]
2018-11-19 20:01:54,656 -> Reading dataset... [2.187s] [18093 points]
2018-11-19 20:01:54,714 -> Lauching MaximalFinder at 20:01:54.664...
2018-11-19 20:01:54,715 -> Setting mu=4,epsilon=70.0,cores=32,timestamp=-1,dataset=berlin0-0
2018-11-19 20:02:06,490 -> A.Indexing points... [11.709s] [18093 results]
2018-11-19 20:02:14,933 -> B.Getting pairs... [8.442s] [19555 results]
2018-11-19 20:02:17,435 -> C.Computing centers... [2.502s] [39110 results]
2018-11-19 20:02:19,170 -> D.Indexing centers... [1.735s] [39110 results]
2018-11-19 20:02:25,811 -> E.Getting disks... [6.640s] [39110 results]
2018-11-19 20:02:26,773 -> F.Filtering less-than-mu disks... [0.962s] [13222 results]
2018-11-19 20:02:30,875 -> G.Prunning duplicate candidates... [4.102s] [7367 results]
2018-11-19 20:02:30,882 -> [Partitions Info]Candidates;Before indexing;200
2018-11-19 20:02:31,483 -> H.Indexing candidates... [4.710s] [7367 results]
2018-11-19 20:02:32,164 -> [Partitions Info]Candidates;After indexing;64
2018-11-19 20:02:32,164 -> I.Getting expansions... [0.681s] [26285 results]
2018-11-19 20:02:34,530 -> J.Finding maximal disks... [2.366s] [1687 results]
2018-11-19 20:02:36,861 -> K.Prunning duplicates and subsets... [2.331s] [1666 results]
2018-11-19 20:02:36,861 ->      Dataset,# Points,   Eps, Cores, Mu,   Time, # Pairs,   # Disks, # Candidates, # Maximals,  t
2018-11-19 20:02:36,862 ->    berlin0-0,   18093,  70.0,    32,  4,  42.08,   19555,     39110,         7367,       1666, -1
2018-11-19 20:02:36,933 -> Dropping indices...[0.071s]
2018-11-19 20:02:36,933 -> Finishing MaximalFinder at 20:02:36.933...
2018-11-19 20:02:36,933 -> Total time for MaximalFinder: 42.219ms...
2018-11-19 20:02:36,974 -> Closing session... [0.041s]
2018-11-19 20:02:39,487 -> Logs started
2018-11-19 20:02:41,173 -> Session started                                   |  1.68
2018-11-19 20:02:45,457 -> Points read                                       |  4.28| 18093|points
2018-11-19 20:02:46,545 -> Grid indexed                                      |  1.09| 18093|
2018-11-19 20:02:47,029 -> Grid9's extracted                                 |  0.48| 11590|
2018-11-19 20:02:49,256 -> Pairs found                                       |  2.23| 23893|pairs
2018-11-19 20:02:50,606 -> Centers found                                     |  1.35| 23893|centers

2018-11-19 20:02:50,707 -> Session closed
2018-11-19 20:02:54,260 -> Starting session... [1.519s]
2018-11-19 20:02:56,545 -> Reading dataset... [2.284s] [18093 points]
2018-11-19 20:02:56,604 -> Lauching MaximalFinder at 20:02:56.552...
2018-11-19 20:02:56,605 -> Setting mu=4,epsilon=80.0,cores=32,timestamp=-1,dataset=berlin0-0
2018-11-19 20:03:08,378 -> A.Indexing points... [11.718s] [18093 results]
2018-11-19 20:03:16,728 -> B.Getting pairs... [8.350s] [23893 results]
2018-11-19 20:03:19,198 -> C.Computing centers... [2.470s] [47786 results]
2018-11-19 20:03:21,075 -> D.Indexing centers... [1.876s] [47786 results]
2018-11-19 20:03:27,900 -> E.Getting disks... [6.825s] [47786 results]
2018-11-19 20:03:29,234 -> F.Filtering less-than-mu disks... [1.334s] [18594 results]
2018-11-19 20:03:33,639 -> G.Prunning duplicate candidates... [4.405s] [10594 results]
2018-11-19 20:03:33,645 -> [Partitions Info]Candidates;Before indexing;200
2018-11-19 20:03:34,482 -> H.Indexing candidates... [5.248s] [10594 results]
2018-11-19 20:03:35,730 -> [Partitions Info]Candidates;After indexing;90
2018-11-19 20:03:35,731 -> I.Getting expansions... [1.249s] [46248 results]
2018-11-19 20:03:39,511 -> J.Finding maximal disks... [3.780s] [2228 results]
2018-11-19 20:03:42,501 -> K.Prunning duplicates and subsets... [2.990s] [2174 results]
2018-11-19 20:03:42,501 ->      Dataset,# Points,   Eps, Cores, Mu,   Time, # Pairs,   # Disks, # Candidates, # Maximals,  t
2018-11-19 20:03:42,502 ->    berlin0-0,   18093,  80.0,    32,  4,  45.84,   23893,     47786,        10594,       2174, -1
2018-11-19 20:03:42,575 -> Dropping indices...[0.072s]
2018-11-19 20:03:42,575 -> Finishing MaximalFinder at 20:03:42.575...
2018-11-19 20:03:42,575 -> Total time for MaximalFinder: 45.971ms...
2018-11-19 20:03:42,621 -> Closing session... [0.046s]
2018-11-19 20:03:45,187 -> Logs started
2018-11-19 20:03:46,985 -> Session started                                   |  1.80
2018-11-19 20:03:50,453 -> Points read                                       |  3.47| 18093|points
2018-11-19 20:03:52,100 -> Grid indexed                                      |  1.65| 18093|
2018-11-19 20:03:52,493 -> Grid9's extracted                                 |  0.39| 11147|
2018-11-19 20:03:54,688 -> Pairs found                                       |  2.19| 28719|pairs
2018-11-19 20:03:55,926 -> Centers found                                     |  1.24| 28719|centers

2018-11-19 20:03:56,001 -> Session closed
2018-11-19 20:03:59,965 -> Starting session... [1.790s]
2018-11-19 20:04:01,998 -> Reading dataset... [2.032s] [18093 points]
2018-11-19 20:04:02,053 -> Lauching MaximalFinder at 20:04:02.005...
2018-11-19 20:04:02,054 -> Setting mu=4,epsilon=90.0,cores=32,timestamp=-1,dataset=berlin0-0
2018-11-19 20:04:14,228 -> A.Indexing points... [11.987s] [18093 results]
2018-11-19 20:04:22,647 -> B.Getting pairs... [8.419s] [28719 results]
2018-11-19 20:04:25,168 -> C.Computing centers... [2.521s] [57438 results]
2018-11-19 20:04:27,167 -> D.Indexing centers... [1.999s] [57438 results]
2018-11-19 20:04:34,921 -> E.Getting disks... [7.753s] [57438 results]
2018-11-19 20:04:36,701 -> F.Filtering less-than-mu disks... [1.780s] [25179 results]
2018-11-19 20:04:41,540 -> G.Prunning duplicate candidates... [4.839s] [14449 results]
2018-11-19 20:04:41,546 -> [Partitions Info]Candidates;Before indexing;200
2018-11-19 20:04:42,375 -> H.Indexing candidates... [5.674s] [14449 results]
2018-11-19 20:04:43,948 -> [Partitions Info]Candidates;After indexing;121
2018-11-19 20:04:43,948 -> I.Getting expansions... [1.573s] [73009 results]
2018-11-19 20:04:53,718 -> J.Finding maximal disks... [9.770s] [2845 results]
2018-11-19 20:04:56,648 -> K.Prunning duplicates and subsets... [2.930s] [2775 results]
2018-11-19 20:04:56,649 ->      Dataset,# Points,   Eps, Cores, Mu,   Time, # Pairs,   # Disks, # Candidates, # Maximals,  t
2018-11-19 20:04:56,649 ->    berlin0-0,   18093,  90.0,    32,  4,  54.41,   28719,     57438,        14449,       2775, -1
2018-11-19 20:04:56,735 -> Dropping indices...[0.086s]
2018-11-19 20:04:56,735 -> Finishing MaximalFinder at 20:04:56.735...
2018-11-19 20:04:56,735 -> Total time for MaximalFinder: 54.682ms...
2018-11-19 20:04:56,787 -> Closing session... [0.052s]
2018-11-19 20:04:59,369 -> Logs started
2018-11-19 20:05:00,966 -> Session started                                   |  1.60
2018-11-19 20:05:04,488 -> Points read                                       |  3.52| 18093|points
2018-11-19 20:05:06,138 -> Grid indexed                                      |  1.65| 18093|
2018-11-19 20:05:06,549 -> Grid9's extracted                                 |  0.41| 10713|
2018-11-19 20:05:08,864 -> Pairs found                                       |  2.31| 33957|pairs
2018-11-19 20:05:10,133 -> Centers found                                     |  1.27| 33957|centers

2018-11-19 20:05:10,203 -> Session closed
2018-11-19 20:05:14,226 -> Starting session... [1.963s]
2018-11-19 20:05:16,446 -> Reading dataset... [2.220s] [18093 points]
2018-11-19 20:05:16,498 -> Lauching MaximalFinder at 20:05:16.455...
2018-11-19 20:05:16,500 -> Setting mu=4,epsilon=100.0,cores=32,timestamp=-1,dataset=berlin0-0
2018-11-19 20:05:28,196 -> A.Indexing points... [11.479s] [18093 results]
2018-11-19 20:05:36,640 -> B.Getting pairs... [8.443s] [33957 results]
2018-11-19 20:05:39,196 -> C.Computing centers... [2.556s] [67914 results]
2018-11-19 20:05:41,244 -> D.Indexing centers... [2.048s] [67914 results]
2018-11-19 20:05:48,431 -> E.Getting disks... [7.187s] [67914 results]
2018-11-19 20:05:49,912 -> F.Filtering less-than-mu disks... [1.481s] [32499 results]
2018-11-19 20:05:55,105 -> G.Prunning duplicate candidates... [5.193s] [19046 results]
2018-11-19 20:05:55,112 -> [Partitions Info]Candidates;Before indexing;200
2018-11-19 20:05:56,028 -> H.Indexing candidates... [6.115s] [19046 results]
2018-11-19 20:05:58,255 -> [Partitions Info]Candidates;After indexing;169
2018-11-19 20:05:58,255 -> I.Getting expansions... [2.227s] [113331 results]
2018-11-19 20:06:25,068 -> J.Finding maximal disks... [26.813s] [3449 results]
2018-11-19 20:06:28,543 -> K.Prunning duplicates and subsets... [3.475s] [3329 results]
2018-11-19 20:06:28,543 ->      Dataset,# Points,   Eps, Cores, Mu,   Time, # Pairs,   # Disks, # Candidates, # Maximals,  t
2018-11-19 20:06:28,543 ->    berlin0-0,   18093, 100.0,    32,  4,  71.83,   33957,     67914,        19046,       3329, -1
2018-11-19 20:06:28,606 -> Dropping indices...[0.063s]
2018-11-19 20:06:28,606 -> Finishing MaximalFinder at 20:06:28.606...
2018-11-19 20:06:28,606 -> Total time for MaximalFinder: 72.107ms...
2018-11-19 20:06:28,652 -> Closing session... [0.046s]
2018-11-19 20:06:31,495 -> Logs started
2018-11-19 20:06:33,231 -> Session started                                   |  1.73
2018-11-19 20:06:37,396 -> Points read                                       |  4.17| 18093|points
2018-11-19 20:06:38,608 -> Grid indexed                                      |  1.21| 18093|
2018-11-19 20:06:39,076 -> Grid9's extracted                                 |  0.47| 10227|
2018-11-19 20:06:41,458 -> Pairs found                                       |  2.38| 39404|pairs
2018-11-19 20:06:42,802 -> Centers found                                     |  1.34| 39404|centers

2018-11-19 20:06:42,866 -> Session closed
2018-11-19 20:06:46,674 -> Starting session... [1.753s]
2018-11-19 20:06:48,777 -> Reading dataset... [2.102s] [18093 points]
2018-11-19 20:06:48,834 -> Lauching MaximalFinder at 20:06:48.784...
2018-11-19 20:06:48,836 -> Setting mu=4,epsilon=110.0,cores=32,timestamp=-1,dataset=berlin0-0
2018-11-19 20:07:00,884 -> A.Indexing points... [11.822s] [18093 results]
2018-11-19 20:07:09,259 -> B.Getting pairs... [8.375s] [39404 results]
2018-11-19 20:07:12,131 -> C.Computing centers... [2.872s] [78808 results]
2018-11-19 20:07:14,283 -> D.Indexing centers... [2.151s] [78808 results]
2018-11-19 20:07:21,692 -> E.Getting disks... [7.409s] [78808 results]
2018-11-19 20:07:23,720 -> F.Filtering less-than-mu disks... [2.028s] [40974 results]
2018-11-19 20:07:29,091 -> G.Prunning duplicate candidates... [5.371s] [24153 results]
2018-11-19 20:07:29,097 -> [Partitions Info]Candidates;Before indexing;200
2018-11-19 20:07:30,083 -> H.Indexing candidates... [6.363s] [24153 results]
2018-11-19 20:07:31,958 -> [Partitions Info]Candidates;After indexing;210
2018-11-19 20:07:31,958 -> I.Getting expansions... [1.875s] [151386 results]
2018-11-19 20:08:08,997 -> J.Finding maximal disks... [37.039s] [4230 results]
2018-11-19 20:08:12,358 -> K.Prunning duplicates and subsets... [3.361s] [4090 results]
2018-11-19 20:08:12,358 ->      Dataset,# Points,   Eps, Cores, Mu,   Time, # Pairs,   # Disks, # Candidates, # Maximals,  t
2018-11-19 20:08:12,359 ->    berlin0-0,   18093, 110.0,    32,  4,  83.30,   39404,     78808,        24153,       4090, -1
2018-11-19 20:08:12,428 -> Dropping indices...[0.069s]
2018-11-19 20:08:12,428 -> Finishing MaximalFinder at 20:08:12.428...
2018-11-19 20:08:12,428 -> Total time for MaximalFinder: 83.593ms...
2018-11-19 20:08:12,473 -> Closing session... [0.045s]
2018-11-19 20:08:15,224 -> Logs started
2018-11-19 20:08:16,873 -> Session started                                   |  1.65
2018-11-19 20:08:20,466 -> Points read                                       |  3.59| 18093|points
2018-11-19 20:08:21,597 -> Grid indexed                                      |  1.13| 18093|
2018-11-19 20:08:22,312 -> Grid9's extracted                                 |  0.72|  9667|
2018-11-19 20:08:24,808 -> Pairs found                                       |  2.50| 45221|pairs
2018-11-19 20:08:25,034 -> Centers found                                     |  0.23| 45221|centers

2018-11-19 20:08:25,094 -> Session closed
2018-11-19 20:08:28,818 -> Starting session... [1.683s]
2018-11-19 20:08:30,949 -> Reading dataset... [2.130s] [18093 points]
2018-11-19 20:08:31,001 -> Lauching MaximalFinder at 20:08:30.957...
2018-11-19 20:08:31,003 -> Setting mu=4,epsilon=120.0,cores=32,timestamp=-1,dataset=berlin0-0
2018-11-19 20:08:42,831 -> A.Indexing points... [11.637s] [18093 results]
2018-11-19 20:08:51,521 -> B.Getting pairs... [8.690s] [45221 results]
2018-11-19 20:08:54,361 -> C.Computing centers... [2.840s] [90442 results]
2018-11-19 20:08:56,433 -> D.Indexing centers... [2.072s] [90442 results]
2018-11-19 20:09:04,388 -> E.Getting disks... [7.955s] [90442 results]
2018-11-19 20:09:06,964 -> F.Filtering less-than-mu disks... [2.576s] [50449 results]
2018-11-19 20:09:13,075 -> G.Prunning duplicate candidates... [6.111s] [29989 results]
2018-11-19 20:09:13,085 -> [Partitions Info]Candidates;Before indexing;200
2018-11-19 20:09:14,155 -> H.Indexing candidates... [7.191s] [29989 results]
2018-11-19 20:09:16,599 -> [Partitions Info]Candidates;After indexing;256
2018-11-19 20:09:16,599 -> I.Getting expansions... [2.444s] [205722 results]
2018-11-19 20:10:24,173 -> J.Finding maximal disks... [67.574s] [5014 results]
2018-11-19 20:10:27,986 -> K.Prunning duplicates and subsets... [3.813s] [4830 results]
2018-11-19 20:10:27,986 ->      Dataset,# Points,   Eps, Cores, Mu,   Time, # Pairs,   # Disks, # Candidates, # Maximals,  t
2018-11-19 20:10:27,987 ->    berlin0-0,   18093, 120.0,    32,  4, 116.79,   45221,     90442,        29989,       4830, -1
2018-11-19 20:10:28,059 -> Dropping indices...[0.072s]
2018-11-19 20:10:28,060 -> Finishing MaximalFinder at 20:10:28.059...
2018-11-19 20:10:28,060 -> Total time for MaximalFinder: 117.057ms...
2018-11-19 20:10:28,100 -> Closing session... [0.040s]
